<?xml version="1.0" encoding="utf-8"?>
<test-run id="2" testcasecount="58" result="Passed" total="58" passed="58" failed="0" inconclusive="0" skipped="0" asserts="0" engine-version="3.5.0.0" clr-version="4.0.30319.42000" start-time="2026-09-10 10:51:57Z" end-time="2026-09-10 10:51:59Z" duration="2.0294454">
  <test-suite type="TestSuite" id="1000" name="El-Emental" fullname="El-Emental" runstate="Runnable" testcasecount="1649" result="Passed" start-time="2026-09-10 10:51:57Z" end-time="2026-09-10 10:51:59Z" duration="2.029445" total="58" passed="58" failed="0" inconclusive="0" skipped="0" asserts="0">
    <properties>
      <property name="platform" value="EditMode" />
    </properties>
    <test-suite type="Assembly" id="3092" name="Elemental.Tests.EditMode.dll" fullname="C:/Users/nirrt/OneDrive/Документы/ChatGPT/El Ements/El-Emental/Library/ScriptAssemblies/Elemental.Tests.EditMode.dll" runstate="Runnable" testcasecount="1603" result="Passed" start-time="2026-09-10 10:51:57Z" end-time="2026-09-10 10:51:59Z" duration="1.929034" total="58" passed="58" failed="0" inconclusive="0" skipped="0" asserts="0">
      <properties>
        <property name="_PID" value="34284" />
        <property name="_APPDOMAIN" value="Unity Child Domain" />
        <property name="platform" value="EditMode" />
        <property name="EditorOnly" value="True" />
      </properties>
      <test-suite type="TestSuite" id="3093" name="Elemental" fullname="Elemental" runstate="Runnable" testcasecount="1597" result="Passed" start-time="2026-09-10 10:51:57Z" end-time="2026-09-10 10:51:59Z" duration="1.836778" total="58" passed="58" failed="0" inconclusive="0" skipped="0" asserts="0">
        <properties />
        <test-suite type="TestSuite" id="3094" name="Tests" fullname="Elemental.Tests" runstate="Runnable" testcasecount="1597" result="Passed" start-time="2026-09-10 10:51:57Z" end-time="2026-09-10 10:51:59Z" duration="1.737386" total="58" passed="58" failed="0" inconclusive="0" skipped="0" asserts="0">
          <properties />
          <test-suite type="TestSuite" id="3095" name="EditMode" fullname="Elemental.Tests.EditMode" runstate="Runnable" testcasecount="1597" result="Passed" start-time="2026-09-10 10:51:57Z" end-time="2026-09-10 10:51:59Z" duration="1.637634" total="58" passed="58" failed="0" inconclusive="0" skipped="0" asserts="0">
            <properties />
            <test-suite type="TestFixture" id="2446" name="FireChargedBoltProfileTests" fullname="Elemental.Tests.EditMode.FireChargedBoltProfileTests" classname="Elemental.Tests.EditMode.FireChargedBoltProfileTests" runstate="Runnable" testcasecount="6" result="Passed" start-time="2026-09-10 10:51:58Z" end-time="2026-09-10 10:51:58Z" duration="0.170287" total="6" passed="6" failed="0" inconclusive="0" skipped="0" asserts="0">
              <properties />
              <test-case id="2451" name="FineDetailAndCoolingFitExistingFortyEightParticleSeat" fullname="Elemental.Tests.EditMode.FireChargedBoltProfileTests.FineDetailAndCoolingFitExistingFortyEightParticleSeat" methodname="FineDetailAndCoolingFitExistingFortyEightParticleSeat" classname="Elemental.Tests.EditMode.FireChargedBoltProfileTests" runstate="Runnable" seed="193433698" result="Passed" start-time="2026-09-10 10:51:58Z" end-time="2026-09-10 10:51:58Z" duration="0.020984" asserts="0">
                <properties>
                  <property name="retryIteration" value="0" />
                  <property name="repeatIteration" value="0" />
                </properties>
              </test-case>
              <test-case id="2447" name="FullHoldBuildsMuchLargerMassWithoutUnboundedHitRadius" fullname="Elemental.Tests.EditMode.FireChargedBoltProfileTests.FullHoldBuildsMuchLargerMassWithoutUnboundedHitRadius" methodname="FullHoldBuildsMuchLargerMassWithoutUnboundedHitRadius" classname="Elemental.Tests.EditMode.FireChargedBoltProfileTests" runstate="Runnable" seed="2118488826" result="Passed" start-time="2026-09-10 10:51:58Z" end-time="2026-09-10 10:51:58Z" duration="0.009230" asserts="0">
                <properties>
                  <property name="retryIteration" value="0" />
                  <property name="repeatIteration" value="0" />
                </properties>
              </test-case>
              <test-case id="2449" name="GrowthIsMonotonicAndSaturatesWhileHeld" fullname="Elemental.Tests.EditMode.FireChargedBoltProfileTests.GrowthIsMonotonicAndSaturatesWhileHeld" methodname="GrowthIsMonotonicAndSaturatesWhileHeld" classname="Elemental.Tests.EditMode.FireChargedBoltProfileTests" runstate="Runnable" seed="12127705" result="Passed" start-time="2026-09-10 10:51:58Z" end-time="2026-09-10 10:51:58Z" duration="0.001544" asserts="0">
                <properties>
                  <property name="retryIteration" value="0" />
                  <property name="repeatIteration" value="0" />
                </properties>
              </test-case>
              <test-case id="2452" name="InvalidInputsCannotPoisonHotSimulation" fullname="Elemental.Tests.EditMode.FireChargedBoltProfileTests.InvalidInputsCannotPoisonHotSimulation" methodname="InvalidInputsCannotPoisonHotSimulation" classname="Elemental.Tests.EditMode.FireChargedBoltProfileTests" runstate="Runnable" seed="159582185" result="Passed" start-time="2026-09-10 10:51:58Z" end-time="2026-09-10 10:51:58Z" duration="0.004765" asserts="0">
                <properties>
                  <property name="retryIteration" value="0" />
                  <property name="repeatIteration" value="0" />
                </properties>
              </test-case>
              <test-case id="2448" name="QuickTapPreservesSmallFastResponse" fullname="Elemental.Tests.EditMode.FireChargedBoltProfileTests.QuickTapPreservesSmallFastResponse" methodname="QuickTapPreservesSmallFastResponse" classname="Elemental.Tests.EditMode.FireChargedBoltProfileTests" runstate="Runnable" seed="1671669325" result="Passed" start-time="2026-09-10 10:51:58Z" end-time="2026-09-10 10:51:58Z" duration="0.001231" asserts="0">
                <properties>
                  <property name="retryIteration" value="0" />
                  <property name="repeatIteration" value="0" />
                </properties>
              </test-case>
              <test-case id="2450" name="ReleasedPowerRetainsHeldVisualEnvelopeAtEveryCharge" fullname="Elemental.Tests.EditMode.FireChargedBoltProfileTests.ReleasedPowerRetainsHeldVisualEnvelopeAtEveryCharge" methodname="ReleasedPowerRetainsHeldVisualEnvelopeAtEveryCharge" classname="Elemental.Tests.EditMode.FireChargedBoltProfileTests" runstate="Runnable" seed="767364618" result="Passed" start-time="2026-09-10 10:51:58Z" end-time="2026-09-10 10:51:58Z" duration="0.000986" asserts="0">
                <properties>
                  <property name="retryIteration" value="0" />
                  <property name="repeatIteration" value="0" />
                </properties>
              </test-case>
            </test-suite>
            <test-suite type="TestFixture" id="2465" name="FireFlowParticleSolverTests" fullname="Elemental.Tests.EditMode.FireFlowParticleSolverTests" classname="Elemental.Tests.EditMode.FireFlowParticleSolverTests" runstate="Runnable" testcasecount="32" result="Passed" start-time="2026-09-10 10:51:58Z" end-time="2026-09-10 10:51:59Z" duration="0.563213" total="32" passed="32" failed="0" inconclusive="0" skipped="0" asserts="0">
              <properties />
              <test-case id="2484" name="ActualTransportHitsHeadOnPlaneAndFansOutWithoutCrossing" fullname="Elemental.Tests.EditMode.FireFlowParticleSolverTests.ActualTransportHitsHeadOnPlaneAndFansOutWithoutCrossing" methodname="ActualTransportHitsHeadOnPlaneAndFansOutWithoutCrossing" classname="Elemental.Tests.EditMode.FireFlowParticleSolverTests" runstate="Runnable" seed="1328116861" result="Passed" start-time="2026-09-10 10:51:58Z" end-time="2026-09-10 10:51:58Z" duration="0.052360" asserts="0">
                <properties>
                  <property name="retryIteration" value="0" />
                  <property name="repeatIteration" value="0" />
                </properties>
              </test-case>
              <test-case id="2492" name="CompactHotFlameLeavesBoundedTransportedCoolingSmokeAfterRelease" fullname="Elemental.Tests.EditMode.FireFlowParticleSolverTests.CompactHotFlameLeavesBoundedTransportedCoolingSmokeAfterRelease" methodname="CompactHotFlameLeavesBoundedTransportedCoolingSmokeAfterRelease" classname="Elemental.Tests.EditMode.FireFlowParticleSolverTests" runstate="Runnable" seed="1163364117" result="Passed" start-time="2026-09-10 10:51:58Z" end-time="2026-09-10 10:51:58Z" duration="0.008133" asserts="0">
                <properties>
                  <property name="retryIteration" value="0" />
                  <property name="repeatIteration" value="0" />
                </properties>
              </test-case>
              <test-case id="2491" name="CompactSurfaceFireReallyDeflectsAndDrainsWithinItsShortLifetime" fullname="Elemental.Tests.EditMode.FireFlowParticleSolverTests.CompactSurfaceFireReallyDeflectsAndDrainsWithinItsShortLifetime" methodname="CompactSurfaceFireReallyDeflectsAndDrainsWithinItsShortLifetime" classname="Elemental.Tests.EditMode.FireFlowParticleSolverTests" runstate="Runnable" seed="1411917725" result="Passed" start-time="2026-09-10 10:51:58Z" end-time="2026-09-10 10:51:58Z" duration="0.016488" asserts="0">
                <properties>
                  <property name="retryIteration" value="0" />
                  <property name="repeatIteration" value="0" />
                </properties>
              </test-case>
              <test-case id="2489" name="CoolTorchInjectionStartsInTransportedCoolingState" fullname="Elemental.Tests.EditMode.FireFlowParticleSolverTests.CoolTorchInjectionStartsInTransportedCoolingState" methodname="CoolTorchInjectionStartsInTransportedCoolingState" classname="Elemental.Tests.EditMode.FireFlowParticleSolverTests" runstate="Runnable" seed="478758564" result="Passed" start-time="2026-09-10 10:51:58Z" end-time="2026-09-10 10:51:58Z" duration="0.001310" asserts="0">
                <properties>
                  <property name="retryIteration" value="0" />
                  <property name="repeatIteration" value="0" />
                </properties>
              </test-case>
              <test-case id="2486" name="CornerKeepsAllCentersOutsideBothWallsAndBounded" fullname="Elemental.Tests.EditMode.FireFlowParticleSolverTests.CornerKeepsAllCentersOutsideBothWallsAndBounded" methodname="CornerKeepsAllCentersOutsideBothWallsAndBounded" classname="Elemental.Tests.EditMode.FireFlowParticleSolverTests" runstate="Runnable" seed="583910710" result="Passed" start-time="2026-09-10 10:51:58Z" end-time="2026-09-10 10:51:58Z" duration="0.089186" asserts="0">
                <properties>
                  <property name="retryIteration" value="0" />
                  <property name="repeatIteration" value="0" />
                </properties>
              </test-case>
              <test-case id="2481" name="DefaultWorldOriginContactCannotTeleportDistantGas" fullname="Elemental.Tests.EditMode.FireFlowParticleSolverTests.DefaultWorldOriginContactCannotTeleportDistantGas" methodname="DefaultWorldOriginContactCannotTeleportDistantGas" classname="Elemental.Tests.EditMode.FireFlowParticleSolverTests" runstate="Runnable" seed="1338346640" result="Passed" start-time="2026-09-10 10:51:58Z" end-time="2026-09-10 10:51:58Z" duration="0.001029" asserts="0">
                <properties>
                  <property name="retryIteration" value="0" />
                  <property name="repeatIteration" value="0" />
                </properties>
              </test-case>
              <test-case id="2488" name="DenseHandModeAbilityPresetsKeepExplicitCapacityAndSweepBudget" fullname="Elemental.Tests.EditMode.FireFlowParticleSolverTests.DenseHandModeAbilityPresetsKeepExplicitCapacityAndSweepBudget" methodname="DenseHandModeAbilityPresetsKeepExplicitCapacityAndSweepBudget" classname="Elemental.Tests.EditMode.FireFlowParticleSolverTests" runstate="Runnable" seed="964139706" result="Passed" start-time="2026-09-10 10:51:58Z" end-time="2026-09-10 10:51:58Z" duration="0.012053" asserts="0">
                <properties>
                  <property name="retryIteration" value="0" />
                  <property name="repeatIteration" value="0" />
                </properties>
              </test-case>
              <test-case id="2478" name="DownJetOvercomesUpwardOwnerMotionAndStillRespectsContactPlane" fullname="Elemental.Tests.EditMode.FireFlowParticleSolverTests.DownJetOvercomesUpwardOwnerMotionAndStillRespectsContactPlane" methodname="DownJetOvercomesUpwardOwnerMotionAndStillRespectsContactPlane" classname="Elemental.Tests.EditMode.FireFlowParticleSolverTests" runstate="Runnable" seed="1455495400" result="Passed" start-time="2026-09-10 10:51:58Z" end-time="2026-09-10 10:51:58Z" duration="0.006814" asserts="0">
                <properties>
                  <property name="retryIteration" value="0" />
                  <property name="repeatIteration" value="0" />
                </properties>
              </test-case>
              <test-case id="2473" name="EmitterTrajectoryCannotStampBirthsAcrossWall" fullname="Elemental.Tests.EditMode.FireFlowParticleSolverTests.EmitterTrajectoryCannotStampBirthsAcrossWall" methodname="EmitterTrajectoryCannotStampBirthsAcrossWall" classname="Elemental.Tests.EditMode.FireFlowParticleSolverTests" runstate="Runnable" seed="849945742" result="Passed" start-time="2026-09-10 10:51:58Z" end-time="2026-09-10 10:51:58Z" duration="0.001125" asserts="0">
                <properties>
                  <property name="retryIteration" value="0" />
                  <property name="repeatIteration" value="0" />
                </properties>
              </test-case>
              <test-case id="2466" name="FiveGuidedSourcesCoverGreatCircleWithoutAngularHoles" fullname="Elemental.Tests.EditMode.FireFlowParticleSolverTests.FiveGuidedSourcesCoverGreatCircleWithoutAngularHoles" methodname="FiveGuidedSourcesCoverGreatCircleWithoutAngularHoles" classname="Elemental.Tests.EditMode.FireFlowParticleSolverTests" runstate="Runnable" seed="98936454" result="Passed" start-time="2026-09-10 10:51:58Z" end-time="2026-09-10 10:51:58Z" duration="0.024576" asserts="0">
                <properties>
                  <property name="retryIteration" value="0" />
                  <property name="repeatIteration" value="0" />
                </properties>
              </test-case>
              <test-case id="2474" name="FootContactKeepsOneBoundedHotSurfacePhaseAndThenCools" fullname="Elemental.Tests.EditMode.FireFlowParticleSolverTests.FootContactKeepsOneBoundedHotSurfacePhaseAndThenCools" methodname="FootContactKeepsOneBoundedHotSurfacePhaseAndThenCools" classname="Elemental.Tests.EditMode.FireFlowParticleSolverTests" runstate="Runnable" seed="1993141808" result="Passed" start-time="2026-09-10 10:51:58Z" end-time="2026-09-10 10:51:58Z" duration="0.020828" asserts="0">
                <properties>
                  <property name="retryIteration" value="0" />
                  <property name="repeatIteration" value="0" />
                </properties>
              </test-case>
              <test-case id="2482" name="HeadOnMomentumSpreadsAlongWallWithoutEnergyAmplification" fullname="Elemental.Tests.EditMode.FireFlowParticleSolverTests.HeadOnMomentumSpreadsAlongWallWithoutEnergyAmplification" methodname="HeadOnMomentumSpreadsAlongWallWithoutEnergyAmplification" classname="Elemental.Tests.EditMode.FireFlowParticleSolverTests" runstate="Runnable" seed="505243749" result="Passed" start-time="2026-09-10 10:51:58Z" end-time="2026-09-10 10:51:58Z" duration="0.000797" asserts="0">
                <properties>
                  <property name="retryIteration" value="0" />
                  <property name="repeatIteration" value="0" />
                </properties>
              </test-case>
              <test-case id="2477" name="InjectionInheritsMotionWithoutMovingExistingParcelsOrChangingDefaultBudget" fullname="Elemental.Tests.EditMode.FireFlowParticleSolverTests.InjectionInheritsMotionWithoutMovingExistingParcelsOrChangingDefaultBudget" methodname="InjectionInheritsMotionWithoutMovingExistingParcelsOrChangingDefaultBudget" classname="Elemental.Tests.EditMode.FireFlowParticleSolverTests" runstate="Runnable" seed="266303842" result="Passed" start-time="2026-09-10 10:51:58Z" end-time="2026-09-10 10:51:58Z" duration="0.001446" asserts="0">
                <properties>
                  <property name="retryIteration" value="0" />
                  <property name="repeatIteration" value="0" />
                </properties>
              </test-case>
              <test-case id="2487" name="InsideSolidOrSaturatedQueryRetiresGasWithoutUnqueriedMotion" fullname="Elemental.Tests.EditMode.FireFlowParticleSolverTests.InsideSolidOrSaturatedQueryRetiresGasWithoutUnqueriedMotion" methodname="InsideSolidOrSaturatedQueryRetiresGasWithoutUnqueriedMotion" classname="Elemental.Tests.EditMode.FireFlowParticleSolverTests" runstate="Runnable" seed="394776179" result="Passed" start-time="2026-09-10 10:51:58Z" end-time="2026-09-10 10:51:58Z" duration="0.000598" asserts="0">
                <properties>
                  <property name="retryIteration" value="0" />
                  <property name="repeatIteration" value="0" />
                </properties>
              </test-case>
              <test-case id="2472" name="MovingEmitterHasComparableContinuousTrailAt15And120Frames" fullname="Elemental.Tests.EditMode.FireFlowParticleSolverTests.MovingEmitterHasComparableContinuousTrailAt15And120Frames" methodname="MovingEmitterHasComparableContinuousTrailAt15And120Frames" classname="Elemental.Tests.EditMode.FireFlowParticleSolverTests" runstate="Runnable" seed="32431865" result="Passed" start-time="2026-09-10 10:51:58Z" end-time="2026-09-10 10:51:58Z" duration="0.010906" asserts="0">
                <properties>
                  <property name="retryIteration" value="0" />
                  <property name="repeatIteration" value="0" />
                </properties>
              </test-case>
              <test-case id="2476" name="MovingTailUsesReducedRadiusInActualQueries" fullname="Elemental.Tests.EditMode.FireFlowParticleSolverTests.MovingTailUsesReducedRadiusInActualQueries" methodname="MovingTailUsesReducedRadiusInActualQueries" classname="Elemental.Tests.EditMode.FireFlowParticleSolverTests" runstate="Runnable" seed="1360689254" result="Passed" start-time="2026-09-10 10:51:58Z" end-time="2026-09-10 10:51:58Z" duration="0.001500" asserts="0">
                <properties>
                  <property name="retryIteration" value="0" />
                  <property name="repeatIteration" value="0" />
                </properties>
              </test-case>
              <test-case id="2483" name="ObliqueImpactKeepsTangentialDirectionAndMovingWallVelocity" fullname="Elemental.Tests.EditMode.FireFlowParticleSolverTests.ObliqueImpactKeepsTangentialDirectionAndMovingWallVelocity" methodname="ObliqueImpactKeepsTangentialDirectionAndMovingWallVelocity" classname="Elemental.Tests.EditMode.FireFlowParticleSolverTests" runstate="Runnable" seed="1128175485" result="Passed" start-time="2026-09-10 10:51:58Z" end-time="2026-09-10 10:51:58Z" duration="0.001217" asserts="0">
                <properties>
                  <property name="retryIteration" value="0" />
                  <property name="repeatIteration" value="0" />
                </properties>
              </test-case>
              <test-case id="2485" name="OldParticlesKeepMomentumWhenAimTurnsAndReleaseDrains" fullname="Elemental.Tests.EditMode.FireFlowParticleSolverTests.OldParticlesKeepMomentumWhenAimTurnsAndReleaseDrains" methodname="OldParticlesKeepMomentumWhenAimTurnsAndReleaseDrains" classname="Elemental.Tests.EditMode.FireFlowParticleSolverTests" runstate="Runnable" seed="15864148" result="Passed" start-time="2026-09-10 10:51:58Z" end-time="2026-09-10 10:51:58Z" duration="0.006259" asserts="0">
                <properties>
                  <property name="retryIteration" value="0" />
                  <property name="repeatIteration" value="0" />
                </properties>
              </test-case>
              <test-case id="2467" name="OrbitalGuidePreservesCircleAndStopsSteeringAfterContact" fullname="Elemental.Tests.EditMode.FireFlowParticleSolverTests.OrbitalGuidePreservesCircleAndStopsSteeringAfterContact" methodname="OrbitalGuidePreservesCircleAndStopsSteeringAfterContact" classname="Elemental.Tests.EditMode.FireFlowParticleSolverTests" runstate="Runnable" seed="261734427" result="Passed" start-time="2026-09-10 10:51:58Z" end-time="2026-09-10 10:51:58Z" duration="0.007245" asserts="0">
                <properties>
                  <property name="retryIteration" value="0" />
                  <property name="repeatIteration" value="0" />
                </properties>
              </test-case>
              <test-case id="2468" name="OrbitalGuideStillHonorsSolidWallAndQueryBudget" fullname="Elemental.Tests.EditMode.FireFlowParticleSolverTests.OrbitalGuideStillHonorsSolidWallAndQueryBudget" methodname="OrbitalGuideStillHonorsSolidWallAndQueryBudget" classname="Elemental.Tests.EditMode.FireFlowParticleSolverTests" runstate="Runnable" seed="2069253337" result="Passed" start-time="2026-09-10 10:51:58Z" end-time="2026-09-10 10:51:58Z" duration="0.006797" asserts="0">
                <properties>
                  <property name="retryIteration" value="0" />
                  <property name="repeatIteration" value="0" />
                </properties>
              </test-case>
              <test-case id="2470" name="OrbitalSourceAndTowerPresetsKeepThirtyTwoCapacityWithCooling" fullname="Elemental.Tests.EditMode.FireFlowParticleSolverTests.OrbitalSourceAndTowerPresetsKeepThirtyTwoCapacityWithCooling" methodname="OrbitalSourceAndTowerPresetsKeepThirtyTwoCapacityWithCooling" classname="Elemental.Tests.EditMode.FireFlowParticleSolverTests" runstate="Runnable" seed="376173081" result="Passed" start-time="2026-09-10 10:51:58Z" end-time="2026-09-10 10:51:58Z" duration="0.036826" asserts="0">
                <properties>
                  <property name="retryIteration" value="0" />
                  <property name="repeatIteration" value="0" />
                </properties>
              </test-case>
              <test-case id="2471" name="RingAndPillarLifecyclesLeaveRoomForTransportedSmoke" fullname="Elemental.Tests.EditMode.FireFlowParticleSolverTests.RingAndPillarLifecyclesLeaveRoomForTransportedSmoke" methodname="RingAndPillarLifecyclesLeaveRoomForTransportedSmoke" classname="Elemental.Tests.EditMode.FireFlowParticleSolverTests" runstate="Runnable" seed="1745490079" result="Passed" start-time="2026-09-10 10:51:58Z" end-time="2026-09-10 10:51:59Z" duration="0.029483" asserts="0">
                <properties>
                  <property name="retryIteration" value="0" />
                  <property name="repeatIteration" value="0" />
                </properties>
              </test-case>
              <test-case id="2496" name="RingCirculationTurnsVelocityWithoutTeleportingOrAmplifyingSpeed" fullname="Elemental.Tests.EditMode.FireFlowParticleSolverTests.RingCirculationTurnsVelocityWithoutTeleportingOrAmplifyingSpeed" methodname="RingCirculationTurnsVelocityWithoutTeleportingOrAmplifyingSpeed" classname="Elemental.Tests.EditMode.FireFlowParticleSolverTests" runstate="Runnable" seed="1160823975" result="Passed" start-time="2026-09-10 10:51:59Z" end-time="2026-09-10 10:51:59Z" duration="0.001295" asserts="0">
                <properties>
                  <property name="retryIteration" value="0" />
                  <property name="repeatIteration" value="0" />
                </properties>
              </test-case>
              <test-case id="2493" name="RingRateReducesSweepsWithoutSkippingElapsedTimeOrCornerContact" fullname="Elemental.Tests.EditMode.FireFlowParticleSolverTests.RingRateReducesSweepsWithoutSkippingElapsedTimeOrCornerContact" methodname="RingRateReducesSweepsWithoutSkippingElapsedTimeOrCornerContact" classname="Elemental.Tests.EditMode.FireFlowParticleSolverTests" runstate="Runnable" seed="1054242330" result="Passed" start-time="2026-09-10 10:51:59Z" end-time="2026-09-10 10:51:59Z" duration="0.019542" asserts="0">
                <properties>
                  <property name="retryIteration" value="0" />
                  <property name="repeatIteration" value="0" />
                </properties>
              </test-case>
              <test-case id="2497" name="ShortImpactFlashEndsHotEmissionThenKeepsExpandingSweptSmoke" fullname="Elemental.Tests.EditMode.FireFlowParticleSolverTests.ShortImpactFlashEndsHotEmissionThenKeepsExpandingSweptSmoke" methodname="ShortImpactFlashEndsHotEmissionThenKeepsExpandingSweptSmoke" classname="Elemental.Tests.EditMode.FireFlowParticleSolverTests" runstate="Runnable" seed="446768196" result="Passed" start-time="2026-09-10 10:51:59Z" end-time="2026-09-10 10:51:59Z" duration="0.002142" asserts="0">
                <properties>
                  <property name="retryIteration" value="0" />
                  <property name="repeatIteration" value="0" />
                </properties>
              </test-case>
              <test-case id="2490" name="ShortJetStaggersSweptBirthsAndDevelopsBodyWithoutExtraCapacity" fullname="Elemental.Tests.EditMode.FireFlowParticleSolverTests.ShortJetStaggersSweptBirthsAndDevelopsBodyWithoutExtraCapacity" methodname="ShortJetStaggersSweptBirthsAndDevelopsBodyWithoutExtraCapacity" classname="Elemental.Tests.EditMode.FireFlowParticleSolverTests" runstate="Runnable" seed="1045401316" result="Passed" start-time="2026-09-10 10:51:59Z" end-time="2026-09-10 10:51:59Z" duration="0.026313" asserts="0">
                <properties>
                  <property name="retryIteration" value="0" />
                  <property name="repeatIteration" value="0" />
                </properties>
              </test-case>
              <test-case id="2495" name="SlowerBoltGasLeavesHotTrailThenCoolingSmokeBehindProjectile" fullname="Elemental.Tests.EditMode.FireFlowParticleSolverTests.SlowerBoltGasLeavesHotTrailThenCoolingSmokeBehindProjectile" methodname="SlowerBoltGasLeavesHotTrailThenCoolingSmokeBehindProjectile" classname="Elemental.Tests.EditMode.FireFlowParticleSolverTests" runstate="Runnable" seed="1052996055" result="Passed" start-time="2026-09-10 10:51:59Z" end-time="2026-09-10 10:51:59Z" duration="0.003090" asserts="0">
                <properties>
                  <property name="retryIteration" value="0" />
                  <property name="repeatIteration" value="0" />
                </properties>
              </test-case>
              <test-case id="2475" name="TailRadiusKeepsMiddleAndDissipatesMonotonically" fullname="Elemental.Tests.EditMode.FireFlowParticleSolverTests.TailRadiusKeepsMiddleAndDissipatesMonotonically" methodname="TailRadiusKeepsMiddleAndDissipatesMonotonically" classname="Elemental.Tests.EditMode.FireFlowParticleSolverTests" runstate="Runnable" seed="1210902542" result="Passed" start-time="2026-09-10 10:51:59Z" end-time="2026-09-10 10:51:59Z" duration="0.000775" asserts="0">
                <properties>
                  <property name="retryIteration" value="0" />
                  <property name="repeatIteration" value="0" />
                </properties>
              </test-case>
              <test-case id="2479" name="TransportedHeatCoolsIntoSootBeforeRetirementAndRemainsBounded" fullname="Elemental.Tests.EditMode.FireFlowParticleSolverTests.TransportedHeatCoolsIntoSootBeforeRetirementAndRemainsBounded" methodname="TransportedHeatCoolsIntoSootBeforeRetirementAndRemainsBounded" classname="Elemental.Tests.EditMode.FireFlowParticleSolverTests" runstate="Runnable" seed="1806991588" result="Passed" start-time="2026-09-10 10:51:59Z" end-time="2026-09-10 10:51:59Z" duration="0.001537" asserts="0">
                <properties>
                  <property name="retryIteration" value="0" />
                  <property name="repeatIteration" value="0" />
                </properties>
              </test-case>
              <test-case id="2494" name="UniformSectorBirthsCoverRibbonWithoutUnqueriedWallCrossing" fullname="Elemental.Tests.EditMode.FireFlowParticleSolverTests.UniformSectorBirthsCoverRibbonWithoutUnqueriedWallCrossing" methodname="UniformSectorBirthsCoverRibbonWithoutUnqueriedWallCrossing" classname="Elemental.Tests.EditMode.FireFlowParticleSolverTests" runstate="Runnable" seed="1743691820" result="Passed" start-time="2026-09-10 10:51:59Z" end-time="2026-09-10 10:51:59Z" duration="0.010733" asserts="0">
                <properties>
                  <property name="retryIteration" value="0" />
                  <property name="repeatIteration" value="0" />
                </properties>
              </test-case>
              <test-case id="2469" name="VariableHandPowerChangesWidthVelocityAndRangeWithoutIncreasingCapacityOrBirthRate" fullname="Elemental.Tests.EditMode.FireFlowParticleSolverTests.VariableHandPowerChangesWidthVelocityAndRangeWithoutIncreasingCapacityOrBirthRate" methodname="VariableHandPowerChangesWidthVelocityAndRangeWithoutIncreasingCapacityOrBirthRate" classname="Elemental.Tests.EditMode.FireFlowParticleSolverTests" runstate="Runnable" seed="1352879586" result="Passed" start-time="2026-09-10 10:51:59Z" end-time="2026-09-10 10:51:59Z" duration="0.001176" asserts="0">
                <properties>
                  <property name="retryIteration" value="0" />
                  <property name="repeatIteration" value="0" />
                </properties>
              </test-case>
              <test-case id="2480" name="WallFlowRetainsSmallTonguesAndLargerBodyScales" fullname="Elemental.Tests.EditMode.FireFlowParticleSolverTests.WallFlowRetainsSmallTonguesAndLargerBodyScales" methodname="WallFlowRetainsSmallTonguesAndLargerBodyScales" classname="Elemental.Tests.EditMode.FireFlowParticleSolverTests" runstate="Runnable" seed="1946229152" result="Passed" start-time="2026-09-10 10:51:59Z" end-time="2026-09-10 10:51:59Z" duration="0.016867" asserts="0">
                <properties>
                  <property name="retryIteration" value="0" />
                  <property name="repeatIteration" value="0" />
                </properties>
              </test-case>
            </test-suite>
            <test-suite type="TestFixture" id="2511" name="FireLowFlightMotionTests" fullname="Elemental.Tests.EditMode.FireLowFlightMotionTests" classname="Elemental.Tests.EditMode.FireLowFlightMotionTests" runstate="Runnable" testcasecount="4" result="Passed" start-time="2026-09-10 10:51:59Z" end-time="2026-09-10 10:51:59Z" duration="0.032968" total="4" passed="4" failed="0" inconclusive="0" skipped="0" asserts="0">
              <properties />
              <test-case id="2515" name="LostSupportAndNonFiniteSamplesNeverGenerateThrust" fullname="Elemental.Tests.EditMode.FireLowFlightMotionTests.LostSupportAndNonFiniteSamplesNeverGenerateThrust" methodname="LostSupportAndNonFiniteSamplesNeverGenerateThrust" classname="Elemental.Tests.EditMode.FireLowFlightMotionTests" runstate="Runnable" seed="1107265263" result="Passed" start-time="2026-09-10 10:51:59Z" end-time="2026-09-10 10:51:59Z" duration="0.005481" asserts="0">
                <properties>
                  <property name="retryIteration" value="0" />
                  <property name="repeatIteration" value="0" />
                </properties>
              </test-case>
              <test-case id="2513" name="ServoConvergesWithoutTeleportingAndIgnoresWorldAxis" fullname="Elemental.Tests.EditMode.FireLowFlightMotionTests.ServoConvergesWithoutTeleportingAndIgnoresWorldAxis" methodname="ServoConvergesWithoutTeleportingAndIgnoresWorldAxis" classname="Elemental.Tests.EditMode.FireLowFlightMotionTests" runstate="Runnable" seed="2084976523" result="Passed" start-time="2026-09-10 10:51:59Z" end-time="2026-09-10 10:51:59Z" duration="0.003740" asserts="0">
                <properties>
                  <property name="retryIteration" value="0" />
                  <property name="repeatIteration" value="0" />
                </properties>
              </test-case>
              <test-case id="2512" name="SurfChordYieldsToAllFireCastingAndSpace" fullname="Elemental.Tests.EditMode.FireLowFlightMotionTests.SurfChordYieldsToAllFireCastingAndSpace" methodname="SurfChordYieldsToAllFireCastingAndSpace" classname="Elemental.Tests.EditMode.FireLowFlightMotionTests" runstate="Runnable" seed="669829556" result="Passed" start-time="2026-09-10 10:51:59Z" end-time="2026-09-10 10:51:59Z" duration="0.000888" asserts="0">
                <properties>
                  <property name="retryIteration" value="0" />
                  <property name="repeatIteration" value="0" />
                </properties>
              </test-case>
              <test-case id="2514" name="SweptClearanceStopsFullSpeedBeforeWallAndCeiling" fullname="Elemental.Tests.EditMode.FireLowFlightMotionTests.SweptClearanceStopsFullSpeedBeforeWallAndCeiling" methodname="SweptClearanceStopsFullSpeedBeforeWallAndCeiling" classname="Elemental.Tests.EditMode.FireLowFlightMotionTests" runstate="Runnable" seed="1306874132" result="Passed" start-time="2026-09-10 10:51:59Z" end-time="2026-09-10 10:51:59Z" duration="0.001004" asserts="0">
                <properties>
                  <property name="retryIteration" value="0" />
                  <property name="repeatIteration" value="0" />
                </properties>
              </test-case>
            </test-suite>
            <test-suite type="TestFixture" id="2516" name="FireRingRibbonTests" fullname="Elemental.Tests.EditMode.FireRingRibbonTests" classname="Elemental.Tests.EditMode.FireRingRibbonTests" runstate="Runnable" testcasecount="2" result="Passed" start-time="2026-09-10 10:51:59Z" end-time="2026-09-10 10:51:59Z" duration="0.098144" total="2" passed="2" failed="0" inconclusive="0" skipped="0" asserts="0">
              <properties />
              <test-case id="2518" name="FineSphereAndLongBoltRemainWithinExistingGasSeats" fullname="Elemental.Tests.EditMode.FireRingRibbonTests.FineSphereAndLongBoltRemainWithinExistingGasSeats" methodname="FineSphereAndLongBoltRemainWithinExistingGasSeats" classname="Elemental.Tests.EditMode.FireRingRibbonTests" runstate="Runnable" seed="1860247735" result="Passed" start-time="2026-09-10 10:51:59Z" end-time="2026-09-10 10:51:59Z" duration="0.027650" asserts="0">
                <properties>
                  <property name="retryIteration" value="0" />
                  <property name="repeatIteration" value="0" />
                </properties>
              </test-case>
              <test-case id="2517" name="RibbonUsesFullVisibleRadiusAndStopsAtFirstSolid" fullname="Elemental.Tests.EditMode.FireRingRibbonTests.RibbonUsesFullVisibleRadiusAndStopsAtFirstSolid" methodname="RibbonUsesFullVisibleRadiusAndStopsAtFirstSolid" classname="Elemental.Tests.EditMode.FireRingRibbonTests" runstate="Runnable" seed="268924923" result="Passed" start-time="2026-09-10 10:51:59Z" end-time="2026-09-10 10:51:59Z" duration="0.002027" asserts="0">
                <properties>
                  <property name="retryIteration" value="0" />
                  <property name="repeatIteration" value="0" />
                </properties>
              </test-case>
            </test-suite>
            <test-suite type="TestFixture" id="2519" name="FireSphereVolumeMathTests" fullname="Elemental.Tests.EditMode.FireSphereVolumeMathTests" classname="Elemental.Tests.EditMode.FireSphereVolumeMathTests" runstate="Runnable" testcasecount="2" result="Passed" start-time="2026-09-10 10:51:59Z" end-time="2026-09-10 10:51:59Z" duration="0.069072" total="2" passed="2" failed="0" inconclusive="0" skipped="0" asserts="0">
              <properties />
              <test-case id="2521" name="InsideCameraStartsAtZeroAndMissesStayEmpty" fullname="Elemental.Tests.EditMode.FireSphereVolumeMathTests.InsideCameraStartsAtZeroAndMissesStayEmpty" methodname="InsideCameraStartsAtZeroAndMissesStayEmpty" classname="Elemental.Tests.EditMode.FireSphereVolumeMathTests" runstate="Runnable" seed="199205875" result="Passed" start-time="2026-09-10 10:51:59Z" end-time="2026-09-10 10:51:59Z" duration="0.001953" asserts="0">
                <properties>
                  <property name="retryIteration" value="0" />
                  <property name="repeatIteration" value="0" />
                </properties>
              </test-case>
              <test-case id="2520" name="OutsideRayAndOpaqueWallClipExactWorldInterval" fullname="Elemental.Tests.EditMode.FireSphereVolumeMathTests.OutsideRayAndOpaqueWallClipExactWorldInterval" methodname="OutsideRayAndOpaqueWallClipExactWorldInterval" classname="Elemental.Tests.EditMode.FireSphereVolumeMathTests" runstate="Runnable" seed="1057632324" result="Passed" start-time="2026-09-10 10:51:59Z" end-time="2026-09-10 10:51:59Z" duration="0.000694" asserts="0">
                <properties>
                  <property name="retryIteration" value="0" />
                  <property name="repeatIteration" value="0" />
                </properties>
              </test-case>
            </test-suite>
            <test-suite type="TestFixture" id="2552" name="FireWeaveControlsTests" fullname="Elemental.Tests.EditMode.FireWeaveControlsTests" classname="Elemental.Tests.EditMode.FireWeaveControlsTests" runstate="Runnable" testcasecount="12" result="Passed" start-time="2026-09-10 10:51:59Z" end-time="2026-09-10 10:51:59Z" duration="0.170947" total="12" passed="12" failed="0" inconclusive="0" skipped="0" asserts="0">
              <properties />
              <test-case id="2564" name="CatalystRejectsNonfiniteAndHandlesStationaryStream" fullname="Elemental.Tests.EditMode.FireWeaveControlsTests.CatalystRejectsNonfiniteAndHandlesStationaryStream" methodname="CatalystRejectsNonfiniteAndHandlesStationaryStream" classname="Elemental.Tests.EditMode.FireWeaveControlsTests" runstate="Runnable" seed="1308803708" result="Passed" start-time="2026-09-10 10:51:59Z" end-time="2026-09-10 10:51:59Z" duration="0.001677" asserts="0">
                <properties>
                  <property name="retryIteration" value="0" />
                  <property name="repeatIteration" value="0" />
                </properties>
              </test-case>
              <test-case id="2563" name="CatalystUsesSweptPathAndCooldownRatherThanEndpointOnly" fullname="Elemental.Tests.EditMode.FireWeaveControlsTests.CatalystUsesSweptPathAndCooldownRatherThanEndpointOnly" methodname="CatalystUsesSweptPathAndCooldownRatherThanEndpointOnly" classname="Elemental.Tests.EditMode.FireWeaveControlsTests" runstate="Runnable" seed="1091325858" result="Passed" start-time="2026-09-10 10:51:59Z" end-time="2026-09-10 10:51:59Z" duration="0.000599" asserts="0">
                <properties>
                  <property name="retryIteration" value="0" />
                  <property name="repeatIteration" value="0" />
                </properties>
              </test-case>
              <test-case id="2559" name="ChargedBoltReleasesOnceAndMiddleCancelsWithoutDrill" fullname="Elemental.Tests.EditMode.FireWeaveControlsTests.ChargedBoltReleasesOnceAndMiddleCancelsWithoutDrill" methodname="ChargedBoltReleasesOnceAndMiddleCancelsWithoutDrill" classname="Elemental.Tests.EditMode.FireWeaveControlsTests" runstate="Runnable" seed="2010837455" result="Passed" start-time="2026-09-10 10:51:59Z" end-time="2026-09-10 10:51:59Z" duration="0.001379" asserts="0">
                <properties>
                  <property name="retryIteration" value="0" />
                  <property name="repeatIteration" value="0" />
                </properties>
              </test-case>
              <test-case id="2562" name="DefaultPowerRetainsAcceptedStreamAndExtremesAreMonotonic" fullname="Elemental.Tests.EditMode.FireWeaveControlsTests.DefaultPowerRetainsAcceptedStreamAndExtremesAreMonotonic" methodname="DefaultPowerRetainsAcceptedStreamAndExtremesAreMonotonic" classname="Elemental.Tests.EditMode.FireWeaveControlsTests" runstate="Runnable" seed="953904110" result="Passed" start-time="2026-09-10 10:51:59Z" end-time="2026-09-10 10:51:59Z" duration="0.000799" asserts="0">
                <properties>
                  <property name="retryIteration" value="0" />
                  <property name="repeatIteration" value="0" />
                </properties>
              </test-case>
              <test-case id="2553" name="FullSphereNeedsAnotherUpwardDetentToReleaseWave" fullname="Elemental.Tests.EditMode.FireWeaveControlsTests.FullSphereNeedsAnotherUpwardDetentToReleaseWave" methodname="FullSphereNeedsAnotherUpwardDetentToReleaseWave" classname="Elemental.Tests.EditMode.FireWeaveControlsTests" runstate="Runnable" seed="89810357" result="Passed" start-time="2026-09-10 10:51:59Z" end-time="2026-09-10 10:51:59Z" duration="0.001101" asserts="0">
                <properties>
                  <property name="retryIteration" value="0" />
                  <property name="repeatIteration" value="0" />
                </properties>
              </test-case>
              <test-case id="2560" name="InterruptRequiresAllButtonsReleasedAndRetainsPower" fullname="Elemental.Tests.EditMode.FireWeaveControlsTests.InterruptRequiresAllButtonsReleasedAndRetainsPower" methodname="InterruptRequiresAllButtonsReleasedAndRetainsPower" classname="Elemental.Tests.EditMode.FireWeaveControlsTests" runstate="Runnable" seed="1939750121" result="Passed" start-time="2026-09-10 10:51:59Z" end-time="2026-09-10 10:51:59Z" duration="0.000668" asserts="0">
                <properties>
                  <property name="retryIteration" value="0" />
                  <property name="repeatIteration" value="0" />
                </properties>
              </test-case>
              <test-case id="2555" name="MiddleOwnsStreamAndWheelDoesNotChangeIdleForm" fullname="Elemental.Tests.EditMode.FireWeaveControlsTests.MiddleOwnsStreamAndWheelDoesNotChangeIdleForm" methodname="MiddleOwnsStreamAndWheelDoesNotChangeIdleForm" classname="Elemental.Tests.EditMode.FireWeaveControlsTests" runstate="Runnable" seed="1524365266" result="Passed" start-time="2026-09-10 10:51:59Z" end-time="2026-09-10 10:51:59Z" duration="0.000644" asserts="0">
                <properties>
                  <property name="retryIteration" value="0" />
                  <property name="repeatIteration" value="0" />
                </properties>
              </test-case>
              <test-case id="2558" name="ModifierShotsAreEdgesAndReleasingMiddleCannotStartDraw" fullname="Elemental.Tests.EditMode.FireWeaveControlsTests.ModifierShotsAreEdgesAndReleasingMiddleCannotStartDraw" methodname="ModifierShotsAreEdgesAndReleasingMiddleCannotStartDraw" classname="Elemental.Tests.EditMode.FireWeaveControlsTests" runstate="Runnable" seed="1032004939" result="Passed" start-time="2026-09-10 10:51:59Z" end-time="2026-09-10 10:51:59Z" duration="0.000456" asserts="0">
                <properties>
                  <property name="retryIteration" value="0" />
                  <property name="repeatIteration" value="0" />
                </properties>
              </test-case>
              <test-case id="2556" name="PlainMiddleIsReservedAndDoesNotEmitOrChangePower" fullname="Elemental.Tests.EditMode.FireWeaveControlsTests.PlainMiddleIsReservedAndDoesNotEmitOrChangePower" methodname="PlainMiddleIsReservedAndDoesNotEmitOrChangePower" classname="Elemental.Tests.EditMode.FireWeaveControlsTests" runstate="Runnable" seed="1608826249" result="Passed" start-time="2026-09-10 10:51:59Z" end-time="2026-09-10 10:51:59Z" duration="0.000556" asserts="0">
                <properties>
                  <property name="retryIteration" value="0" />
                  <property name="repeatIteration" value="0" />
                </properties>
              </test-case>
              <test-case id="2561" name="ShiftSpaceStillHoldsRingUntilRelease" fullname="Elemental.Tests.EditMode.FireWeaveControlsTests.ShiftSpaceStillHoldsRingUntilRelease" methodname="ShiftSpaceStillHoldsRingUntilRelease" classname="Elemental.Tests.EditMode.FireWeaveControlsTests" runstate="Runnable" seed="466959285" result="Passed" start-time="2026-09-10 10:51:59Z" end-time="2026-09-10 10:51:59Z" duration="0.000603" asserts="0">
                <properties>
                  <property name="retryIteration" value="0" />
                  <property name="repeatIteration" value="0" />
                </properties>
              </test-case>
              <test-case id="2554" name="SphericalWaveExpandsAndDeceleratesWithinFiniteLifetime" fullname="Elemental.Tests.EditMode.FireWeaveControlsTests.SphericalWaveExpandsAndDeceleratesWithinFiniteLifetime" methodname="SphericalWaveExpandsAndDeceleratesWithinFiniteLifetime" classname="Elemental.Tests.EditMode.FireWeaveControlsTests" runstate="Runnable" seed="1399175220" result="Passed" start-time="2026-09-10 10:51:59Z" end-time="2026-09-10 10:51:59Z" duration="0.001052" asserts="0">
                <properties>
                  <property name="retryIteration" value="0" />
                  <property name="repeatIteration" value="0" />
                </properties>
              </test-case>
              <test-case id="2557" name="WheelTraversesAllFormsAndClamps" fullname="Elemental.Tests.EditMode.FireWeaveControlsTests.WheelTraversesAllFormsAndClamps" methodname="WheelTraversesAllFormsAndClamps" classname="Elemental.Tests.EditMode.FireWeaveControlsTests" runstate="Runnable" seed="1359916994" result="Passed" start-time="2026-09-10 10:51:59Z" end-time="2026-09-10 10:51:59Z" duration="0.000988" asserts="0">
                <properties>
                  <property name="retryIteration" value="0" />
                  <property name="repeatIteration" value="0" />
                </properties>
                <output><![CDATA[Saving results to: C:\Users\nirrt\OneDrive\Документы\ChatGPT\El Ements\El-Emental\BuildReports\HardPolish\Native093-CombinedFireContracts\results.xml
]]></output>
              </test-case>
            </test-suite>
          </test-suite>
        </test-suite>
      </test-suite>
    </test-suite>
  </test-suite>
</test-run>