<?xml version="1.0" encoding="utf-8"?>
<test-run id="2" testcasecount="4" result="Failed(Child)" total="4" passed="3" failed="1" inconclusive="0" skipped="0" asserts="0" engine-version="3.5.0.0" clr-version="4.0.30319.42000" start-time="2026-09-10 08:34:24Z" end-time="2026-09-10 08:35:16Z" duration="51.6925704">
  <test-suite type="TestSuite" id="1597" name="El-Emental" fullname="El-Emental" runstate="Runnable" testcasecount="443" result="Failed" site="Child" start-time="2026-09-10 08:34:24Z" end-time="2026-09-10 08:35:16Z" duration="51.692570" total="4" passed="3" failed="1" inconclusive="0" skipped="0" asserts="0">
    <properties>
      <property name="platform" value="PlayMode" />
    </properties>
    <failure>
      <message><![CDATA[One or more child tests had errors]]></message>
    </failure>
    <test-suite type="Assembly" id="1590" name="Elemental.Tests.PlayMode.dll" fullname="C:/Users/nirrt/OneDrive/Документы/ChatGPT/El Ements/El-Emental/Library/ScriptAssemblies/Elemental.Tests.PlayMode.dll" runstate="Runnable" testcasecount="437" result="Failed" site="Child" start-time="2026-09-10 08:34:24Z" end-time="2026-09-10 08:35:16Z" duration="51.662734" total="4" passed="3" failed="1" inconclusive="0" skipped="0" asserts="0">
      <properties>
        <property name="_PID" value="34284" />
        <property name="_APPDOMAIN" value="Unity Child Domain" />
        <property name="platform" value="PlayMode" />
        <property name="EditorOnly" value="False" />
      </properties>
      <failure>
        <message><![CDATA[One or more child tests had errors]]></message>
      </failure>
      <test-suite type="TestSuite" id="1591" name="Elemental" fullname="Elemental" runstate="Runnable" testcasecount="437" result="Failed" site="Child" start-time="2026-09-10 08:34:24Z" end-time="2026-09-10 08:35:16Z" duration="51.648625" total="4" passed="3" failed="1" inconclusive="0" skipped="0" asserts="0">
        <properties />
        <failure>
          <message><![CDATA[One or more child tests had errors]]></message>
        </failure>
        <test-suite type="TestSuite" id="1592" name="Tests" fullname="Elemental.Tests" runstate="Runnable" testcasecount="437" result="Failed" site="Child" start-time="2026-09-10 08:34:24Z" end-time="2026-09-10 08:35:16Z" duration="51.620788" total="4" passed="3" failed="1" inconclusive="0" skipped="0" asserts="0">
          <properties />
          <failure>
            <message><![CDATA[One or more child tests had errors]]></message>
          </failure>
          <test-suite type="TestSuite" id="1593" name="PlayMode" fullname="Elemental.Tests.PlayMode" runstate="Runnable" testcasecount="437" result="Failed" site="Child" start-time="2026-09-10 08:34:24Z" end-time="2026-09-10 08:35:16Z" duration="51.594135" total="4" passed="3" failed="1" inconclusive="0" skipped="0" asserts="0">
            <properties />
            <failure>
              <message><![CDATA[One or more child tests had errors]]></message>
            </failure>
            <test-suite type="TestFixture" id="1091" name="HardPolishFireStreamBindingRuntimeTests" fullname="Elemental.Tests.PlayMode.HardPolishFireStreamBindingRuntimeTests" classname="Elemental.Tests.PlayMode.HardPolishFireStreamBindingRuntimeTests" runstate="Runnable" testcasecount="34" result="Failed" site="Child" start-time="2026-09-10 08:34:24Z" end-time="2026-09-10 08:35:16Z" duration="51.512597" total="4" passed="3" failed="1" inconclusive="0" skipped="0" asserts="0">
              <properties />
              <failure>
                <message><![CDATA[One or more child tests had errors]]></message>
              </failure>
              <test-case id="1107" name="FlyingFireballRetainsHotTrailAndCoolingSmoke" fullname="Elemental.Tests.PlayMode.HardPolishFireStreamBindingRuntimeTests.FlyingFireballRetainsHotTrailAndCoolingSmoke" methodname="FlyingFireballRetainsHotTrailAndCoolingSmoke" classname="Elemental.Tests.PlayMode.HardPolishFireStreamBindingRuntimeTests" runstate="Runnable" seed="1661232154" result="Passed" start-time="2026-09-10 08:34:24Z" end-time="2026-09-10 08:34:45Z" duration="20.329278" asserts="0">
                <properties>
                  <property name="_JOINTYPE" value="UnityCombinatorial" />
                  <property name="Timeout" value="240000" />
                  <property name="retryIteration" value="0" />
                  <property name="repeatIteration" value="0" />
                </properties>
                <output><![CDATA[Planet rock scatter seed 20260904: large 24/24, medium 160/160, clusters 128/128 (1515 cosmetic stones); rejected slots 0, surface attempts 3, overlap attempts 40.
[StartupCache] Scene ready in 4014.86ms; ground=exact baked base, cacheLoad=15.33ms, bakedPlans=4589, planMisses=0, cookedMeshes=13518/13518, backgroundCooking=1023.37ms, peakCookingPoll=0.27ms; sync=ArenaInitialize=44.28ms/15;ArenaBevel=33.36ms/175;ArenaMeshPicking=0.97ms/175;WallAwake=77.59ms/1;WallPieceVisuals=45.38ms/40;PlatformPoolAwake=8.70ms/1;PlatformRuntimeMeshes=1.20ms/12;PillarPoolAwake=21.71ms/1;PillarMeshLibrary=6.13ms/1;PillarColumns=15.57ms/1;DebrisPoolAwake=118.10ms/1;HeroFragmentPoolAwake=11.38ms/1.
]]></output>
              </test-case>
              <test-case id="1098" name="FootAndColumnsRenderActualAtlasDetailAndClear" fullname="Elemental.Tests.PlayMode.HardPolishFireStreamBindingRuntimeTests.FootAndColumnsRenderActualAtlasDetailAndClear" methodname="FootAndColumnsRenderActualAtlasDetailAndClear" classname="Elemental.Tests.PlayMode.HardPolishFireStreamBindingRuntimeTests" runstate="Runnable" seed="876852780" result="Passed" start-time="2026-09-10 08:34:45Z" end-time="2026-09-10 08:34:55Z" duration="10.653658" asserts="0">
                <properties>
                  <property name="_JOINTYPE" value="UnityCombinatorial" />
                  <property name="Timeout" value="240000" />
                  <property name="retryIteration" value="0" />
                  <property name="repeatIteration" value="0" />
                </properties>
                <output><![CDATA[Planet rock scatter seed 20260904: large 24/24, medium 160/160, clusters 128/128 (1515 cosmetic stones); rejected slots 0, surface attempts 3, overlap attempts 40.
[StartupCache] Scene ready in 3231.77ms; ground=exact baked base, cacheLoad=10.49ms, bakedPlans=4589, planMisses=0, cookedMeshes=13518/13518, backgroundCooking=1022.45ms, peakCookingPoll=0.00ms; sync=ArenaInitialize=44.28ms/15;ArenaBevel=33.36ms/175;ArenaMeshPicking=0.97ms/175;WallAwake=77.59ms/1;WallPieceVisuals=45.38ms/40;PlatformPoolAwake=8.70ms/1;PlatformRuntimeMeshes=1.20ms/12;PillarPoolAwake=21.71ms/1;PillarMeshLibrary=6.13ms/1;PillarColumns=15.57ms/1;DebrisPoolAwake=118.10ms/1;HeroFragmentPoolAwake=11.38ms/1.
Physics.ClosestPoint can only be used with a BoxCollider, SphereCollider, CapsuleCollider and a convex MeshCollider.
Physics.ClosestPoint can only be used with a BoxCollider, SphereCollider, CapsuleCollider and a convex MeshCollider.
Physics.ClosestPoint can only be used with a BoxCollider, SphereCollider, CapsuleCollider and a convex MeshCollider.
Physics.ClosestPoint can only be used with a BoxCollider, SphereCollider, CapsuleCollider and a convex MeshCollider.
Physics.ClosestPoint can only be used with a BoxCollider, SphereCollider, CapsuleCollider and a convex MeshCollider.
Physics.ClosestPoint can only be used with a BoxCollider, SphereCollider, CapsuleCollider and a convex MeshCollider.
Physics.ClosestPoint can only be used with a BoxCollider, SphereCollider, CapsuleCollider and a convex MeshCollider.
Physics.ClosestPoint can only be used with a BoxCollider, SphereCollider, CapsuleCollider and a convex MeshCollider.
Physics.ClosestPoint can only be used with a BoxCollider, SphereCollider, CapsuleCollider and a convex MeshCollider.
Physics.ClosestPoint can only be used with a BoxCollider, SphereCollider, CapsuleCollider and a convex MeshCollider.
Physics.ClosestPoint can only be used with a BoxCollider, SphereCollider, CapsuleCollider and a convex MeshCollider.
Physics.ClosestPoint can only be used with a BoxCollider, SphereCollider, CapsuleCollider and a convex MeshCollider.
Physics.ClosestPoint can only be used with a BoxCollider, SphereCollider, CapsuleCollider and a convex MeshCollider.
Physics.ClosestPoint can only be used with a BoxCollider, SphereCollider, CapsuleCollider and a convex MeshCollider.
Physics.ClosestPoint can only be used with a BoxCollider, SphereCollider, CapsuleCollider and a convex MeshCollider.
Physics.ClosestPoint can only be used with a BoxCollider, SphereCollider, CapsuleCollider and a convex MeshCollider.
Physics.ClosestPoint can only be used with a BoxCollider, SphereCollider, CapsuleCollider and a convex MeshCollider.
Physics.ClosestPoint can only be used with a BoxCollider, SphereCollider, CapsuleCollider and a convex MeshCollider.
Physics.ClosestPoint can only be used with a BoxCollider, SphereCollider, CapsuleCollider and a convex MeshCollider.
Physics.ClosestPoint can only be used with a BoxCollider, SphereCollider, CapsuleCollider and a convex MeshCollider.
Physics.ClosestPoint can only be used with a BoxCollider, SphereCollider, CapsuleCollider and a convex MeshCollider.
Physics.ClosestPoint can only be used with a BoxCollider, SphereCollider, CapsuleCollider and a convex MeshCollider.
Physics.ClosestPoint can only be used with a BoxCollider, SphereCollider, CapsuleCollider and a convex MeshCollider.
Physics.ClosestPoint can only be used with a BoxCollider, SphereCollider, CapsuleCollider and a convex MeshCollider.
Physics.ClosestPoint can only be used with a BoxCollider, SphereCollider, CapsuleCollider and a convex MeshCollider.
Physics.ClosestPoint can only be used with a BoxCollider, SphereCollider, CapsuleCollider and a convex MeshCollider.
Physics.ClosestPoint can only be used with a BoxCollider, SphereCollider, CapsuleCollider and a convex MeshCollider.
Physics.ClosestPoint can only be used with a BoxCollider, SphereCollider, CapsuleCollider and a convex MeshCollider.
Physics.ClosestPoint can only be used with a BoxCollider, SphereCollider, CapsuleCollider and a convex MeshCollider.
Physics.ClosestPoint can only be used with a BoxCollider, SphereCollider, CapsuleCollider and a convex MeshCollider.
Physics.ClosestPoint can only be used with a BoxCollider, SphereCollider, CapsuleCollider and a convex MeshCollider.
Physics.ClosestPoint can only be used with a BoxCollider, SphereCollider, CapsuleCollider and a convex MeshCollider.
Physics.ClosestPoint can only be used with a BoxCollider, SphereCollider, CapsuleCollider and a convex MeshCollider.
Physics.ClosestPoint can only be used with a BoxCollider, SphereCollider, CapsuleCollider and a convex MeshCollider.
Physics.ClosestPoint can only be used with a BoxCollider, SphereCollider, CapsuleCollider and a convex MeshCollider.
Physics.ClosestPoint can only be used with a BoxCollider, SphereCollider, CapsuleCollider and a convex MeshCollider.
Physics.ClosestPoint can only be used with a BoxCollider, SphereCollider, CapsuleCollider and a convex MeshCollider.
Physics.ClosestPoint can only be used with a BoxCollider, SphereCollider, CapsuleCollider and a convex MeshCollider.
Physics.ClosestPoint can only be used with a BoxCollider, SphereCollider, CapsuleCollider and a convex MeshCollider.
Physics.ClosestPoint can only be used with a BoxCollider, SphereCollider, CapsuleCollider and a convex MeshCollider.
Physics.ClosestPoint can only be used with a BoxCollider, SphereCollider, CapsuleCollider and a convex MeshCollider.
Physics.ClosestPoint can only be used with a BoxCollider, SphereCollider, CapsuleCollider and a convex MeshCollider.
Physics.ClosestPoint can only be used with a BoxCollider, SphereCollider, CapsuleCollider and a convex MeshCollider.
Physics.ClosestPoint can only be used with a BoxCollider, SphereCollider, CapsuleCollider and a convex MeshCollider.
Physics.ClosestPoint can only be used with a BoxCollider, SphereCollider, CapsuleCollider and a convex MeshCollider.
Physics.ClosestPoint can only be used with a BoxCollider, SphereCollider, CapsuleCollider and a convex MeshCollider.
Physics.ClosestPoint can only be used with a BoxCollider, SphereCollider, CapsuleCollider and a convex MeshCollider.
Physics.ClosestPoint can only be used with a BoxCollider, SphereCollider, CapsuleCollider and a convex MeshCollider.
Physics.ClosestPoint can only be used with a BoxCollider, SphereCollider, CapsuleCollider and a convex MeshCollider.
Physics.ClosestPoint can only be used with a BoxCollider, SphereCollider, CapsuleCollider and a convex MeshCollider.
Physics.ClosestPoint can only be used with a BoxCollider, SphereCollider, CapsuleCollider and a convex MeshCollider.
Physics.ClosestPoint can only be used with a BoxCollider, SphereCollider, CapsuleCollider and a convex MeshCollider.
Physics.ClosestPoint can only be used with a BoxCollider, SphereCollider, CapsuleCollider and a convex MeshCollider.
Physics.ClosestPoint can only be used with a BoxCollider, SphereCollider, CapsuleCollider and a convex MeshCollider.
Physics.ClosestPoint can only be used with a BoxCollider, SphereCollider, CapsuleCollider and a convex MeshCollider.
Physics.ClosestPoint can only be used with a BoxCollider, SphereCollider, CapsuleCollider and a convex MeshCollider.
Physics.ClosestPoint can only be used with a BoxCollider, SphereCollider, CapsuleCollider and a convex MeshCollider.
Physics.ClosestPoint can only be used with a BoxCollider, SphereCollider, CapsuleCollider and a convex MeshCollider.
Physics.ClosestPoint can only be used with a BoxCollider, SphereCollider, CapsuleCollider and a convex MeshCollider.
Physics.ClosestPoint can only be used with a BoxCollider, SphereCollider, CapsuleCollider and a convex MeshCollider.
Physics.ClosestPoint can only be used with a BoxCollider, SphereCollider, CapsuleCollider and a convex MeshCollider.
Physics.ClosestPoint can only be used with a BoxCollider, SphereCollider, CapsuleCollider and a convex MeshCollider.
Physics.ClosestPoint can only be used with a BoxCollider, SphereCollider, CapsuleCollider and a convex MeshCollider.
Physics.ClosestPoint can only be used with a BoxCollider, SphereCollider, CapsuleCollider and a convex MeshCollider.
Physics.ClosestPoint can only be used with a BoxCollider, SphereCollider, CapsuleCollider and a convex MeshCollider.
Physics.ClosestPoint can only be used with a BoxCollider, SphereCollider, CapsuleCollider and a convex MeshCollider.
Physics.ClosestPoint can only be used with a BoxCollider, SphereCollider, CapsuleCollider and a convex MeshCollider.
Physics.ClosestPoint can only be used with a BoxCollider, SphereCollider, CapsuleCollider and a convex MeshCollider.
Physics.ClosestPoint can only be used with a BoxCollider, SphereCollider, CapsuleCollider and a convex MeshCollider.
Physics.ClosestPoint can only be used with a BoxCollider, SphereCollider, CapsuleCollider and a convex MeshCollider.
Physics.ClosestPoint can only be used with a BoxCollider, SphereCollider, CapsuleCollider and a convex MeshCollider.
Physics.ClosestPoint can only be used with a BoxCollider, SphereCollider, CapsuleCollider and a convex MeshCollider.
Physics.ClosestPoint can only be used with a BoxCollider, SphereCollider, CapsuleCollider and a convex MeshCollider.
Physics.ClosestPoint can only be used with a BoxCollider, SphereCollider, CapsuleCollider and a convex MeshCollider.
Physics.ClosestPoint can only be used with a BoxCollider, SphereCollider, CapsuleCollider and a convex MeshCollider.
Physics.ClosestPoint can only be used with a BoxCollider, SphereCollider, CapsuleCollider and a convex MeshCollider.
Physics.ClosestPoint can only be used with a BoxCollider, SphereCollider, CapsuleCollider and a convex MeshCollider.
Physics.ClosestPoint can only be used with a BoxCollider, SphereCollider, CapsuleCollider and a convex MeshCollider.
Physics.ClosestPoint can only be used with a BoxCollider, SphereCollider, CapsuleCollider and a convex MeshCollider.
Physics.ClosestPoint can only be used with a BoxCollider, SphereCollider, CapsuleCollider and a convex MeshCollider.
]]></output>
              </test-case>
              <test-case id="1108" name="ReleasedRingDamagesActualOpponentAndIgnitesReceivers" fullname="Elemental.Tests.PlayMode.HardPolishFireStreamBindingRuntimeTests.ReleasedRingDamagesActualOpponentAndIgnitesReceivers" methodname="ReleasedRingDamagesActualOpponentAndIgnitesReceivers" classname="Elemental.Tests.PlayMode.HardPolishFireStreamBindingRuntimeTests" runstate="Runnable" seed="1904770082" result="Passed" start-time="2026-09-10 08:34:55Z" end-time="2026-09-10 08:35:05Z" duration="9.398618" asserts="0">
                <properties>
                  <property name="_JOINTYPE" value="UnityCombinatorial" />
                  <property name="Timeout" value="240000" />
                  <property name="retryIteration" value="0" />
                  <property name="repeatIteration" value="0" />
                </properties>
                <output><![CDATA[Planet rock scatter seed 20260904: large 24/24, medium 160/160, clusters 128/128 (1515 cosmetic stones); rejected slots 0, surface attempts 3, overlap attempts 40.
[StartupCache] Scene ready in 2661.92ms; ground=exact baked base, cacheLoad=10.72ms, bakedPlans=4589, planMisses=0, cookedMeshes=13518/13518, backgroundCooking=538.14ms, peakCookingPoll=0.00ms; sync=ArenaInitialize=44.28ms/15;ArenaBevel=33.36ms/175;ArenaMeshPicking=0.97ms/175;WallAwake=77.59ms/1;WallPieceVisuals=45.38ms/40;PlatformPoolAwake=8.70ms/1;PlatformRuntimeMeshes=1.20ms/12;PillarPoolAwake=21.71ms/1;PillarMeshLibrary=6.13ms/1;PillarColumns=15.57ms/1;DebrisPoolAwake=118.10ms/1;HeroFragmentPoolAwake=11.38ms/1.
]]></output>
              </test-case>
              <test-case id="1110" name="SustainedBurnCoversActualMeshAreaAndFollowsReceiver" fullname="Elemental.Tests.PlayMode.HardPolishFireStreamBindingRuntimeTests.SustainedBurnCoversActualMeshAreaAndFollowsReceiver" methodname="SustainedBurnCoversActualMeshAreaAndFollowsReceiver" classname="Elemental.Tests.PlayMode.HardPolishFireStreamBindingRuntimeTests" runstate="Runnable" seed="1327261067" result="Failed" start-time="2026-09-10 08:35:05Z" end-time="2026-09-10 08:35:16Z" duration="11.094099" asserts="0">
                <properties>
                  <property name="_JOINTYPE" value="UnityCombinatorial" />
                  <property name="Timeout" value="240000" />
                  <property name="retryIteration" value="0" />
                  <property name="repeatIteration" value="0" />
                </properties>
                <failure>
                  <message><![CDATA[  Expected: less than 0.5f
  But was:  1.0f
]]></message>
                  <stack-trace><![CDATA[at Elemental.Tests.PlayMode.HardPolishFireStreamBindingRuntimeTests+<SustainedBurnCoversActualMeshAreaAndFollowsReceiver>d__33.MoveNext () [0x004b3] in C:\Users\nirrt\OneDrive\Документы\ChatGPT\El Ements\El-Emental\Assets\Elemental\Tests\PlayMode\FireSurfaceAreaProductionTests.cs:39
at UnityEngine.TestTools.TestEnumerator+<Execute>d__7.MoveNext () [0x0003a] in .\Library\PackageCache\com.unity.test-framework@1405238725ab\UnityEngine.TestRunner\NUnitExtensions\Attributes\TestEnumerator.cs:44
]]></stack-trace>
                </failure>
                <output><![CDATA[Planet rock scatter seed 20260904: large 24/24, medium 160/160, clusters 128/128 (1515 cosmetic stones); rejected slots 0, surface attempts 3, overlap attempts 40.
[StartupCache] Scene ready in 2779.42ms; ground=exact baked base, cacheLoad=18.60ms, bakedPlans=4589, planMisses=0, cookedMeshes=13518/13518, backgroundCooking=618.15ms, peakCookingPoll=0.00ms; sync=ArenaInitialize=44.28ms/15;ArenaBevel=33.36ms/175;ArenaMeshPicking=0.97ms/175;WallAwake=77.59ms/1;WallPieceVisuals=45.38ms/40;PlatformPoolAwake=8.70ms/1;PlatformRuntimeMeshes=1.20ms/12;PillarPoolAwake=21.71ms/1;PillarMeshLibrary=6.13ms/1;PillarColumns=15.57ms/1;DebrisPoolAwake=118.10ms/1;HeroFragmentPoolAwake=11.38ms/1.
Saving results to: C:\Users\nirrt\OneDrive\Документы\ChatGPT\El Ements\El-Emental\BuildReports\HardPolish\Native072-ContinuousFirePlay\results.xml
]]></output>
              </test-case>
            </test-suite>
          </test-suite>
        </test-suite>
      </test-suite>
    </test-suite>
  </test-suite>
</test-run>