<?xml version="1.0" encoding="utf-8"?>
<test-run id="2" testcasecount="1" result="Passed" total="1" passed="1" failed="0" inconclusive="0" skipped="0" asserts="0" engine-version="3.5.0.0" clr-version="4.0.30319.42000" start-time="2026-09-09 23:47:25Z" end-time="2026-09-09 23:47:46Z" duration="21.0795287">
  <test-suite type="TestSuite" id="1594" name="El-Emental" fullname="El-Emental" runstate="Runnable" testcasecount="440" result="Passed" start-time="2026-09-09 23:47:25Z" end-time="2026-09-09 23:47:46Z" duration="21.079529" total="1" passed="1" failed="0" inconclusive="0" skipped="0" asserts="0">
    <properties>
      <property name="platform" value="PlayMode" />
    </properties>
    <test-suite type="Assembly" id="1587" name="Elemental.Tests.PlayMode.dll" fullname="C:/Users/nirrt/OneDrive/Документы/ChatGPT/El Ements/El-Emental/Library/ScriptAssemblies/Elemental.Tests.PlayMode.dll" runstate="Runnable" testcasecount="434" result="Passed" start-time="2026-09-09 23:47:25Z" end-time="2026-09-09 23:47:46Z" duration="21.056961" total="1" passed="1" failed="0" inconclusive="0" skipped="0" asserts="0">
      <properties>
        <property name="_PID" value="33036" />
        <property name="_APPDOMAIN" value="Unity Child Domain" />
        <property name="platform" value="PlayMode" />
        <property name="EditorOnly" value="False" />
      </properties>
      <test-suite type="TestSuite" id="1588" name="Elemental" fullname="Elemental" runstate="Runnable" testcasecount="434" result="Passed" start-time="2026-09-09 23:47:25Z" end-time="2026-09-09 23:47:46Z" duration="21.046410" total="1" passed="1" failed="0" inconclusive="0" skipped="0" asserts="0">
        <properties />
        <test-suite type="TestSuite" id="1589" name="Tests" fullname="Elemental.Tests" runstate="Runnable" testcasecount="434" result="Passed" start-time="2026-09-09 23:47:25Z" end-time="2026-09-09 23:47:46Z" duration="21.037587" total="1" passed="1" failed="0" inconclusive="0" skipped="0" asserts="0">
          <properties />
          <test-suite type="TestSuite" id="1590" name="PlayMode" fullname="Elemental.Tests.PlayMode" runstate="Runnable" testcasecount="434" result="Passed" start-time="2026-09-09 23:47:25Z" end-time="2026-09-09 23:47:46Z" duration="21.028384" total="1" passed="1" failed="0" inconclusive="0" skipped="0" asserts="0">
            <properties />
            <test-suite type="TestFixture" id="1091" name="HardPolishFireStreamBindingRuntimeTests" fullname="Elemental.Tests.PlayMode.HardPolishFireStreamBindingRuntimeTests" classname="Elemental.Tests.PlayMode.HardPolishFireStreamBindingRuntimeTests" runstate="Runnable" testcasecount="31" result="Passed" start-time="2026-09-09 23:47:25Z" end-time="2026-09-09 23:47:46Z" duration="21.005535" total="1" passed="1" failed="0" inconclusive="0" skipped="0" asserts="0">
              <properties />
              <test-case id="1105" name="FlyingFireballRetainsHotTrailAndCoolingSmoke" fullname="Elemental.Tests.PlayMode.HardPolishFireStreamBindingRuntimeTests.FlyingFireballRetainsHotTrailAndCoolingSmoke" methodname="FlyingFireballRetainsHotTrailAndCoolingSmoke" classname="Elemental.Tests.PlayMode.HardPolishFireStreamBindingRuntimeTests" runstate="Runnable" seed="392234914" result="Passed" start-time="2026-09-09 23:47:25Z" end-time="2026-09-09 23:47:46Z" duration="20.983411" asserts="0">
                <properties>
                  <property name="_JOINTYPE" value="UnityCombinatorial" />
                  <property name="Timeout" value="240000" />
                  <property name="retryIteration" value="0" />
                  <property name="repeatIteration" value="0" />
                </properties>
                <output><![CDATA[Planet rock scatter seed 20260904: large 24/24, medium 160/160, clusters 128/128 (1515 cosmetic stones); rejected slots 0, surface attempts 3, overlap attempts 40.
[StartupCache] Scene ready in 4189.04ms; ground=exact baked base, cacheLoad=16.21ms, bakedPlans=4589, planMisses=0, cookedMeshes=13518/13518, backgroundCooking=1148.52ms, peakCookingPoll=0.27ms; sync=ArenaInitialize=50.99ms/15;ArenaBevel=38.48ms/175;ArenaMeshPicking=1.16ms/175;WallAwake=83.19ms/1;WallPieceVisuals=48.42ms/40;PlatformPoolAwake=9.43ms/1;PlatformRuntimeMeshes=1.30ms/12;PillarPoolAwake=21.06ms/1;PillarMeshLibrary=5.83ms/1;PillarColumns=15.22ms/1;DebrisPoolAwake=125.25ms/1;HeroFragmentPoolAwake=12.28ms/1.
Saving results to: C:\Users\nirrt\OneDrive\Документы\ChatGPT\El Ements\El-Emental\BuildReports\HardPolish\Native067-FireDofOrder\results.xml
]]></output>
              </test-case>
            </test-suite>
          </test-suite>
        </test-suite>
      </test-suite>
    </test-suite>
  </test-suite>
</test-run>