<?xml version="1.0" encoding="utf-8"?>
<test-run id="2" testcasecount="25" result="Passed" total="25" passed="25" failed="0" inconclusive="0" skipped="0" asserts="0" engine-version="3.5.0.0" clr-version="4.0.30319.42000" start-time="2026-09-09 23:19:13Z" end-time="2026-09-09 23:19:14Z" duration="1.1639887">
  <test-suite type="TestSuite" id="1000" name="El-Emental" fullname="El-Emental" runstate="Runnable" testcasecount="1607" result="Passed" start-time="2026-09-09 23:19:13Z" end-time="2026-09-09 23:19:14Z" duration="1.163989" total="25" passed="25" failed="0" inconclusive="0" skipped="0" asserts="0">
    <properties>
      <property name="platform" value="EditMode" />
    </properties>
    <test-suite type="Assembly" id="3044" name="Elemental.Tests.EditMode.dll" fullname="C:/Users/nirrt/OneDrive/Документы/ChatGPT/El Ements/El-Emental/Library/ScriptAssemblies/Elemental.Tests.EditMode.dll" runstate="Runnable" testcasecount="1561" result="Passed" start-time="2026-09-09 23:19:13Z" end-time="2026-09-09 23:19:14Z" duration="1.059564" total="25" passed="25" failed="0" inconclusive="0" skipped="0" asserts="0">
      <properties>
        <property name="_PID" value="33036" />
        <property name="_APPDOMAIN" value="Unity Child Domain" />
        <property name="platform" value="EditMode" />
        <property name="EditorOnly" value="True" />
      </properties>
      <test-suite type="TestSuite" id="3045" name="Elemental" fullname="Elemental" runstate="Runnable" testcasecount="1555" result="Passed" start-time="2026-09-09 23:19:13Z" end-time="2026-09-09 23:19:14Z" duration="0.956113" total="25" passed="25" failed="0" inconclusive="0" skipped="0" asserts="0">
        <properties />
        <test-suite type="TestSuite" id="3046" name="Tests" fullname="Elemental.Tests" runstate="Runnable" testcasecount="1555" result="Passed" start-time="2026-09-09 23:19:14Z" end-time="2026-09-09 23:19:14Z" duration="0.845466" total="25" passed="25" failed="0" inconclusive="0" skipped="0" asserts="0">
          <properties />
          <test-suite type="TestSuite" id="3047" name="EditMode" fullname="Elemental.Tests.EditMode" runstate="Runnable" testcasecount="1555" result="Passed" start-time="2026-09-09 23:19:14Z" end-time="2026-09-09 23:19:14Z" duration="0.738163" total="25" passed="25" failed="0" inconclusive="0" skipped="0" asserts="0">
            <properties />
            <test-suite type="TestFixture" id="1085" name="ArenaColumnFireTests" fullname="Elemental.Tests.EditMode.ArenaColumnFireTests" classname="Elemental.Tests.EditMode.ArenaColumnFireTests" runstate="Runnable" testcasecount="2" result="Passed" start-time="2026-09-09 23:19:14Z" end-time="2026-09-09 23:19:14Z" duration="0.150711" total="2" passed="2" failed="0" inconclusive="0" skipped="0" asserts="0">
              <properties />
              <test-case id="1087" name="DecorativeBudgetRemainsSevenFiresAndFourLights" fullname="Elemental.Tests.EditMode.ArenaColumnFireTests.DecorativeBudgetRemainsSevenFiresAndFourLights" methodname="DecorativeBudgetRemainsSevenFiresAndFourLights" classname="Elemental.Tests.EditMode.ArenaColumnFireTests" runstate="Runnable" seed="878148819" result="Passed" start-time="2026-09-09 23:19:14Z" end-time="2026-09-09 23:19:14Z" duration="0.020348" asserts="0">
                <properties>
                  <property name="retryIteration" value="0" />
                  <property name="repeatIteration" value="0" />
                </properties>
              </test-case>
              <test-case id="1086" name="NightLightingIsBoundedAndTracksActualSolarNightContinuously" fullname="Elemental.Tests.EditMode.ArenaColumnFireTests.NightLightingIsBoundedAndTracksActualSolarNightContinuously" methodname="NightLightingIsBoundedAndTracksActualSolarNightContinuously" classname="Elemental.Tests.EditMode.ArenaColumnFireTests" runstate="Runnable" seed="333975032" result="Passed" start-time="2026-09-09 23:19:14Z" end-time="2026-09-09 23:19:14Z" duration="0.008016" asserts="0">
                <properties>
                  <property name="retryIteration" value="0" />
                  <property name="repeatIteration" value="0" />
                </properties>
              </test-case>
            </test-suite>
            <test-suite type="TestFixture" id="2457" name="FireFlowParticleSolverTests" fullname="Elemental.Tests.EditMode.FireFlowParticleSolverTests" classname="Elemental.Tests.EditMode.FireFlowParticleSolverTests" runstate="Runnable" testcasecount="22" result="Passed" start-time="2026-09-09 23:19:14Z" end-time="2026-09-09 23:19:14Z" duration="0.434355" total="22" passed="22" failed="0" inconclusive="0" skipped="0" asserts="0">
              <properties />
              <test-case id="2467" name="ActualTransportHitsHeadOnPlaneAndFansOutWithoutCrossing" fullname="Elemental.Tests.EditMode.FireFlowParticleSolverTests.ActualTransportHitsHeadOnPlaneAndFansOutWithoutCrossing" methodname="ActualTransportHitsHeadOnPlaneAndFansOutWithoutCrossing" classname="Elemental.Tests.EditMode.FireFlowParticleSolverTests" runstate="Runnable" seed="1057637506" result="Passed" start-time="2026-09-09 23:19:14Z" end-time="2026-09-09 23:19:14Z" duration="0.051165" asserts="0">
                <properties>
                  <property name="retryIteration" value="0" />
                  <property name="repeatIteration" value="0" />
                </properties>
              </test-case>
              <test-case id="2475" name="CompactHotFlameLeavesBoundedTransportedCoolingSmokeAfterRelease" fullname="Elemental.Tests.EditMode.FireFlowParticleSolverTests.CompactHotFlameLeavesBoundedTransportedCoolingSmokeAfterRelease" methodname="CompactHotFlameLeavesBoundedTransportedCoolingSmokeAfterRelease" classname="Elemental.Tests.EditMode.FireFlowParticleSolverTests" runstate="Runnable" seed="1272662121" result="Passed" start-time="2026-09-09 23:19:14Z" end-time="2026-09-09 23:19:14Z" duration="0.008067" asserts="0">
                <properties>
                  <property name="retryIteration" value="0" />
                  <property name="repeatIteration" value="0" />
                </properties>
              </test-case>
              <test-case id="2474" name="CompactSurfaceFireReallyDeflectsAndDrainsWithinItsShortLifetime" fullname="Elemental.Tests.EditMode.FireFlowParticleSolverTests.CompactSurfaceFireReallyDeflectsAndDrainsWithinItsShortLifetime" methodname="CompactSurfaceFireReallyDeflectsAndDrainsWithinItsShortLifetime" classname="Elemental.Tests.EditMode.FireFlowParticleSolverTests" runstate="Runnable" seed="1935972505" result="Passed" start-time="2026-09-09 23:19:14Z" end-time="2026-09-09 23:19:14Z" duration="0.017113" asserts="0">
                <properties>
                  <property name="retryIteration" value="0" />
                  <property name="repeatIteration" value="0" />
                </properties>
              </test-case>
              <test-case id="2472" name="CoolTorchInjectionStartsInTransportedCoolingState" fullname="Elemental.Tests.EditMode.FireFlowParticleSolverTests.CoolTorchInjectionStartsInTransportedCoolingState" methodname="CoolTorchInjectionStartsInTransportedCoolingState" classname="Elemental.Tests.EditMode.FireFlowParticleSolverTests" runstate="Runnable" seed="792016296" result="Passed" start-time="2026-09-09 23:19:14Z" end-time="2026-09-09 23:19:14Z" duration="0.001292" asserts="0">
                <properties>
                  <property name="retryIteration" value="0" />
                  <property name="repeatIteration" value="0" />
                </properties>
              </test-case>
              <test-case id="2469" name="CornerKeepsAllCentersOutsideBothWallsAndBounded" fullname="Elemental.Tests.EditMode.FireFlowParticleSolverTests.CornerKeepsAllCentersOutsideBothWallsAndBounded" methodname="CornerKeepsAllCentersOutsideBothWallsAndBounded" classname="Elemental.Tests.EditMode.FireFlowParticleSolverTests" runstate="Runnable" seed="1721185054" result="Passed" start-time="2026-09-09 23:19:14Z" end-time="2026-09-09 23:19:14Z" duration="0.081884" asserts="0">
                <properties>
                  <property name="retryIteration" value="0" />
                  <property name="repeatIteration" value="0" />
                </properties>
              </test-case>
              <test-case id="2464" name="DefaultWorldOriginContactCannotTeleportDistantGas" fullname="Elemental.Tests.EditMode.FireFlowParticleSolverTests.DefaultWorldOriginContactCannotTeleportDistantGas" methodname="DefaultWorldOriginContactCannotTeleportDistantGas" classname="Elemental.Tests.EditMode.FireFlowParticleSolverTests" runstate="Runnable" seed="1969958983" result="Passed" start-time="2026-09-09 23:19:14Z" end-time="2026-09-09 23:19:14Z" duration="0.000874" asserts="0">
                <properties>
                  <property name="retryIteration" value="0" />
                  <property name="repeatIteration" value="0" />
                </properties>
              </test-case>
              <test-case id="2471" name="DenseHandModeAbilityPresetsKeepExplicitCapacityAndSweepBudget" fullname="Elemental.Tests.EditMode.FireFlowParticleSolverTests.DenseHandModeAbilityPresetsKeepExplicitCapacityAndSweepBudget" methodname="DenseHandModeAbilityPresetsKeepExplicitCapacityAndSweepBudget" classname="Elemental.Tests.EditMode.FireFlowParticleSolverTests" runstate="Runnable" seed="108240030" result="Passed" start-time="2026-09-09 23:19:14Z" end-time="2026-09-09 23:19:14Z" duration="0.011940" asserts="0">
                <properties>
                  <property name="retryIteration" value="0" />
                  <property name="repeatIteration" value="0" />
                </properties>
              </test-case>
              <test-case id="2461" name="DownJetOvercomesUpwardOwnerMotionAndStillRespectsContactPlane" fullname="Elemental.Tests.EditMode.FireFlowParticleSolverTests.DownJetOvercomesUpwardOwnerMotionAndStillRespectsContactPlane" methodname="DownJetOvercomesUpwardOwnerMotionAndStillRespectsContactPlane" classname="Elemental.Tests.EditMode.FireFlowParticleSolverTests" runstate="Runnable" seed="97368719" result="Passed" start-time="2026-09-09 23:19:14Z" end-time="2026-09-09 23:19:14Z" duration="0.006930" asserts="0">
                <properties>
                  <property name="retryIteration" value="0" />
                  <property name="repeatIteration" value="0" />
                </properties>
              </test-case>
              <test-case id="2465" name="HeadOnMomentumSpreadsAlongWallWithoutEnergyAmplification" fullname="Elemental.Tests.EditMode.FireFlowParticleSolverTests.HeadOnMomentumSpreadsAlongWallWithoutEnergyAmplification" methodname="HeadOnMomentumSpreadsAlongWallWithoutEnergyAmplification" classname="Elemental.Tests.EditMode.FireFlowParticleSolverTests" runstate="Runnable" seed="1658796258" result="Passed" start-time="2026-09-09 23:19:14Z" end-time="2026-09-09 23:19:14Z" duration="0.000769" asserts="0">
                <properties>
                  <property name="retryIteration" value="0" />
                  <property name="repeatIteration" value="0" />
                </properties>
              </test-case>
              <test-case id="2460" name="InjectionInheritsMotionWithoutMovingExistingParcelsOrChangingDefaultBudget" fullname="Elemental.Tests.EditMode.FireFlowParticleSolverTests.InjectionInheritsMotionWithoutMovingExistingParcelsOrChangingDefaultBudget" methodname="InjectionInheritsMotionWithoutMovingExistingParcelsOrChangingDefaultBudget" classname="Elemental.Tests.EditMode.FireFlowParticleSolverTests" runstate="Runnable" seed="96800420" result="Passed" start-time="2026-09-09 23:19:14Z" end-time="2026-09-09 23:19:14Z" duration="0.002953" asserts="0">
                <properties>
                  <property name="retryIteration" value="0" />
                  <property name="repeatIteration" value="0" />
                </properties>
              </test-case>
              <test-case id="2470" name="InsideSolidOrSaturatedQueryRetiresGasWithoutUnqueriedMotion" fullname="Elemental.Tests.EditMode.FireFlowParticleSolverTests.InsideSolidOrSaturatedQueryRetiresGasWithoutUnqueriedMotion" methodname="InsideSolidOrSaturatedQueryRetiresGasWithoutUnqueriedMotion" classname="Elemental.Tests.EditMode.FireFlowParticleSolverTests" runstate="Runnable" seed="432997086" result="Passed" start-time="2026-09-09 23:19:14Z" end-time="2026-09-09 23:19:14Z" duration="0.000594" asserts="0">
                <properties>
                  <property name="retryIteration" value="0" />
                  <property name="repeatIteration" value="0" />
                </properties>
              </test-case>
              <test-case id="2459" name="MovingTailUsesReducedRadiusInActualQueries" fullname="Elemental.Tests.EditMode.FireFlowParticleSolverTests.MovingTailUsesReducedRadiusInActualQueries" methodname="MovingTailUsesReducedRadiusInActualQueries" classname="Elemental.Tests.EditMode.FireFlowParticleSolverTests" runstate="Runnable" seed="958063446" result="Passed" start-time="2026-09-09 23:19:14Z" end-time="2026-09-09 23:19:14Z" duration="0.001449" asserts="0">
                <properties>
                  <property name="retryIteration" value="0" />
                  <property name="repeatIteration" value="0" />
                </properties>
              </test-case>
              <test-case id="2466" name="ObliqueImpactKeepsTangentialDirectionAndMovingWallVelocity" fullname="Elemental.Tests.EditMode.FireFlowParticleSolverTests.ObliqueImpactKeepsTangentialDirectionAndMovingWallVelocity" methodname="ObliqueImpactKeepsTangentialDirectionAndMovingWallVelocity" classname="Elemental.Tests.EditMode.FireFlowParticleSolverTests" runstate="Runnable" seed="1200188203" result="Passed" start-time="2026-09-09 23:19:14Z" end-time="2026-09-09 23:19:14Z" duration="0.000981" asserts="0">
                <properties>
                  <property name="retryIteration" value="0" />
                  <property name="repeatIteration" value="0" />
                </properties>
              </test-case>
              <test-case id="2468" name="OldParticlesKeepMomentumWhenAimTurnsAndReleaseDrains" fullname="Elemental.Tests.EditMode.FireFlowParticleSolverTests.OldParticlesKeepMomentumWhenAimTurnsAndReleaseDrains" methodname="OldParticlesKeepMomentumWhenAimTurnsAndReleaseDrains" classname="Elemental.Tests.EditMode.FireFlowParticleSolverTests" runstate="Runnable" seed="485731094" result="Passed" start-time="2026-09-09 23:19:14Z" end-time="2026-09-09 23:19:14Z" duration="0.006250" asserts="0">
                <properties>
                  <property name="retryIteration" value="0" />
                  <property name="repeatIteration" value="0" />
                </properties>
              </test-case>
              <test-case id="2479" name="RingCirculationTurnsVelocityWithoutTeleportingOrAmplifyingSpeed" fullname="Elemental.Tests.EditMode.FireFlowParticleSolverTests.RingCirculationTurnsVelocityWithoutTeleportingOrAmplifyingSpeed" methodname="RingCirculationTurnsVelocityWithoutTeleportingOrAmplifyingSpeed" classname="Elemental.Tests.EditMode.FireFlowParticleSolverTests" runstate="Runnable" seed="1771662714" result="Passed" start-time="2026-09-09 23:19:14Z" end-time="2026-09-09 23:19:14Z" duration="0.001474" asserts="0">
                <properties>
                  <property name="retryIteration" value="0" />
                  <property name="repeatIteration" value="0" />
                </properties>
              </test-case>
              <test-case id="2476" name="RingRateReducesSweepsWithoutSkippingElapsedTimeOrCornerContact" fullname="Elemental.Tests.EditMode.FireFlowParticleSolverTests.RingRateReducesSweepsWithoutSkippingElapsedTimeOrCornerContact" methodname="RingRateReducesSweepsWithoutSkippingElapsedTimeOrCornerContact" classname="Elemental.Tests.EditMode.FireFlowParticleSolverTests" runstate="Runnable" seed="1577859068" result="Passed" start-time="2026-09-09 23:19:14Z" end-time="2026-09-09 23:19:14Z" duration="0.019317" asserts="0">
                <properties>
                  <property name="retryIteration" value="0" />
                  <property name="repeatIteration" value="0" />
                </properties>
              </test-case>
              <test-case id="2473" name="ShortJetStaggersSweptBirthsAndDevelopsBodyWithoutExtraCapacity" fullname="Elemental.Tests.EditMode.FireFlowParticleSolverTests.ShortJetStaggersSweptBirthsAndDevelopsBodyWithoutExtraCapacity" methodname="ShortJetStaggersSweptBirthsAndDevelopsBodyWithoutExtraCapacity" classname="Elemental.Tests.EditMode.FireFlowParticleSolverTests" runstate="Runnable" seed="395231646" result="Passed" start-time="2026-09-09 23:19:14Z" end-time="2026-09-09 23:19:14Z" duration="0.028314" asserts="0">
                <properties>
                  <property name="retryIteration" value="0" />
                  <property name="repeatIteration" value="0" />
                </properties>
              </test-case>
              <test-case id="2478" name="SlowerBoltGasLeavesHotTrailThenCoolingSmokeBehindProjectile" fullname="Elemental.Tests.EditMode.FireFlowParticleSolverTests.SlowerBoltGasLeavesHotTrailThenCoolingSmokeBehindProjectile" methodname="SlowerBoltGasLeavesHotTrailThenCoolingSmokeBehindProjectile" classname="Elemental.Tests.EditMode.FireFlowParticleSolverTests" runstate="Runnable" seed="46444683" result="Passed" start-time="2026-09-09 23:19:14Z" end-time="2026-09-09 23:19:14Z" duration="0.002411" asserts="0">
                <properties>
                  <property name="retryIteration" value="0" />
                  <property name="repeatIteration" value="0" />
                </properties>
              </test-case>
              <test-case id="2458" name="TailRadiusKeepsMiddleAndDissipatesMonotonically" fullname="Elemental.Tests.EditMode.FireFlowParticleSolverTests.TailRadiusKeepsMiddleAndDissipatesMonotonically" methodname="TailRadiusKeepsMiddleAndDissipatesMonotonically" classname="Elemental.Tests.EditMode.FireFlowParticleSolverTests" runstate="Runnable" seed="1947785608" result="Passed" start-time="2026-09-09 23:19:14Z" end-time="2026-09-09 23:19:14Z" duration="0.001133" asserts="0">
                <properties>
                  <property name="retryIteration" value="0" />
                  <property name="repeatIteration" value="0" />
                </properties>
              </test-case>
              <test-case id="2462" name="TransportedHeatCoolsIntoSootBeforeRetirementAndRemainsBounded" fullname="Elemental.Tests.EditMode.FireFlowParticleSolverTests.TransportedHeatCoolsIntoSootBeforeRetirementAndRemainsBounded" methodname="TransportedHeatCoolsIntoSootBeforeRetirementAndRemainsBounded" classname="Elemental.Tests.EditMode.FireFlowParticleSolverTests" runstate="Runnable" seed="1962319898" result="Passed" start-time="2026-09-09 23:19:14Z" end-time="2026-09-09 23:19:14Z" duration="0.001912" asserts="0">
                <properties>
                  <property name="retryIteration" value="0" />
                  <property name="repeatIteration" value="0" />
                </properties>
              </test-case>
              <test-case id="2477" name="UniformSectorBirthsCoverRibbonWithoutUnqueriedWallCrossing" fullname="Elemental.Tests.EditMode.FireFlowParticleSolverTests.UniformSectorBirthsCoverRibbonWithoutUnqueriedWallCrossing" methodname="UniformSectorBirthsCoverRibbonWithoutUnqueriedWallCrossing" classname="Elemental.Tests.EditMode.FireFlowParticleSolverTests" runstate="Runnable" seed="2094967314" result="Passed" start-time="2026-09-09 23:19:14Z" end-time="2026-09-09 23:19:14Z" duration="0.011878" asserts="0">
                <properties>
                  <property name="retryIteration" value="0" />
                  <property name="repeatIteration" value="0" />
                </properties>
              </test-case>
              <test-case id="2463" name="WallFlowRetainsSmallTonguesAndLargerBodyScales" fullname="Elemental.Tests.EditMode.FireFlowParticleSolverTests.WallFlowRetainsSmallTonguesAndLargerBodyScales" methodname="WallFlowRetainsSmallTonguesAndLargerBodyScales" classname="Elemental.Tests.EditMode.FireFlowParticleSolverTests" runstate="Runnable" seed="1562299447" result="Passed" start-time="2026-09-09 23:19:14Z" end-time="2026-09-09 23:19:14Z" duration="0.016989" asserts="0">
                <properties>
                  <property name="retryIteration" value="0" />
                  <property name="repeatIteration" value="0" />
                </properties>
              </test-case>
            </test-suite>
            <test-suite type="TestFixture" id="2491" name="FireLightEnvelopeTests" fullname="Elemental.Tests.EditMode.FireLightEnvelopeTests" classname="Elemental.Tests.EditMode.FireLightEnvelopeTests" runstate="Runnable" testcasecount="1" result="Passed" start-time="2026-09-09 23:19:14Z" end-time="2026-09-09 23:19:14Z" duration="0.012906" total="1" passed="1" failed="0" inconclusive="0" skipped="0" asserts="0">
              <properties />
              <test-case id="2492" name="FlickerIsBoundedContinuousAndFadesWithHeat" fullname="Elemental.Tests.EditMode.FireLightEnvelopeTests.FlickerIsBoundedContinuousAndFadesWithHeat" methodname="FlickerIsBoundedContinuousAndFadesWithHeat" classname="Elemental.Tests.EditMode.FireLightEnvelopeTests" runstate="Runnable" seed="806957476" result="Passed" start-time="2026-09-09 23:19:14Z" end-time="2026-09-09 23:19:14Z" duration="0.004773" asserts="0">
                <properties>
                  <property name="retryIteration" value="0" />
                  <property name="repeatIteration" value="0" />
                </properties>
                <output><![CDATA[Saving results to: C:\Users\nirrt\OneDrive\Документы\ChatGPT\El Ements\El-Emental\BuildReports\HardPolish\Native061-FireRadianceEdit\results.xml
]]></output>
              </test-case>
            </test-suite>
          </test-suite>
        </test-suite>
      </test-suite>
    </test-suite>
  </test-suite>
</test-run>