<?xml version="1.0" encoding="utf-8"?>
<test-run id="2" testcasecount="2" result="Failed(Child)" total="2" passed="0" failed="2" inconclusive="0" skipped="0" asserts="0" engine-version="3.5.0.0" clr-version="4.0.30319.42000" start-time="2026-09-09 21:00:00Z" end-time="2026-09-09 21:00:30Z" duration="30.1233713">
  <test-suite type="TestSuite" id="1589" name="El-Emental" fullname="El-Emental" runstate="Runnable" testcasecount="435" result="Failed" site="Child" start-time="2026-09-09 21:00:00Z" end-time="2026-09-09 21:00:30Z" duration="30.123371" total="2" passed="0" failed="2" inconclusive="0" skipped="0" asserts="0">
    <properties>
      <property name="platform" value="PlayMode" />
    </properties>
    <failure>
      <message><![CDATA[One or more child tests had errors]]></message>
    </failure>
    <test-suite type="Assembly" id="1582" name="Elemental.Tests.PlayMode.dll" fullname="C:/Users/nirrt/OneDrive/Документы/ChatGPT/El Ements/El-Emental/Library/ScriptAssemblies/Elemental.Tests.PlayMode.dll" runstate="Runnable" testcasecount="429" result="Failed" site="Child" start-time="2026-09-09 21:00:00Z" end-time="2026-09-09 21:00:30Z" duration="30.104075" total="2" passed="0" failed="2" inconclusive="0" skipped="0" asserts="0">
      <properties>
        <property name="_PID" value="33036" />
        <property name="_APPDOMAIN" value="Unity Child Domain" />
        <property name="platform" value="PlayMode" />
        <property name="EditorOnly" value="False" />
      </properties>
      <failure>
        <message><![CDATA[One or more child tests had errors]]></message>
      </failure>
      <test-suite type="TestSuite" id="1583" name="Elemental" fullname="Elemental" runstate="Runnable" testcasecount="429" result="Failed" site="Child" start-time="2026-09-09 21:00:00Z" end-time="2026-09-09 21:00:30Z" duration="30.093535" total="2" passed="0" failed="2" inconclusive="0" skipped="0" asserts="0">
        <properties />
        <failure>
          <message><![CDATA[One or more child tests had errors]]></message>
        </failure>
        <test-suite type="TestSuite" id="1584" name="Tests" fullname="Elemental.Tests" runstate="Runnable" testcasecount="429" result="Failed" site="Child" start-time="2026-09-09 21:00:00Z" end-time="2026-09-09 21:00:30Z" duration="30.084746" total="2" passed="0" failed="2" inconclusive="0" skipped="0" asserts="0">
          <properties />
          <failure>
            <message><![CDATA[One or more child tests had errors]]></message>
          </failure>
          <test-suite type="TestSuite" id="1585" name="PlayMode" fullname="Elemental.Tests.PlayMode" runstate="Runnable" testcasecount="429" result="Failed" site="Child" start-time="2026-09-09 21:00:00Z" end-time="2026-09-09 21:00:30Z" duration="30.074735" total="2" passed="0" failed="2" inconclusive="0" skipped="0" asserts="0">
            <properties />
            <failure>
              <message><![CDATA[One or more child tests had errors]]></message>
            </failure>
            <test-suite type="TestFixture" id="1091" name="HardPolishFireStreamBindingRuntimeTests" fullname="Elemental.Tests.PlayMode.HardPolishFireStreamBindingRuntimeTests" classname="Elemental.Tests.PlayMode.HardPolishFireStreamBindingRuntimeTests" runstate="Runnable" testcasecount="27" result="Failed" site="Child" start-time="2026-09-09 21:00:00Z" end-time="2026-09-09 21:00:30Z" duration="30.024069" total="2" passed="0" failed="2" inconclusive="0" skipped="0" asserts="0">
              <properties />
              <failure>
                <message><![CDATA[One or more child tests had errors]]></message>
              </failure>
              <test-case id="1098" name="ActualHeldFireRingUsesExistingEarthPillarChargePose" fullname="Elemental.Tests.PlayMode.HardPolishFireStreamBindingRuntimeTests.ActualHeldFireRingUsesExistingEarthPillarChargePose" methodname="ActualHeldFireRingUsesExistingEarthPillarChargePose" classname="Elemental.Tests.PlayMode.HardPolishFireStreamBindingRuntimeTests" runstate="Runnable" seed="51474384" result="Failed" start-time="2026-09-09 21:00:00Z" end-time="2026-09-09 21:00:20Z" duration="19.779520" asserts="0">
                <properties>
                  <property name="_JOINTYPE" value="UnityCombinatorial" />
                  <property name="Timeout" value="240000" />
                  <property name="retryIteration" value="0" />
                  <property name="repeatIteration" value="0" />
                </properties>
                <failure>
                  <message><![CDATA[  Fire ring must reuse the same authored Earth charge state.
  Expected: 151293854
  But was:  -1269438207
]]></message>
                  <stack-trace><![CDATA[at Elemental.Tests.PlayMode.HardPolishFireStreamBindingRuntimeTests+<ActualHeldFireRingUsesExistingEarthPillarChargePose>d__17.MoveNext () [0x00101] in C:\Users\nirrt\OneDrive\Документы\ChatGPT\El Ements\El-Emental\Assets\Elemental\Tests\PlayMode\FireFlightPoseProductionTests.cs:29
at UnityEngine.TestTools.TestEnumerator+<Execute>d__7.MoveNext () [0x0003a] in .\Library\PackageCache\com.unity.test-framework@1405238725ab\UnityEngine.TestRunner\NUnitExtensions\Attributes\TestEnumerator.cs:44
]]></stack-trace>
                </failure>
                <output><![CDATA[Planet rock scatter seed 20260904: large 24/24, medium 160/160, clusters 128/128 (1515 cosmetic stones); rejected slots 0, surface attempts 3, overlap attempts 40.
[StartupCache] Scene ready in 4107.76ms; ground=exact baked base, cacheLoad=14.91ms, bakedPlans=4589, planMisses=0, cookedMeshes=13518/13518, backgroundCooking=1099.66ms, peakCookingPoll=0.27ms; sync=ArenaInitialize=102.02ms/15;ArenaBevel=89.27ms/175;ArenaMeshPicking=1.48ms/175;WallAwake=84.39ms/1;WallPieceVisuals=47.80ms/40;PlatformPoolAwake=8.55ms/1;PlatformRuntimeMeshes=1.07ms/12;PillarPoolAwake=19.43ms/1;PillarMeshLibrary=5.74ms/1;PillarColumns=13.69ms/1;DebrisPoolAwake=124.64ms/1;HeroFragmentPoolAwake=12.37ms/1.
]]></output>
              </test-case>
              <test-case id="1101" name="SavedRingChargesBeforeReleasingAndCancelsWithoutPhantomBlast" fullname="Elemental.Tests.PlayMode.HardPolishFireStreamBindingRuntimeTests.SavedRingChargesBeforeReleasingAndCancelsWithoutPhantomBlast" methodname="SavedRingChargesBeforeReleasingAndCancelsWithoutPhantomBlast" classname="Elemental.Tests.PlayMode.HardPolishFireStreamBindingRuntimeTests" runstate="Runnable" seed="985054823" result="Failed" start-time="2026-09-09 21:00:20Z" end-time="2026-09-09 21:00:30Z" duration="10.212222" asserts="0">
                <properties>
                  <property name="_JOINTYPE" value="UnityCombinatorial" />
                  <property name="Timeout" value="240000" />
                  <property name="retryIteration" value="0" />
                  <property name="repeatIteration" value="0" />
                </properties>
                <failure>
                  <message><![CDATA[  Expected: 1
  But was:  0.0f
]]></message>
                  <stack-trace><![CDATA[at Elemental.Tests.PlayMode.HardPolishFireStreamBindingRuntimeTests+<SavedRingChargesBeforeReleasingAndCancelsWithoutPhantomBlast>d__24.MoveNext () [0x0024e] in C:\Users\nirrt\OneDrive\Документы\ChatGPT\El Ements\El-Emental\Assets\Elemental\Tests\PlayMode\FireFollowupProductionTests.cs:30
at UnityEngine.TestTools.TestEnumerator+<Execute>d__7.MoveNext () [0x0003a] in .\Library\PackageCache\com.unity.test-framework@1405238725ab\UnityEngine.TestRunner\NUnitExtensions\Attributes\TestEnumerator.cs:44
]]></stack-trace>
                </failure>
                <output><![CDATA[Planet rock scatter seed 20260904: large 24/24, medium 160/160, clusters 128/128 (1515 cosmetic stones); rejected slots 0, surface attempts 3, overlap attempts 40.
[StartupCache] Scene ready in 2538.98ms; ground=exact baked base, cacheLoad=10.18ms, bakedPlans=4589, planMisses=0, cookedMeshes=13518/13518, backgroundCooking=530.30ms, peakCookingPoll=0.00ms; sync=ArenaInitialize=102.02ms/15;ArenaBevel=89.27ms/175;ArenaMeshPicking=1.48ms/175;WallAwake=84.39ms/1;WallPieceVisuals=47.80ms/40;PlatformPoolAwake=8.55ms/1;PlatformRuntimeMeshes=1.07ms/12;PillarPoolAwake=19.43ms/1;PillarMeshLibrary=5.74ms/1;PillarColumns=13.69ms/1;DebrisPoolAwake=124.64ms/1;HeroFragmentPoolAwake=12.37ms/1.
Saving results to: C:\Users\nirrt\OneDrive\Документы\ChatGPT\El Ements\El-Emental\BuildReports\HardPolish\Native055-HeldRingPose\results.xml
]]></output>
              </test-case>
            </test-suite>
          </test-suite>
        </test-suite>
      </test-suite>
    </test-suite>
  </test-suite>
</test-run>