<?xml version="1.0" encoding="utf-8"?>
<test-run id="2" testcasecount="2" result="Failed(Child)" total="2" passed="1" failed="1" inconclusive="0" skipped="0" asserts="0" engine-version="3.5.0.0" clr-version="4.0.30319.42000" start-time="2026-09-09 14:16:36Z" end-time="2026-09-09 14:17:28Z" duration="52.0730869">
  <test-suite type="TestSuite" id="1557" name="El-Emental" fullname="El-Emental" runstate="Runnable" testcasecount="404" result="Failed" site="Child" start-time="2026-09-09 14:16:36Z" end-time="2026-09-09 14:17:28Z" duration="52.073087" total="2" passed="1" failed="1" inconclusive="0" skipped="0" asserts="0">
    <properties>
      <property name="platform" value="PlayMode" />
    </properties>
    <failure>
      <message><![CDATA[One or more child tests had errors]]></message>
    </failure>
    <test-suite type="Assembly" id="1550" name="Elemental.Tests.PlayMode.dll" fullname="C:/Users/nirrt/OneDrive/Документы/ChatGPT/El Ements/El-Emental/Library/ScriptAssemblies/Elemental.Tests.PlayMode.dll" runstate="Runnable" testcasecount="398" result="Failed" site="Child" start-time="2026-09-09 14:16:36Z" end-time="2026-09-09 14:17:28Z" duration="52.040866" total="2" passed="1" failed="1" inconclusive="0" skipped="0" asserts="0">
      <properties>
        <property name="_PID" value="16264" />
        <property name="_APPDOMAIN" value="Unity Child Domain" />
        <property name="platform" value="PlayMode" />
        <property name="EditorOnly" value="False" />
      </properties>
      <failure>
        <message><![CDATA[One or more child tests had errors]]></message>
      </failure>
      <test-suite type="TestSuite" id="1551" name="Elemental" fullname="Elemental" runstate="Runnable" testcasecount="398" result="Failed" site="Child" start-time="2026-09-09 14:16:36Z" end-time="2026-09-09 14:17:28Z" duration="52.029900" total="2" passed="1" failed="1" inconclusive="0" skipped="0" asserts="0">
        <properties />
        <failure>
          <message><![CDATA[One or more child tests had errors]]></message>
        </failure>
        <test-suite type="TestSuite" id="1552" name="Tests" fullname="Elemental.Tests" runstate="Runnable" testcasecount="398" result="Failed" site="Child" start-time="2026-09-09 14:16:36Z" end-time="2026-09-09 14:17:28Z" duration="52.019089" total="2" passed="1" failed="1" inconclusive="0" skipped="0" asserts="0">
          <properties />
          <failure>
            <message><![CDATA[One or more child tests had errors]]></message>
          </failure>
          <test-suite type="TestSuite" id="1553" name="PlayMode" fullname="Elemental.Tests.PlayMode" runstate="Runnable" testcasecount="398" result="Failed" site="Child" start-time="2026-09-09 14:16:36Z" end-time="2026-09-09 14:17:28Z" duration="52.009434" total="2" passed="1" failed="1" inconclusive="0" skipped="0" asserts="0">
            <properties />
            <failure>
              <message><![CDATA[One or more child tests had errors]]></message>
            </failure>
            <test-suite type="TestFixture" id="1375" name="HardPolishFireStreamBindingRuntimeTests" fullname="Elemental.Tests.PlayMode.HardPolishFireStreamBindingRuntimeTests" classname="Elemental.Tests.PlayMode.HardPolishFireStreamBindingRuntimeTests" runstate="Runnable" testcasecount="8" result="Failed" site="Child" start-time="2026-09-09 14:16:36Z" end-time="2026-09-09 14:17:28Z" duration="51.948267" total="2" passed="1" failed="1" inconclusive="0" skipped="0" asserts="0">
              <properties />
              <failure>
                <message><![CDATA[One or more child tests had errors]]></message>
              </failure>
              <test-case id="1376" name="ActualTransportedFireSurvivesSkyVeilAndStillHonorsForegroundDepth" fullname="Elemental.Tests.PlayMode.HardPolishFireStreamBindingRuntimeTests.ActualTransportedFireSurvivesSkyVeilAndStillHonorsForegroundDepth" methodname="ActualTransportedFireSurvivesSkyVeilAndStillHonorsForegroundDepth" classname="Elemental.Tests.PlayMode.HardPolishFireStreamBindingRuntimeTests" runstate="Runnable" seed="320624309" result="Failed" start-time="2026-09-09 14:16:36Z" end-time="2026-09-09 14:17:01Z" duration="25.336627" asserts="0">
                <properties>
                  <property name="_JOINTYPE" value="UnityCombinatorial" />
                  <property name="Timeout" value="180000" />
                  <property name="retryIteration" value="0" />
                  <property name="repeatIteration" value="0" />
                </properties>
                <failure>
                  <message><![CDATA[  Foreground fire disappeared over the GPU-classified sky.
  Expected: greater than 0.899999976f
  But was:  0.855051219f
]]></message>
                  <stack-trace><![CDATA[at Elemental.Tests.PlayMode.HardPolishFireStreamBindingRuntimeTests+<ActualTransportedFireSurvivesSkyVeilAndStillHonorsForegroundDepth>d__2.MoveNext () [0x007e0] in C:\Users\nirrt\OneDrive\Документы\ChatGPT\El Ements\El-Emental\Assets\Elemental\Tests\PlayMode\FireFlowSkyBackgroundProductionTests.cs:68
at UnityEngine.TestTools.TestEnumerator+<Execute>d__7.MoveNext () [0x0003a] in .\Library\PackageCache\com.unity.test-framework@1405238725ab\UnityEngine.TestRunner\NUnitExtensions\Attributes\TestEnumerator.cs:44
]]></stack-trace>
                </failure>
                <output><![CDATA[Planet rock scatter seed 20260904: large 24/24, medium 160/160, clusters 128/128 (1515 cosmetic stones); rejected slots 0, surface attempts 3, overlap attempts 40.
[StartupCache] Scene ready in 4547.22ms; ground=exact baked base, cacheLoad=17.45ms, bakedPlans=4589, planMisses=0, cookedMeshes=13518/13518, backgroundCooking=1580.72ms, peakCookingPoll=0.38ms; sync=ArenaInitialize=373.24ms/15;ArenaBevel=353.55ms/175;ArenaMeshPicking=2.09ms/175;WallAwake=98.77ms/1;WallPieceVisuals=55.19ms/40;PlatformPoolAwake=9.82ms/1;PlatformRuntimeMeshes=1.32ms/12;PillarPoolAwake=18.51ms/1;PillarMeshLibrary=4.22ms/1;PillarColumns=14.29ms/1;DebrisPoolAwake=166.58ms/1;HeroFragmentPoolAwake=12.21ms/1.
]]></output>
              </test-case>
              <test-case id="1378" name="CollisionDrivenFireActualLinebreakerHeadOnObliqueCornerOrbitAimAndMovingCapture" fullname="Elemental.Tests.PlayMode.HardPolishFireStreamBindingRuntimeTests.CollisionDrivenFireActualLinebreakerHeadOnObliqueCornerOrbitAimAndMovingCapture" methodname="CollisionDrivenFireActualLinebreakerHeadOnObliqueCornerOrbitAimAndMovingCapture" classname="Elemental.Tests.PlayMode.HardPolishFireStreamBindingRuntimeTests" runstate="Runnable" seed="1792819809" result="Passed" start-time="2026-09-09 14:17:01Z" end-time="2026-09-09 14:17:28Z" duration="26.579686" asserts="0">
                <properties>
                  <property name="_JOINTYPE" value="UnityCombinatorial" />
                  <property name="Timeout" value="300000" />
                  <property name="retryIteration" value="0" />
                  <property name="repeatIteration" value="0" />
                </properties>
                <output><![CDATA[Planet rock scatter seed 20260904: large 24/24, medium 160/160, clusters 128/128 (1515 cosmetic stones); rejected slots 0, surface attempts 3, overlap attempts 40.
[StartupCache] Scene ready in 3234.04ms; ground=exact baked base, cacheLoad=11.29ms, bakedPlans=4589, planMisses=0, cookedMeshes=13518/13518, backgroundCooking=966.13ms, peakCookingPoll=0.01ms; sync=ArenaInitialize=373.24ms/15;ArenaBevel=353.55ms/175;ArenaMeshPicking=2.09ms/175;WallAwake=98.77ms/1;WallPieceVisuals=55.19ms/40;PlatformPoolAwake=9.82ms/1;PlatformRuntimeMeshes=1.32ms/12;PillarPoolAwake=18.51ms/1;PillarMeshLibrary=4.22ms/1;PillarColumns=14.29ms/1;DebrisPoolAwake=166.58ms/1;HeroFragmentPoolAwake=12.21ms/1.
Saving results to: C:\Users\nirrt\OneDrive\Документы\ChatGPT\El Ements\El-Emental\BuildReports\HardPolish\EditorRuns\fire-sky-017\results.xml
]]></output>
              </test-case>
            </test-suite>
          </test-suite>
        </test-suite>
      </test-suite>
    </test-suite>
  </test-suite>
</test-run>