<?xml version="1.0" encoding="utf-8"?>
<test-run id="2" testcasecount="2" result="Passed" total="2" passed="2" failed="0" inconclusive="0" skipped="0" asserts="0" engine-version="3.5.0.0" clr-version="4.0.30319.42000" start-time="2026-09-10 14:15:28Z" end-time="2026-09-10 14:16:09Z" duration="40.3659574">
  <test-suite type="TestSuite" id="1652" name="El-Emental" fullname="El-Emental" runstate="Runnable" testcasecount="495" result="Passed" start-time="2026-09-10 14:15:28Z" end-time="2026-09-10 14:16:09Z" duration="40.365957" total="2" passed="2" failed="0" inconclusive="0" skipped="0" asserts="0">
    <properties>
      <property name="platform" value="PlayMode" />
    </properties>
    <test-suite type="Assembly" id="1645" name="Elemental.Tests.PlayMode.dll" fullname="C:/Users/nirrt/OneDrive/Документы/ChatGPT/El Ements/El-Emental/Library/ScriptAssemblies/Elemental.Tests.PlayMode.dll" runstate="Runnable" testcasecount="489" result="Passed" start-time="2026-09-10 14:15:28Z" end-time="2026-09-10 14:16:09Z" duration="40.283926" total="2" passed="2" failed="0" inconclusive="0" skipped="0" asserts="0">
      <properties>
        <property name="_PID" value="34284" />
        <property name="_APPDOMAIN" value="Unity Child Domain" />
        <property name="platform" value="PlayMode" />
        <property name="EditorOnly" value="False" />
      </properties>
      <test-suite type="TestSuite" id="1646" name="Elemental" fullname="Elemental" runstate="Runnable" testcasecount="489" result="Passed" start-time="2026-09-10 14:15:28Z" end-time="2026-09-10 14:16:09Z" duration="40.270871" total="2" passed="2" failed="0" inconclusive="0" skipped="0" asserts="0">
        <properties />
        <test-suite type="TestSuite" id="1647" name="Tests" fullname="Elemental.Tests" runstate="Runnable" testcasecount="489" result="Passed" start-time="2026-09-10 14:15:28Z" end-time="2026-09-10 14:16:09Z" duration="40.261055" total="2" passed="2" failed="0" inconclusive="0" skipped="0" asserts="0">
          <properties />
          <test-suite type="TestSuite" id="1648" name="PlayMode" fullname="Elemental.Tests.PlayMode" runstate="Runnable" testcasecount="489" result="Passed" start-time="2026-09-10 14:15:28Z" end-time="2026-09-10 14:16:09Z" duration="40.251287" total="2" passed="2" failed="0" inconclusive="0" skipped="0" asserts="0">
            <properties />
            <test-suite type="TestFixture" id="1091" name="HardPolishFireStreamBindingRuntimeTests" fullname="Elemental.Tests.PlayMode.HardPolishFireStreamBindingRuntimeTests" classname="Elemental.Tests.PlayMode.HardPolishFireStreamBindingRuntimeTests" runstate="Runnable" testcasecount="81" result="Passed" start-time="2026-09-10 14:15:29Z" end-time="2026-09-10 14:16:09Z" duration="40.204872" total="2" passed="2" failed="0" inconclusive="0" skipped="0" asserts="0">
              <properties />
              <test-case id="1157" name="GithubElementalDuel" fullname="Elemental.Tests.PlayMode.HardPolishFireStreamBindingRuntimeTests.GithubElementalDuel" methodname="GithubElementalDuel" classname="Elemental.Tests.PlayMode.HardPolishFireStreamBindingRuntimeTests" runstate="Runnable" seed="1563455940" result="Passed" start-time="2026-09-10 14:15:29Z" end-time="2026-09-10 14:15:58Z" duration="29.753672" asserts="0">
                <properties>
                  <property name="_JOINTYPE" value="UnityCombinatorial" />
                  <property name="Timeout" value="240000" />
                  <property name="retryIteration" value="0" />
                  <property name="repeatIteration" value="0" />
                </properties>
                <output><![CDATA[Planet rock scatter seed 20260904: large 24/24, medium 160/160, clusters 128/128 (1515 cosmetic stones); rejected slots 0, surface attempts 3, overlap attempts 40.
[StartupCache] Scene ready in 6334.23ms; ground=exact baked base, cacheLoad=18.13ms, bakedPlans=4589, planMisses=0, cookedMeshes=13518/13518, backgroundCooking=1262.09ms, peakCookingPoll=0.30ms; sync=ArenaInitialize=58.91ms/15;ArenaBevel=46.51ms/175;ArenaMeshPicking=1.43ms/175;WallAwake=122.71ms/1;WallPieceVisuals=84.42ms/40;PlatformPoolAwake=10.03ms/1;PlatformRuntimeMeshes=1.34ms/12;PillarPoolAwake=26.29ms/1;PillarMeshLibrary=10.59ms/1;PillarColumns=15.69ms/1;DebrisPoolAwake=119.91ms/1;HeroFragmentPoolAwake=14.19ms/1.
]]></output>
              </test-case>
              <test-case id="1096" name="SavedProductionDustHaloSeparatesLightingBloomAndRendererSources" fullname="Elemental.Tests.PlayMode.HardPolishFireStreamBindingRuntimeTests.SavedProductionDustHaloSeparatesLightingBloomAndRendererSources" methodname="SavedProductionDustHaloSeparatesLightingBloomAndRendererSources" classname="Elemental.Tests.PlayMode.HardPolishFireStreamBindingRuntimeTests" runstate="Runnable" seed="1753795674" result="Passed" start-time="2026-09-10 14:15:58Z" end-time="2026-09-10 14:16:09Z" duration="10.399990" asserts="0">
                <properties>
                  <property name="_JOINTYPE" value="UnityCombinatorial" />
                  <property name="Timeout" value="240000" />
                  <property name="retryIteration" value="0" />
                  <property name="repeatIteration" value="0" />
                </properties>
                <output><![CDATA[Planet rock scatter seed 20260904: large 24/24, medium 160/160, clusters 128/128 (1515 cosmetic stones); rejected slots 0, surface attempts 3, overlap attempts 40.
[StartupCache] Scene ready in 3479.21ms; ground=exact baked base, cacheLoad=10.40ms, bakedPlans=4589, planMisses=0, cookedMeshes=13518/13518, backgroundCooking=561.95ms, peakCookingPoll=0.00ms; sync=ArenaInitialize=58.91ms/15;ArenaBevel=46.51ms/175;ArenaMeshPicking=1.43ms/175;WallAwake=122.71ms/1;WallPieceVisuals=84.42ms/40;PlatformPoolAwake=10.03ms/1;PlatformRuntimeMeshes=1.34ms/12;PillarPoolAwake=26.29ms/1;PillarMeshLibrary=10.59ms/1;PillarColumns=15.69ms/1;DebrisPoolAwake=119.91ms/1;HeroFragmentPoolAwake=14.19ms/1.
Saving results to: C:\Users\nirrt\OneDrive\Документы\ChatGPT\El Ements\El-Emental\BuildReports\HardPolish\Native118-DustShoulderDuel\results.xml
]]></output>
              </test-case>
            </test-suite>
          </test-suite>
        </test-suite>
      </test-suite>
    </test-suite>
  </test-suite>
</test-run>