<?xml version="1.0" encoding="utf-8"?>
<test-run id="2" testcasecount="1" result="Passed" total="1" passed="1" failed="0" inconclusive="0" skipped="0" asserts="0" engine-version="3.5.0.0" clr-version="4.0.30319.42000" start-time="2026-09-10 09:41:32Z" end-time="2026-09-10 09:41:56Z" duration="23.3474168">
  <test-suite type="TestSuite" id="1602" name="El-Emental" fullname="El-Emental" runstate="Runnable" testcasecount="448" result="Passed" start-time="2026-09-10 09:41:32Z" end-time="2026-09-10 09:41:56Z" duration="23.347417" total="1" passed="1" failed="0" inconclusive="0" skipped="0" asserts="0">
    <properties>
      <property name="platform" value="PlayMode" />
    </properties>
    <test-suite type="Assembly" id="1595" name="Elemental.Tests.PlayMode.dll" fullname="C:/Users/nirrt/OneDrive/Документы/ChatGPT/El Ements/El-Emental/Library/ScriptAssemblies/Elemental.Tests.PlayMode.dll" runstate="Runnable" testcasecount="442" result="Passed" start-time="2026-09-10 09:41:32Z" end-time="2026-09-10 09:41:56Z" duration="23.319052" total="1" passed="1" failed="0" inconclusive="0" skipped="0" asserts="0">
      <properties>
        <property name="_PID" value="34284" />
        <property name="_APPDOMAIN" value="Unity Child Domain" />
        <property name="platform" value="PlayMode" />
        <property name="EditorOnly" value="False" />
      </properties>
      <test-suite type="TestSuite" id="1596" name="Elemental" fullname="Elemental" runstate="Runnable" testcasecount="442" result="Passed" start-time="2026-09-10 09:41:32Z" end-time="2026-09-10 09:41:56Z" duration="23.308048" total="1" passed="1" failed="0" inconclusive="0" skipped="0" asserts="0">
        <properties />
        <test-suite type="TestSuite" id="1597" name="Tests" fullname="Elemental.Tests" runstate="Runnable" testcasecount="442" result="Passed" start-time="2026-09-10 09:41:32Z" end-time="2026-09-10 09:41:56Z" duration="23.283266" total="1" passed="1" failed="0" inconclusive="0" skipped="0" asserts="0">
          <properties />
          <test-suite type="TestSuite" id="1598" name="PlayMode" fullname="Elemental.Tests.PlayMode" runstate="Runnable" testcasecount="442" result="Passed" start-time="2026-09-10 09:41:32Z" end-time="2026-09-10 09:41:56Z" duration="23.241565" total="1" passed="1" failed="0" inconclusive="0" skipped="0" asserts="0">
            <properties />
            <test-suite type="TestFixture" id="1091" name="HardPolishFireStreamBindingRuntimeTests" fullname="Elemental.Tests.PlayMode.HardPolishFireStreamBindingRuntimeTests" classname="Elemental.Tests.PlayMode.HardPolishFireStreamBindingRuntimeTests" runstate="Runnable" testcasecount="39" result="Passed" start-time="2026-09-10 09:41:32Z" end-time="2026-09-10 09:41:56Z" duration="23.201961" total="1" passed="1" failed="0" inconclusive="0" skipped="0" asserts="0">
              <properties />
              <test-case id="1100" name="ActualSavedRivalBurnStaysOnVisibleSkinAndMaskDuringPoseChange" fullname="Elemental.Tests.PlayMode.HardPolishFireStreamBindingRuntimeTests.ActualSavedRivalBurnStaysOnVisibleSkinAndMaskDuringPoseChange" methodname="ActualSavedRivalBurnStaysOnVisibleSkinAndMaskDuringPoseChange" classname="Elemental.Tests.PlayMode.HardPolishFireStreamBindingRuntimeTests" runstate="Runnable" seed="1955681939" result="Passed" start-time="2026-09-10 09:41:32Z" end-time="2026-09-10 09:41:56Z" duration="23.176670" asserts="0">
                <properties>
                  <property name="_JOINTYPE" value="UnityCombinatorial" />
                  <property name="Timeout" value="240000" />
                  <property name="retryIteration" value="0" />
                  <property name="repeatIteration" value="0" />
                </properties>
                <output><![CDATA[Planet rock scatter seed 20260904: large 24/24, medium 160/160, clusters 128/128 (1515 cosmetic stones); rejected slots 0, surface attempts 3, overlap attempts 40.
[StartupCache] Scene ready in 4347.97ms; ground=exact baked base, cacheLoad=18.00ms, bakedPlans=4589, planMisses=0, cookedMeshes=13518/13518, backgroundCooking=1253.48ms, peakCookingPoll=0.33ms; sync=ArenaInitialize=136.12ms/15;ArenaBevel=121.87ms/175;ArenaMeshPicking=1.82ms/175;WallAwake=83.84ms/1;WallPieceVisuals=48.17ms/40;PlatformPoolAwake=9.19ms/1;PlatformRuntimeMeshes=1.27ms/12;PillarPoolAwake=17.21ms/1;PillarMeshLibrary=3.99ms/1;PillarColumns=13.22ms/1;DebrisPoolAwake=155.79ms/1;HeroFragmentPoolAwake=11.91ms/1.
Saving results to: C:\Users\nirrt\OneDrive\Документы\ChatGPT\El Ements\El-Emental\BuildReports\HardPolish\Native079-ActualRivalBurn\results.xml
]]></output>
              </test-case>
            </test-suite>
          </test-suite>
        </test-suite>
      </test-suite>
    </test-suite>
  </test-suite>
</test-run>