<?xml version="1.0" encoding="utf-8"?>
<test-run id="2" testcasecount="5" result="Passed" total="5" passed="5" failed="0" inconclusive="0" skipped="0" asserts="0" engine-version="3.5.0.0" clr-version="4.0.30319.42000" start-time="2026-09-10 12:48:14Z" end-time="2026-09-10 12:49:51Z" duration="96.4430842">
  <test-suite type="TestSuite" id="1631" name="El-Emental" fullname="El-Emental" runstate="Runnable" testcasecount="475" result="Passed" start-time="2026-09-10 12:48:14Z" end-time="2026-09-10 12:49:51Z" duration="96.443084" total="5" passed="5" failed="0" inconclusive="0" skipped="0" asserts="0">
    <properties>
      <property name="platform" value="PlayMode" />
    </properties>
    <test-suite type="Assembly" id="1624" name="Elemental.Tests.PlayMode.dll" fullname="C:/Users/nirrt/OneDrive/Документы/ChatGPT/El Ements/El-Emental/Library/ScriptAssemblies/Elemental.Tests.PlayMode.dll" runstate="Runnable" testcasecount="469" result="Passed" start-time="2026-09-10 12:48:15Z" end-time="2026-09-10 12:49:51Z" duration="96.396610" total="5" passed="5" failed="0" inconclusive="0" skipped="0" asserts="0">
      <properties>
        <property name="_PID" value="34284" />
        <property name="_APPDOMAIN" value="Unity Child Domain" />
        <property name="platform" value="PlayMode" />
        <property name="EditorOnly" value="False" />
      </properties>
      <test-suite type="TestSuite" id="1625" name="Elemental" fullname="Elemental" runstate="Runnable" testcasecount="469" result="Passed" start-time="2026-09-10 12:48:15Z" end-time="2026-09-10 12:49:51Z" duration="96.330323" total="5" passed="5" failed="0" inconclusive="0" skipped="0" asserts="0">
        <properties />
        <test-suite type="TestSuite" id="1626" name="Tests" fullname="Elemental.Tests" runstate="Runnable" testcasecount="469" result="Passed" start-time="2026-09-10 12:48:15Z" end-time="2026-09-10 12:49:51Z" duration="96.303552" total="5" passed="5" failed="0" inconclusive="0" skipped="0" asserts="0">
          <properties />
          <test-suite type="TestSuite" id="1627" name="PlayMode" fullname="Elemental.Tests.PlayMode" runstate="Runnable" testcasecount="469" result="Passed" start-time="2026-09-10 12:48:15Z" end-time="2026-09-10 12:49:51Z" duration="96.293791" total="5" passed="5" failed="0" inconclusive="0" skipped="0" asserts="0">
            <properties />
            <test-suite type="TestFixture" id="1091" name="HardPolishFireStreamBindingRuntimeTests" fullname="Elemental.Tests.PlayMode.HardPolishFireStreamBindingRuntimeTests" classname="Elemental.Tests.PlayMode.HardPolishFireStreamBindingRuntimeTests" runstate="Runnable" testcasecount="62" result="Passed" start-time="2026-09-10 12:48:15Z" end-time="2026-09-10 12:49:29Z" duration="74.184951" total="4" passed="4" failed="0" inconclusive="0" skipped="0" asserts="0">
              <properties />
              <test-case id="1101" name="ActualColumnFlameRemainsDetailedAcrossLateCameraOrbit" fullname="Elemental.Tests.PlayMode.HardPolishFireStreamBindingRuntimeTests.ActualColumnFlameRemainsDetailedAcrossLateCameraOrbit" methodname="ActualColumnFlameRemainsDetailedAcrossLateCameraOrbit" classname="Elemental.Tests.PlayMode.HardPolishFireStreamBindingRuntimeTests" runstate="Runnable" seed="1255986762" result="Passed" start-time="2026-09-10 12:48:15Z" end-time="2026-09-10 12:48:38Z" duration="22.925118" asserts="0">
                <properties>
                  <property name="_JOINTYPE" value="UnityCombinatorial" />
                  <property name="Timeout" value="240000" />
                  <property name="retryIteration" value="0" />
                  <property name="repeatIteration" value="0" />
                </properties>
                <output><![CDATA[Planet rock scatter seed 20260904: large 24/24, medium 160/160, clusters 128/128 (1515 cosmetic stones); rejected slots 0, surface attempts 3, overlap attempts 40.
[StartupCache] Scene ready in 4619.15ms; ground=exact baked base, cacheLoad=14.66ms, bakedPlans=4589, planMisses=0, cookedMeshes=13518/13518, backgroundCooking=1107.94ms, peakCookingPoll=0.32ms; sync=ArenaInitialize=44.62ms/15;ArenaBevel=33.01ms/175;ArenaMeshPicking=1.12ms/175;WallAwake=85.03ms/1;WallPieceVisuals=49.16ms/40;PlatformPoolAwake=9.07ms/1;PlatformRuntimeMeshes=1.25ms/12;PillarPoolAwake=21.12ms/1;PillarMeshLibrary=6.51ms/1;PillarColumns=14.60ms/1;DebrisPoolAwake=122.81ms/1;HeroFragmentPoolAwake=12.17ms/1.
]]></output>
              </test-case>
              <test-case id="1104" name="ActualFireDepthBokehKeepsFocusedFlameSharpAndSoftensDistantFlame" fullname="Elemental.Tests.PlayMode.HardPolishFireStreamBindingRuntimeTests.ActualFireDepthBokehKeepsFocusedFlameSharpAndSoftensDistantFlame" methodname="ActualFireDepthBokehKeepsFocusedFlameSharpAndSoftensDistantFlame" classname="Elemental.Tests.PlayMode.HardPolishFireStreamBindingRuntimeTests" runstate="Runnable" seed="1185515128" result="Passed" start-time="2026-09-10 12:48:38Z" end-time="2026-09-10 12:48:47Z" duration="9.150480" asserts="0">
                <properties>
                  <property name="_JOINTYPE" value="UnityCombinatorial" />
                  <property name="Timeout" value="240000" />
                  <property name="retryIteration" value="0" />
                  <property name="repeatIteration" value="0" />
                </properties>
                <output><![CDATA[Planet rock scatter seed 20260904: large 24/24, medium 160/160, clusters 128/128 (1515 cosmetic stones); rejected slots 0, surface attempts 3, overlap attempts 40.
[StartupCache] Scene ready in 3336.17ms; ground=exact baked base, cacheLoad=37.67ms, bakedPlans=4589, planMisses=0, cookedMeshes=13518/13518, backgroundCooking=613.06ms, peakCookingPoll=0.00ms; sync=ArenaInitialize=44.62ms/15;ArenaBevel=33.01ms/175;ArenaMeshPicking=1.12ms/175;WallAwake=85.03ms/1;WallPieceVisuals=49.16ms/40;PlatformPoolAwake=9.07ms/1;PlatformRuntimeMeshes=1.25ms/12;PillarPoolAwake=21.12ms/1;PillarMeshLibrary=6.51ms/1;PillarColumns=14.60ms/1;DebrisPoolAwake=122.81ms/1;HeroFragmentPoolAwake=12.17ms/1.
]]></output>
              </test-case>
              <test-case id="1137" name="ActualWeaveOrbitSphereChargedBoltAndDrillMotionCorpus" fullname="Elemental.Tests.PlayMode.HardPolishFireStreamBindingRuntimeTests.ActualWeaveOrbitSphereChargedBoltAndDrillMotionCorpus" methodname="ActualWeaveOrbitSphereChargedBoltAndDrillMotionCorpus" classname="Elemental.Tests.PlayMode.HardPolishFireStreamBindingRuntimeTests" runstate="Runnable" seed="1775248102" result="Passed" start-time="2026-09-10 12:48:47Z" end-time="2026-09-10 12:49:10Z" duration="22.477582" asserts="0">
                <properties>
                  <property name="_JOINTYPE" value="UnityCombinatorial" />
                  <property name="Timeout" value="240000" />
                  <property name="retryIteration" value="0" />
                  <property name="repeatIteration" value="0" />
                </properties>
                <output><![CDATA[Planet rock scatter seed 20260904: large 24/24, medium 160/160, clusters 128/128 (1515 cosmetic stones); rejected slots 0, surface attempts 3, overlap attempts 40.
[StartupCache] Scene ready in 3299.57ms; ground=exact baked base, cacheLoad=9.89ms, bakedPlans=4589, planMisses=0, cookedMeshes=13518/13518, backgroundCooking=546.42ms, peakCookingPoll=0.00ms; sync=ArenaInitialize=44.62ms/15;ArenaBevel=33.01ms/175;ArenaMeshPicking=1.12ms/175;WallAwake=85.03ms/1;WallPieceVisuals=49.16ms/40;PlatformPoolAwake=9.07ms/1;PlatformRuntimeMeshes=1.25ms/12;PillarPoolAwake=21.12ms/1;PillarMeshLibrary=6.51ms/1;PillarColumns=14.60ms/1;DebrisPoolAwake=122.81ms/1;HeroFragmentPoolAwake=12.17ms/1.
]]></output>
              </test-case>
              <test-case id="1115" name="SavedFighterContinuousFireMotionCorpus" fullname="Elemental.Tests.PlayMode.HardPolishFireStreamBindingRuntimeTests.SavedFighterContinuousFireMotionCorpus" methodname="SavedFighterContinuousFireMotionCorpus" classname="Elemental.Tests.PlayMode.HardPolishFireStreamBindingRuntimeTests" runstate="Runnable" seed="990154604" result="Passed" start-time="2026-09-10 12:49:10Z" end-time="2026-09-10 12:49:29Z" duration="19.387048" asserts="0">
                <properties>
                  <property name="_JOINTYPE" value="UnityCombinatorial" />
                  <property name="Timeout" value="240000" />
                  <property name="retryIteration" value="0" />
                  <property name="repeatIteration" value="0" />
                </properties>
                <output><![CDATA[Planet rock scatter seed 20260904: large 24/24, medium 160/160, clusters 128/128 (1515 cosmetic stones); rejected slots 0, surface attempts 3, overlap attempts 40.
[StartupCache] Scene ready in 3239.15ms; ground=exact baked base, cacheLoad=9.98ms, bakedPlans=4589, planMisses=0, cookedMeshes=13518/13518, backgroundCooking=560.32ms, peakCookingPoll=0.00ms; sync=ArenaInitialize=44.62ms/15;ArenaBevel=33.01ms/175;ArenaMeshPicking=1.12ms/175;WallAwake=85.03ms/1;WallPieceVisuals=49.16ms/40;PlatformPoolAwake=9.07ms/1;PlatformRuntimeMeshes=1.25ms/12;PillarPoolAwake=21.12ms/1;PillarMeshLibrary=6.51ms/1;PillarColumns=14.60ms/1;DebrisPoolAwake=122.81ms/1;HeroFragmentPoolAwake=12.17ms/1.
]]></output>
              </test-case>
            </test-suite>
            <test-suite type="TestFixture" id="1548" name="MenuLayoutProductionTests" fullname="Elemental.Tests.PlayMode.MenuLayoutProductionTests" classname="Elemental.Tests.PlayMode.MenuLayoutProductionTests" runstate="Runnable" testcasecount="1" result="Passed" start-time="2026-09-10 12:49:29Z" end-time="2026-09-10 12:49:51Z" duration="21.827874" total="1" passed="1" failed="0" inconclusive="0" skipped="0" asserts="0">
              <properties />
              <test-case id="1549" name="ProductionMenusAndResultsUseEditableLayoutsAndOneButtonPlate" fullname="Elemental.Tests.PlayMode.MenuLayoutProductionTests.ProductionMenusAndResultsUseEditableLayoutsAndOneButtonPlate" methodname="ProductionMenusAndResultsUseEditableLayoutsAndOneButtonPlate" classname="Elemental.Tests.PlayMode.MenuLayoutProductionTests" runstate="Runnable" seed="40521949" result="Passed" start-time="2026-09-10 12:49:29Z" end-time="2026-09-10 12:49:51Z" duration="21.803615" asserts="0">
                <properties>
                  <property name="_JOINTYPE" value="UnityCombinatorial" />
                  <property name="retryIteration" value="0" />
                  <property name="repeatIteration" value="0" />
                </properties>
                <output><![CDATA[Planet rock scatter seed 20260904: large 24/24, medium 160/160, clusters 128/128 (1515 cosmetic stones); rejected slots 0, surface attempts 3, overlap attempts 40.
[StartupCache] Scene ready in 3320.46ms; ground=exact baked base, cacheLoad=9.98ms, bakedPlans=4589, planMisses=0, cookedMeshes=13518/13518, backgroundCooking=616.07ms, peakCookingPoll=0.01ms; sync=ArenaInitialize=44.62ms/15;ArenaBevel=33.01ms/175;ArenaMeshPicking=1.12ms/175;WallAwake=85.03ms/1;WallPieceVisuals=49.16ms/40;PlatformPoolAwake=9.07ms/1;PlatformRuntimeMeshes=1.25ms/12;PillarPoolAwake=21.12ms/1;PillarMeshLibrary=6.51ms/1;PillarColumns=14.60ms/1;DebrisPoolAwake=122.81ms/1;HeroFragmentPoolAwake=12.17ms/1.
Saving results to: C:\Users\nirrt\OneDrive\Документы\ChatGPT\El Ements\El-Emental\BuildReports\HardPolish\Native103-FireDepthAllAbilities\results.xml
]]></output>
              </test-case>
            </test-suite>
          </test-suite>
        </test-suite>
      </test-suite>
    </test-suite>
  </test-suite>
</test-run>