<?xml version="1.0" encoding="utf-8"?>
<test-run id="2" testcasecount="19" result="Passed" total="19" passed="19" failed="0" inconclusive="0" skipped="0" asserts="0" engine-version="3.5.0.0" clr-version="4.0.30319.42000" start-time="2026-09-09 21:11:59Z" end-time="2026-09-09 21:12:00Z" duration="1.0253659">
  <test-suite type="TestSuite" id="1000" name="El-Emental" fullname="El-Emental" runstate="Runnable" testcasecount="1603" result="Passed" start-time="2026-09-09 21:11:59Z" end-time="2026-09-09 21:12:00Z" duration="1.025366" total="19" passed="19" failed="0" inconclusive="0" skipped="0" asserts="0">
    <properties>
      <property name="platform" value="EditMode" />
    </properties>
    <test-suite type="Assembly" id="3039" name="Elemental.Tests.EditMode.dll" fullname="C:/Users/nirrt/OneDrive/Документы/ChatGPT/El Ements/El-Emental/Library/ScriptAssemblies/Elemental.Tests.EditMode.dll" runstate="Runnable" testcasecount="1557" result="Passed" start-time="2026-09-09 21:11:59Z" end-time="2026-09-09 21:12:00Z" duration="0.917501" total="19" passed="19" failed="0" inconclusive="0" skipped="0" asserts="0">
      <properties>
        <property name="_PID" value="33036" />
        <property name="_APPDOMAIN" value="Unity Child Domain" />
        <property name="platform" value="EditMode" />
        <property name="EditorOnly" value="True" />
      </properties>
      <test-suite type="TestSuite" id="3040" name="Elemental" fullname="Elemental" runstate="Runnable" testcasecount="1551" result="Passed" start-time="2026-09-09 21:11:59Z" end-time="2026-09-09 21:12:00Z" duration="0.812134" total="19" passed="19" failed="0" inconclusive="0" skipped="0" asserts="0">
        <properties />
        <test-suite type="TestSuite" id="3041" name="Tests" fullname="Elemental.Tests" runstate="Runnable" testcasecount="1551" result="Passed" start-time="2026-09-09 21:12:00Z" end-time="2026-09-09 21:12:00Z" duration="0.704085" total="19" passed="19" failed="0" inconclusive="0" skipped="0" asserts="0">
          <properties />
          <test-suite type="TestSuite" id="3042" name="EditMode" fullname="Elemental.Tests.EditMode" runstate="Runnable" testcasecount="1551" result="Passed" start-time="2026-09-09 21:12:00Z" end-time="2026-09-09 21:12:00Z" duration="0.595971" total="19" passed="19" failed="0" inconclusive="0" skipped="0" asserts="0">
            <properties />
            <test-suite type="TestFixture" id="2457" name="FireFlowParticleSolverTests" fullname="Elemental.Tests.EditMode.FireFlowParticleSolverTests" classname="Elemental.Tests.EditMode.FireFlowParticleSolverTests" runstate="Runnable" testcasecount="19" result="Passed" start-time="2026-09-09 21:12:00Z" end-time="2026-09-09 21:12:00Z" duration="0.439277" total="19" passed="19" failed="0" inconclusive="0" skipped="0" asserts="0">
              <properties />
              <test-case id="2467" name="ActualTransportHitsHeadOnPlaneAndFansOutWithoutCrossing" fullname="Elemental.Tests.EditMode.FireFlowParticleSolverTests.ActualTransportHitsHeadOnPlaneAndFansOutWithoutCrossing" methodname="ActualTransportHitsHeadOnPlaneAndFansOutWithoutCrossing" classname="Elemental.Tests.EditMode.FireFlowParticleSolverTests" runstate="Runnable" seed="703247144" result="Passed" start-time="2026-09-09 21:12:00Z" end-time="2026-09-09 21:12:00Z" duration="0.059826" asserts="0">
                <properties>
                  <property name="retryIteration" value="0" />
                  <property name="repeatIteration" value="0" />
                </properties>
              </test-case>
              <test-case id="2475" name="CompactHotFlameLeavesBoundedTransportedCoolingSmokeAfterRelease" fullname="Elemental.Tests.EditMode.FireFlowParticleSolverTests.CompactHotFlameLeavesBoundedTransportedCoolingSmokeAfterRelease" methodname="CompactHotFlameLeavesBoundedTransportedCoolingSmokeAfterRelease" classname="Elemental.Tests.EditMode.FireFlowParticleSolverTests" runstate="Runnable" seed="2014539635" result="Passed" start-time="2026-09-09 21:12:00Z" end-time="2026-09-09 21:12:00Z" duration="0.011078" asserts="0">
                <properties>
                  <property name="retryIteration" value="0" />
                  <property name="repeatIteration" value="0" />
                </properties>
              </test-case>
              <test-case id="2474" name="CompactSurfaceFireReallyDeflectsAndDrainsWithinItsShortLifetime" fullname="Elemental.Tests.EditMode.FireFlowParticleSolverTests.CompactSurfaceFireReallyDeflectsAndDrainsWithinItsShortLifetime" methodname="CompactSurfaceFireReallyDeflectsAndDrainsWithinItsShortLifetime" classname="Elemental.Tests.EditMode.FireFlowParticleSolverTests" runstate="Runnable" seed="132665011" result="Passed" start-time="2026-09-09 21:12:00Z" end-time="2026-09-09 21:12:00Z" duration="0.014431" asserts="0">
                <properties>
                  <property name="retryIteration" value="0" />
                  <property name="repeatIteration" value="0" />
                </properties>
              </test-case>
              <test-case id="2472" name="CoolTorchInjectionStartsInTransportedCoolingState" fullname="Elemental.Tests.EditMode.FireFlowParticleSolverTests.CoolTorchInjectionStartsInTransportedCoolingState" methodname="CoolTorchInjectionStartsInTransportedCoolingState" classname="Elemental.Tests.EditMode.FireFlowParticleSolverTests" runstate="Runnable" seed="34019440" result="Passed" start-time="2026-09-09 21:12:00Z" end-time="2026-09-09 21:12:00Z" duration="0.000940" asserts="0">
                <properties>
                  <property name="retryIteration" value="0" />
                  <property name="repeatIteration" value="0" />
                </properties>
              </test-case>
              <test-case id="2469" name="CornerKeepsAllCentersOutsideBothWallsAndBounded" fullname="Elemental.Tests.EditMode.FireFlowParticleSolverTests.CornerKeepsAllCentersOutsideBothWallsAndBounded" methodname="CornerKeepsAllCentersOutsideBothWallsAndBounded" classname="Elemental.Tests.EditMode.FireFlowParticleSolverTests" runstate="Runnable" seed="1234314094" result="Passed" start-time="2026-09-09 21:12:00Z" end-time="2026-09-09 21:12:00Z" duration="0.076134" asserts="0">
                <properties>
                  <property name="retryIteration" value="0" />
                  <property name="repeatIteration" value="0" />
                </properties>
              </test-case>
              <test-case id="2464" name="DefaultWorldOriginContactCannotTeleportDistantGas" fullname="Elemental.Tests.EditMode.FireFlowParticleSolverTests.DefaultWorldOriginContactCannotTeleportDistantGas" methodname="DefaultWorldOriginContactCannotTeleportDistantGas" classname="Elemental.Tests.EditMode.FireFlowParticleSolverTests" runstate="Runnable" seed="1351538498" result="Passed" start-time="2026-09-09 21:12:00Z" end-time="2026-09-09 21:12:00Z" duration="0.000937" asserts="0">
                <properties>
                  <property name="retryIteration" value="0" />
                  <property name="repeatIteration" value="0" />
                </properties>
              </test-case>
              <test-case id="2471" name="DenseHandModeAbilityPresetsKeepExplicitCapacityAndSweepBudget" fullname="Elemental.Tests.EditMode.FireFlowParticleSolverTests.DenseHandModeAbilityPresetsKeepExplicitCapacityAndSweepBudget" methodname="DenseHandModeAbilityPresetsKeepExplicitCapacityAndSweepBudget" classname="Elemental.Tests.EditMode.FireFlowParticleSolverTests" runstate="Runnable" seed="1603939150" result="Passed" start-time="2026-09-09 21:12:00Z" end-time="2026-09-09 21:12:00Z" duration="0.011120" asserts="0">
                <properties>
                  <property name="retryIteration" value="0" />
                  <property name="repeatIteration" value="0" />
                </properties>
              </test-case>
              <test-case id="2461" name="DownJetOvercomesUpwardOwnerMotionAndStillRespectsContactPlane" fullname="Elemental.Tests.EditMode.FireFlowParticleSolverTests.DownJetOvercomesUpwardOwnerMotionAndStillRespectsContactPlane" methodname="DownJetOvercomesUpwardOwnerMotionAndStillRespectsContactPlane" classname="Elemental.Tests.EditMode.FireFlowParticleSolverTests" runstate="Runnable" seed="1887320161" result="Passed" start-time="2026-09-09 21:12:00Z" end-time="2026-09-09 21:12:00Z" duration="0.005885" asserts="0">
                <properties>
                  <property name="retryIteration" value="0" />
                  <property name="repeatIteration" value="0" />
                </properties>
              </test-case>
              <test-case id="2465" name="HeadOnMomentumSpreadsAlongWallWithoutEnergyAmplification" fullname="Elemental.Tests.EditMode.FireFlowParticleSolverTests.HeadOnMomentumSpreadsAlongWallWithoutEnergyAmplification" methodname="HeadOnMomentumSpreadsAlongWallWithoutEnergyAmplification" classname="Elemental.Tests.EditMode.FireFlowParticleSolverTests" runstate="Runnable" seed="143286445" result="Passed" start-time="2026-09-09 21:12:00Z" end-time="2026-09-09 21:12:00Z" duration="0.000737" asserts="0">
                <properties>
                  <property name="retryIteration" value="0" />
                  <property name="repeatIteration" value="0" />
                </properties>
              </test-case>
              <test-case id="2460" name="InjectionInheritsMotionWithoutMovingExistingParcelsOrChangingDefaultBudget" fullname="Elemental.Tests.EditMode.FireFlowParticleSolverTests.InjectionInheritsMotionWithoutMovingExistingParcelsOrChangingDefaultBudget" methodname="InjectionInheritsMotionWithoutMovingExistingParcelsOrChangingDefaultBudget" classname="Elemental.Tests.EditMode.FireFlowParticleSolverTests" runstate="Runnable" seed="1237798787" result="Passed" start-time="2026-09-09 21:12:00Z" end-time="2026-09-09 21:12:00Z" duration="0.002747" asserts="0">
                <properties>
                  <property name="retryIteration" value="0" />
                  <property name="repeatIteration" value="0" />
                </properties>
              </test-case>
              <test-case id="2470" name="InsideSolidOrSaturatedQueryRetiresGasWithoutUnqueriedMotion" fullname="Elemental.Tests.EditMode.FireFlowParticleSolverTests.InsideSolidOrSaturatedQueryRetiresGasWithoutUnqueriedMotion" methodname="InsideSolidOrSaturatedQueryRetiresGasWithoutUnqueriedMotion" classname="Elemental.Tests.EditMode.FireFlowParticleSolverTests" runstate="Runnable" seed="21475726" result="Passed" start-time="2026-09-09 21:12:00Z" end-time="2026-09-09 21:12:00Z" duration="0.000814" asserts="0">
                <properties>
                  <property name="retryIteration" value="0" />
                  <property name="repeatIteration" value="0" />
                </properties>
              </test-case>
              <test-case id="2459" name="MovingTailUsesReducedRadiusInActualQueries" fullname="Elemental.Tests.EditMode.FireFlowParticleSolverTests.MovingTailUsesReducedRadiusInActualQueries" methodname="MovingTailUsesReducedRadiusInActualQueries" classname="Elemental.Tests.EditMode.FireFlowParticleSolverTests" runstate="Runnable" seed="650026598" result="Passed" start-time="2026-09-09 21:12:00Z" end-time="2026-09-09 21:12:00Z" duration="0.001507" asserts="0">
                <properties>
                  <property name="retryIteration" value="0" />
                  <property name="repeatIteration" value="0" />
                </properties>
              </test-case>
              <test-case id="2466" name="ObliqueImpactKeepsTangentialDirectionAndMovingWallVelocity" fullname="Elemental.Tests.EditMode.FireFlowParticleSolverTests.ObliqueImpactKeepsTangentialDirectionAndMovingWallVelocity" methodname="ObliqueImpactKeepsTangentialDirectionAndMovingWallVelocity" classname="Elemental.Tests.EditMode.FireFlowParticleSolverTests" runstate="Runnable" seed="1747757212" result="Passed" start-time="2026-09-09 21:12:00Z" end-time="2026-09-09 21:12:00Z" duration="0.000956" asserts="0">
                <properties>
                  <property name="retryIteration" value="0" />
                  <property name="repeatIteration" value="0" />
                </properties>
              </test-case>
              <test-case id="2468" name="OldParticlesKeepMomentumWhenAimTurnsAndReleaseDrains" fullname="Elemental.Tests.EditMode.FireFlowParticleSolverTests.OldParticlesKeepMomentumWhenAimTurnsAndReleaseDrains" methodname="OldParticlesKeepMomentumWhenAimTurnsAndReleaseDrains" classname="Elemental.Tests.EditMode.FireFlowParticleSolverTests" runstate="Runnable" seed="1426656780" result="Passed" start-time="2026-09-09 21:12:00Z" end-time="2026-09-09 21:12:00Z" duration="0.006187" asserts="0">
                <properties>
                  <property name="retryIteration" value="0" />
                  <property name="repeatIteration" value="0" />
                </properties>
              </test-case>
              <test-case id="2476" name="RingRateReducesSweepsWithoutSkippingElapsedTimeOrCornerContact" fullname="Elemental.Tests.EditMode.FireFlowParticleSolverTests.RingRateReducesSweepsWithoutSkippingElapsedTimeOrCornerContact" methodname="RingRateReducesSweepsWithoutSkippingElapsedTimeOrCornerContact" classname="Elemental.Tests.EditMode.FireFlowParticleSolverTests" runstate="Runnable" seed="1130548337" result="Passed" start-time="2026-09-09 21:12:00Z" end-time="2026-09-09 21:12:00Z" duration="0.020758" asserts="0">
                <properties>
                  <property name="retryIteration" value="0" />
                  <property name="repeatIteration" value="0" />
                </properties>
              </test-case>
              <test-case id="2473" name="ShortJetStaggersSweptBirthsAndDevelopsBodyWithoutExtraCapacity" fullname="Elemental.Tests.EditMode.FireFlowParticleSolverTests.ShortJetStaggersSweptBirthsAndDevelopsBodyWithoutExtraCapacity" methodname="ShortJetStaggersSweptBirthsAndDevelopsBodyWithoutExtraCapacity" classname="Elemental.Tests.EditMode.FireFlowParticleSolverTests" runstate="Runnable" seed="1266778282" result="Passed" start-time="2026-09-09 21:12:00Z" end-time="2026-09-09 21:12:00Z" duration="0.026531" asserts="0">
                <properties>
                  <property name="retryIteration" value="0" />
                  <property name="repeatIteration" value="0" />
                </properties>
              </test-case>
              <test-case id="2458" name="TailRadiusKeepsMiddleAndDissipatesMonotonically" fullname="Elemental.Tests.EditMode.FireFlowParticleSolverTests.TailRadiusKeepsMiddleAndDissipatesMonotonically" methodname="TailRadiusKeepsMiddleAndDissipatesMonotonically" classname="Elemental.Tests.EditMode.FireFlowParticleSolverTests" runstate="Runnable" seed="1657642579" result="Passed" start-time="2026-09-09 21:12:00Z" end-time="2026-09-09 21:12:00Z" duration="0.000881" asserts="0">
                <properties>
                  <property name="retryIteration" value="0" />
                  <property name="repeatIteration" value="0" />
                </properties>
              </test-case>
              <test-case id="2462" name="TransportedHeatCoolsIntoSootBeforeRetirementAndRemainsBounded" fullname="Elemental.Tests.EditMode.FireFlowParticleSolverTests.TransportedHeatCoolsIntoSootBeforeRetirementAndRemainsBounded" methodname="TransportedHeatCoolsIntoSootBeforeRetirementAndRemainsBounded" classname="Elemental.Tests.EditMode.FireFlowParticleSolverTests" runstate="Runnable" seed="1320226763" result="Passed" start-time="2026-09-09 21:12:00Z" end-time="2026-09-09 21:12:00Z" duration="0.001853" asserts="0">
                <properties>
                  <property name="retryIteration" value="0" />
                  <property name="repeatIteration" value="0" />
                </properties>
              </test-case>
              <test-case id="2463" name="WallFlowRetainsSmallTonguesAndLargerBodyScales" fullname="Elemental.Tests.EditMode.FireFlowParticleSolverTests.WallFlowRetainsSmallTonguesAndLargerBodyScales" methodname="WallFlowRetainsSmallTonguesAndLargerBodyScales" classname="Elemental.Tests.EditMode.FireFlowParticleSolverTests" runstate="Runnable" seed="176457516" result="Passed" start-time="2026-09-09 21:12:00Z" end-time="2026-09-09 21:12:00Z" duration="0.016713" asserts="0">
                <properties>
                  <property name="retryIteration" value="0" />
                  <property name="repeatIteration" value="0" />
                </properties>
                <output><![CDATA[Saving results to: C:\Users\nirrt\OneDrive\Документы\ChatGPT\El Ements\El-Emental\BuildReports\HardPolish\Native058-RingQueryBudget\results.xml
]]></output>
              </test-case>
            </test-suite>
          </test-suite>
        </test-suite>
      </test-suite>
    </test-suite>
  </test-suite>
</test-run>