<?xml version="1.0" encoding="utf-8"?>
<test-run id="2" testcasecount="3" result="Failed(Child)" total="3" passed="2" failed="1" inconclusive="0" skipped="0" asserts="0" engine-version="3.5.0.0" clr-version="4.0.30319.42000" start-time="2026-09-10 12:59:47Z" end-time="2026-09-10 13:00:34Z" duration="46.7459633">
  <test-suite type="TestSuite" id="1631" name="El-Emental" fullname="El-Emental" runstate="Runnable" testcasecount="475" result="Failed" site="Child" start-time="2026-09-10 12:59:47Z" end-time="2026-09-10 13:00:34Z" duration="46.745963" total="3" passed="2" failed="1" inconclusive="0" skipped="0" asserts="0">
    <properties>
      <property name="platform" value="PlayMode" />
    </properties>
    <failure>
      <message><![CDATA[One or more child tests had errors]]></message>
    </failure>
    <test-suite type="Assembly" id="1624" name="Elemental.Tests.PlayMode.dll" fullname="C:/Users/nirrt/OneDrive/Документы/ChatGPT/El Ements/El-Emental/Library/ScriptAssemblies/Elemental.Tests.PlayMode.dll" runstate="Runnable" testcasecount="469" result="Failed" site="Child" start-time="2026-09-10 12:59:47Z" end-time="2026-09-10 13:00:34Z" duration="46.713197" total="3" passed="2" failed="1" inconclusive="0" skipped="0" asserts="0">
      <properties>
        <property name="_PID" value="34284" />
        <property name="_APPDOMAIN" value="Unity Child Domain" />
        <property name="platform" value="PlayMode" />
        <property name="EditorOnly" value="False" />
      </properties>
      <failure>
        <message><![CDATA[One or more child tests had errors]]></message>
      </failure>
      <test-suite type="TestSuite" id="1625" name="Elemental" fullname="Elemental" runstate="Runnable" testcasecount="469" result="Failed" site="Child" start-time="2026-09-10 12:59:47Z" end-time="2026-09-10 13:00:34Z" duration="46.702868" total="3" passed="2" failed="1" inconclusive="0" skipped="0" asserts="0">
        <properties />
        <failure>
          <message><![CDATA[One or more child tests had errors]]></message>
        </failure>
        <test-suite type="TestSuite" id="1626" name="Tests" fullname="Elemental.Tests" runstate="Runnable" testcasecount="469" result="Failed" site="Child" start-time="2026-09-10 12:59:47Z" end-time="2026-09-10 13:00:34Z" duration="46.693010" total="3" passed="2" failed="1" inconclusive="0" skipped="0" asserts="0">
          <properties />
          <failure>
            <message><![CDATA[One or more child tests had errors]]></message>
          </failure>
          <test-suite type="TestSuite" id="1627" name="PlayMode" fullname="Elemental.Tests.PlayMode" runstate="Runnable" testcasecount="469" result="Failed" site="Child" start-time="2026-09-10 12:59:47Z" end-time="2026-09-10 13:00:34Z" duration="46.683298" total="3" passed="2" failed="1" inconclusive="0" skipped="0" asserts="0">
            <properties />
            <failure>
              <message><![CDATA[One or more child tests had errors]]></message>
            </failure>
            <test-suite type="TestFixture" id="1091" name="HardPolishFireStreamBindingRuntimeTests" fullname="Elemental.Tests.PlayMode.HardPolishFireStreamBindingRuntimeTests" classname="Elemental.Tests.PlayMode.HardPolishFireStreamBindingRuntimeTests" runstate="Runnable" testcasecount="62" result="Failed" site="Child" start-time="2026-09-10 12:59:48Z" end-time="2026-09-10 13:00:34Z" duration="46.609195" total="3" passed="2" failed="1" inconclusive="0" skipped="0" asserts="0">
              <properties />
              <failure>
                <message><![CDATA[One or more child tests had errors]]></message>
              </failure>
              <test-case id="1092" name="SavedAmbientMotesKeepTheirRealSizeAndFadeNearCameraWithBloomComparison" fullname="Elemental.Tests.PlayMode.HardPolishFireStreamBindingRuntimeTests.SavedAmbientMotesKeepTheirRealSizeAndFadeNearCameraWithBloomComparison" methodname="SavedAmbientMotesKeepTheirRealSizeAndFadeNearCameraWithBloomComparison" classname="Elemental.Tests.PlayMode.HardPolishFireStreamBindingRuntimeTests" runstate="Runnable" seed="537352751" result="Passed" start-time="2026-09-10 12:59:48Z" end-time="2026-09-10 13:00:11Z" duration="23.428515" asserts="0">
                <properties>
                  <property name="_JOINTYPE" value="UnityCombinatorial" />
                  <property name="Timeout" value="240000" />
                  <property name="retryIteration" value="0" />
                  <property name="repeatIteration" value="0" />
                </properties>
                <output><![CDATA[Planet rock scatter seed 20260904: large 24/24, medium 160/160, clusters 128/128 (1515 cosmetic stones); rejected slots 0, surface attempts 3, overlap attempts 40.
[StartupCache] Scene ready in 4709.73ms; ground=exact baked base, cacheLoad=15.31ms, bakedPlans=4589, planMisses=0, cookedMeshes=13518/13518, backgroundCooking=1114.79ms, peakCookingPoll=0.30ms; sync=ArenaInitialize=44.16ms/15;ArenaBevel=32.79ms/175;ArenaMeshPicking=1.00ms/175;WallAwake=81.89ms/1;WallPieceVisuals=47.08ms/40;PlatformPoolAwake=9.18ms/1;PlatformRuntimeMeshes=1.29ms/12;PillarPoolAwake=18.21ms/1;PillarMeshLibrary=4.77ms/1;PillarColumns=13.43ms/1;DebrisPoolAwake=138.94ms/1;HeroFragmentPoolAwake=11.99ms/1.
]]></output>
              </test-case>
              <test-case id="1123" name="SavedArenaNightBurnLampsWarmOpaqueReceiversWithVisibleFlamesAndSmoke" fullname="Elemental.Tests.PlayMode.HardPolishFireStreamBindingRuntimeTests.SavedArenaNightBurnLampsWarmOpaqueReceiversWithVisibleFlamesAndSmoke" methodname="SavedArenaNightBurnLampsWarmOpaqueReceiversWithVisibleFlamesAndSmoke" classname="Elemental.Tests.PlayMode.HardPolishFireStreamBindingRuntimeTests" runstate="Runnable" seed="1595173184" result="Passed" start-time="2026-09-10 13:00:11Z" end-time="2026-09-10 13:00:24Z" duration="12.534146" asserts="0">
                <properties>
                  <property name="_JOINTYPE" value="UnityCombinatorial" />
                  <property name="Timeout" value="300000" />
                  <property name="retryIteration" value="0" />
                  <property name="repeatIteration" value="0" />
                </properties>
                <output><![CDATA[Planet rock scatter seed 20260904: large 24/24, medium 160/160, clusters 128/128 (1515 cosmetic stones); rejected slots 0, surface attempts 3, overlap attempts 40.
[StartupCache] Scene ready in 3538.36ms; ground=exact baked base, cacheLoad=10.99ms, bakedPlans=4589, planMisses=0, cookedMeshes=13518/13518, backgroundCooking=677.52ms, peakCookingPoll=0.01ms; sync=ArenaInitialize=44.16ms/15;ArenaBevel=32.79ms/175;ArenaMeshPicking=1.00ms/175;WallAwake=81.89ms/1;WallPieceVisuals=47.08ms/40;PlatformPoolAwake=9.18ms/1;PlatformRuntimeMeshes=1.29ms/12;PillarPoolAwake=18.21ms/1;PillarMeshLibrary=4.77ms/1;PillarColumns=13.43ms/1;DebrisPoolAwake=138.94ms/1;HeroFragmentPoolAwake=11.99ms/1.
]]></output>
              </test-case>
              <test-case id="1121" name="SavedFighterMeteorSheathFollowsPosedBodyDuringUnobstructedFlight" fullname="Elemental.Tests.PlayMode.HardPolishFireStreamBindingRuntimeTests.SavedFighterMeteorSheathFollowsPosedBodyDuringUnobstructedFlight" methodname="SavedFighterMeteorSheathFollowsPosedBodyDuringUnobstructedFlight" classname="Elemental.Tests.PlayMode.HardPolishFireStreamBindingRuntimeTests" runstate="Runnable" seed="2009003449" result="Failed" start-time="2026-09-10 13:00:24Z" end-time="2026-09-10 13:00:34Z" duration="10.592663" asserts="0">
                <properties>
                  <property name="_JOINTYPE" value="UnityCombinatorial" />
                  <property name="Timeout" value="240000" />
                  <property name="retryIteration" value="0" />
                  <property name="repeatIteration" value="0" />
                </properties>
                <failure>
                  <message><![CDATA[  Need 18 actual fast unblocked frames, not just an enabled VFX flag.
  Expected: 18
  But was:  8
]]></message>
                  <stack-trace><![CDATA[at Elemental.Tests.PlayMode.HardPolishFireStreamBindingRuntimeTests+<SavedFighterMeteorSheathFollowsPosedBodyDuringUnobstructedFlight>d__47.MoveNext () [0x00a6d] in C:\Users\nirrt\OneDrive\Документы\ChatGPT\El Ements\El-Emental\Assets\Elemental\Tests\PlayMode\FireMeteorBodyAttachmentTests.cs:103
at UnityEngine.TestTools.TestEnumerator+<Execute>d__7.MoveNext () [0x0003a] in .\Library\PackageCache\com.unity.test-framework@1405238725ab\UnityEngine.TestRunner\NUnitExtensions\Attributes\TestEnumerator.cs:44
]]></stack-trace>
                </failure>
                <output><![CDATA[Planet rock scatter seed 20260904: large 24/24, medium 160/160, clusters 128/128 (1515 cosmetic stones); rejected slots 0, surface attempts 3, overlap attempts 40.
[StartupCache] Scene ready in 3215.01ms; ground=exact baked base, cacheLoad=11.23ms, bakedPlans=4589, planMisses=0, cookedMeshes=13518/13518, backgroundCooking=548.04ms, peakCookingPoll=0.00ms; sync=ArenaInitialize=44.16ms/15;ArenaBevel=32.79ms/175;ArenaMeshPicking=1.00ms/175;WallAwake=81.89ms/1;WallPieceVisuals=47.08ms/40;PlatformPoolAwake=9.18ms/1;PlatformRuntimeMeshes=1.29ms/12;PillarPoolAwake=18.21ms/1;PillarMeshLibrary=4.77ms/1;PillarColumns=13.43ms/1;DebrisPoolAwake=138.94ms/1;HeroFragmentPoolAwake=11.99ms/1.
Saving results to: C:\Users\nirrt\OneDrive\Документы\ChatGPT\El Ements\El-Emental\BuildReports\HardPolish\Native105-AmbientNightFlight\results.xml
]]></output>
              </test-case>
            </test-suite>
          </test-suite>
        </test-suite>
      </test-suite>
    </test-suite>
  </test-suite>
</test-run>