<?xml version="1.0" encoding="utf-8"?>
<test-run id="2" testcasecount="3" result="Passed" total="3" passed="3" failed="0" inconclusive="0" skipped="0" asserts="0" engine-version="3.5.0.0" clr-version="4.0.30319.42000" start-time="2026-09-05 15:20:48Z" end-time="2026-09-05 15:20:48Z" duration="0.0082387">
  <test-suite type="TestSuite" id="1277" name="El-Emental" fullname="El-Emental" runstate="Runnable" testcasecount="898" result="Passed" start-time="2026-09-05 15:20:48Z" end-time="2026-09-05 15:20:48Z" duration="0.008239" total="3" passed="3" failed="0" inconclusive="0" skipped="0" asserts="0">
    <properties>
      <property name="platform" value="EditMode" />
    </properties>
    <test-suite type="Assembly" id="2385" name="Elemental.Tests.EditMode.dll" fullname="C:/Users/nirrt/OneDrive/Документы/ChatGPT/El Ements/El-Emental/Library/ScriptAssemblies/Elemental.Tests.EditMode.dll" runstate="Runnable" testcasecount="887" result="Passed" start-time="2026-09-05 15:20:48Z" end-time="2026-09-05 15:20:48Z" duration="0.007833" total="3" passed="3" failed="0" inconclusive="0" skipped="0" asserts="0">
      <properties>
        <property name="_PID" value="56680" />
        <property name="_APPDOMAIN" value="Unity Child Domain" />
        <property name="platform" value="EditMode" />
        <property name="EditorOnly" value="True" />
      </properties>
      <test-suite type="TestSuite" id="2386" name="Elemental" fullname="Elemental" runstate="Runnable" testcasecount="887" result="Passed" start-time="2026-09-05 15:20:48Z" end-time="2026-09-05 15:20:48Z" duration="0.007768" total="3" passed="3" failed="0" inconclusive="0" skipped="0" asserts="0">
        <properties />
        <test-suite type="TestSuite" id="2387" name="Tests" fullname="Elemental.Tests" runstate="Runnable" testcasecount="887" result="Passed" start-time="2026-09-05 15:20:48Z" end-time="2026-09-05 15:20:48Z" duration="0.007708" total="3" passed="3" failed="0" inconclusive="0" skipped="0" asserts="0">
          <properties />
          <test-suite type="TestSuite" id="2388" name="EditMode" fullname="Elemental.Tests.EditMode" runstate="Runnable" testcasecount="887" result="Passed" start-time="2026-09-05 15:20:48Z" end-time="2026-09-05 15:20:48Z" duration="0.007620" total="3" passed="3" failed="0" inconclusive="0" skipped="0" asserts="0">
            <properties />
            <test-suite type="TestFixture" id="1475" name="EarthArmorCoverageShellTests" fullname="Elemental.Tests.EditMode.EarthArmorCoverageShellTests" classname="Elemental.Tests.EditMode.EarthArmorCoverageShellTests" runstate="Runnable" testcasecount="3" result="Passed" start-time="2026-09-05 15:20:48Z" end-time="2026-09-05 15:20:48Z" duration="0.007141" total="3" passed="3" failed="0" inconclusive="0" skipped="0" asserts="0">
              <properties />
              <test-case id="1477" name="CollarHasNoUpwardFacePlateAndNoAngularHoleOverFortyFiveDegrees" fullname="Elemental.Tests.EditMode.EarthArmorCoverageShellTests.CollarHasNoUpwardFacePlateAndNoAngularHoleOverFortyFiveDegrees" methodname="CollarHasNoUpwardFacePlateAndNoAngularHoleOverFortyFiveDegrees" classname="Elemental.Tests.EditMode.EarthArmorCoverageShellTests" runstate="Runnable" seed="738089580" result="Passed" start-time="2026-09-05 15:20:48Z" end-time="2026-09-05 15:20:48Z" duration="0.003357" asserts="0">
                <properties>
                  <property name="retryIteration" value="0" />
                  <property name="repeatIteration" value="0" />
                </properties>
              </test-case>
              <test-case id="1476" name="JunctionFillersCoverCollarShouldersAndBothTorsoSeams" fullname="Elemental.Tests.EditMode.EarthArmorCoverageShellTests.JunctionFillersCoverCollarShouldersAndBothTorsoSeams" methodname="JunctionFillersCoverCollarShouldersAndBothTorsoSeams" classname="Elemental.Tests.EditMode.EarthArmorCoverageShellTests" runstate="Runnable" seed="299702260" result="Passed" start-time="2026-09-05 15:20:48Z" end-time="2026-09-05 15:20:48Z" duration="0.000841" asserts="0">
                <properties>
                  <property name="retryIteration" value="0" />
                  <property name="repeatIteration" value="0" />
                </properties>
              </test-case>
              <test-case id="1478" name="ShoulderCapsAreMirroredAndIncludeOneClavicleBridge" fullname="Elemental.Tests.EditMode.EarthArmorCoverageShellTests.ShoulderCapsAreMirroredAndIncludeOneClavicleBridge" methodname="ShoulderCapsAreMirroredAndIncludeOneClavicleBridge" classname="Elemental.Tests.EditMode.EarthArmorCoverageShellTests" runstate="Runnable" seed="809692417" result="Passed" start-time="2026-09-05 15:20:48Z" end-time="2026-09-05 15:20:48Z" duration="0.000556" asserts="0">
                <properties>
                  <property name="retryIteration" value="0" />
                  <property name="repeatIteration" value="0" />
                </properties>
                <output><![CDATA[Saving results to: C:\Users\nirrt\OneDrive\Документы\ChatGPT\El Ements\El-Emental\BuildReports\ArmorCoverageEdit.xml
]]></output>
              </test-case>
            </test-suite>
          </test-suite>
        </test-suite>
      </test-suite>
    </test-suite>
  </test-suite>
</test-run>