<?xml version="1.0" encoding="utf-8"?>
<test-run id="2" testcasecount="2" result="Passed" total="2" passed="2" failed="0" inconclusive="0" skipped="0" asserts="0" engine-version="3.5.0.0" clr-version="4.0.30319.42000" start-time="2026-09-10 14:29:05Z" end-time="2026-09-10 14:29:52Z" duration="47.1334898">
  <test-suite type="TestSuite" id="1652" name="El-Emental" fullname="El-Emental" runstate="Runnable" testcasecount="495" result="Passed" start-time="2026-09-10 14:29:05Z" end-time="2026-09-10 14:29:52Z" duration="47.133490" total="2" passed="2" failed="0" inconclusive="0" skipped="0" asserts="0">
    <properties>
      <property name="platform" value="PlayMode" />
    </properties>
    <test-suite type="Assembly" id="1645" name="Elemental.Tests.PlayMode.dll" fullname="C:/Users/nirrt/OneDrive/Документы/ChatGPT/El Ements/El-Emental/Library/ScriptAssemblies/Elemental.Tests.PlayMode.dll" runstate="Runnable" testcasecount="489" result="Passed" start-time="2026-09-10 14:29:05Z" end-time="2026-09-10 14:29:52Z" duration="47.031797" total="2" passed="2" failed="0" inconclusive="0" skipped="0" asserts="0">
      <properties>
        <property name="_PID" value="34284" />
        <property name="_APPDOMAIN" value="Unity Child Domain" />
        <property name="platform" value="PlayMode" />
        <property name="EditorOnly" value="False" />
      </properties>
      <test-suite type="TestSuite" id="1646" name="Elemental" fullname="Elemental" runstate="Runnable" testcasecount="489" result="Passed" start-time="2026-09-10 14:29:05Z" end-time="2026-09-10 14:29:52Z" duration="47.004843" total="2" passed="2" failed="0" inconclusive="0" skipped="0" asserts="0">
        <properties />
        <test-suite type="TestSuite" id="1647" name="Tests" fullname="Elemental.Tests" runstate="Runnable" testcasecount="489" result="Passed" start-time="2026-09-10 14:29:05Z" end-time="2026-09-10 14:29:52Z" duration="46.981625" total="2" passed="2" failed="0" inconclusive="0" skipped="0" asserts="0">
          <properties />
          <test-suite type="TestSuite" id="1648" name="PlayMode" fullname="Elemental.Tests.PlayMode" runstate="Runnable" testcasecount="489" result="Passed" start-time="2026-09-10 14:29:05Z" end-time="2026-09-10 14:29:52Z" duration="46.965214" total="2" passed="2" failed="0" inconclusive="0" skipped="0" asserts="0">
            <properties />
            <test-suite type="TestFixture" id="1091" name="HardPolishFireStreamBindingRuntimeTests" fullname="Elemental.Tests.PlayMode.HardPolishFireStreamBindingRuntimeTests" classname="Elemental.Tests.PlayMode.HardPolishFireStreamBindingRuntimeTests" runstate="Runnable" testcasecount="81" result="Passed" start-time="2026-09-10 14:29:05Z" end-time="2026-09-10 14:29:52Z" duration="46.913791" total="2" passed="2" failed="0" inconclusive="0" skipped="0" asserts="0">
              <properties />
              <test-case id="1154" name="GithubFireContour" fullname="Elemental.Tests.PlayMode.HardPolishFireStreamBindingRuntimeTests.GithubFireContour" methodname="GithubFireContour" classname="Elemental.Tests.PlayMode.HardPolishFireStreamBindingRuntimeTests" runstate="Runnable" seed="194684233" result="Passed" start-time="2026-09-10 14:29:05Z" end-time="2026-09-10 14:29:35Z" duration="30.206227" asserts="0">
                <properties>
                  <property name="_JOINTYPE" value="UnityCombinatorial" />
                  <property name="Timeout" value="240000" />
                  <property name="retryIteration" value="0" />
                  <property name="repeatIteration" value="0" />
                </properties>
                <output><![CDATA[Planet rock scatter seed 20260904: large 24/24, medium 160/160, clusters 128/128 (1515 cosmetic stones); rejected slots 0, surface attempts 3, overlap attempts 40.
[StartupCache] Scene ready in 5358.27ms; ground=exact baked base, cacheLoad=16.55ms, bakedPlans=4589, planMisses=0, cookedMeshes=13518/13518, backgroundCooking=1479.28ms, peakCookingPoll=0.35ms; sync=ArenaInitialize=50.38ms/15;ArenaBevel=37.01ms/175;ArenaMeshPicking=1.22ms/175;WallAwake=107.96ms/1;WallPieceVisuals=62.45ms/40;PlatformPoolAwake=11.84ms/1;PlatformRuntimeMeshes=1.52ms/12;PillarPoolAwake=24.85ms/1;PillarMeshLibrary=5.96ms/1;PillarColumns=18.86ms/1;DebrisPoolAwake=132.50ms/1;HeroFragmentPoolAwake=13.45ms/1.
]]></output>
              </test-case>
              <test-case id="1156" name="GithubFireFlight" fullname="Elemental.Tests.PlayMode.HardPolishFireStreamBindingRuntimeTests.GithubFireFlight" methodname="GithubFireFlight" classname="Elemental.Tests.PlayMode.HardPolishFireStreamBindingRuntimeTests" runstate="Runnable" seed="1780204549" result="Passed" start-time="2026-09-10 14:29:35Z" end-time="2026-09-10 14:29:52Z" duration="16.644436" asserts="0">
                <properties>
                  <property name="_JOINTYPE" value="UnityCombinatorial" />
                  <property name="Timeout" value="240000" />
                  <property name="retryIteration" value="0" />
                  <property name="repeatIteration" value="0" />
                </properties>
                <output><![CDATA[Planet rock scatter seed 20260904: large 24/24, medium 160/160, clusters 128/128 (1515 cosmetic stones); rejected slots 0, surface attempts 3, overlap attempts 40.
[StartupCache] Scene ready in 3306.28ms; ground=exact baked base, cacheLoad=10.99ms, bakedPlans=4589, planMisses=0, cookedMeshes=13518/13518, backgroundCooking=551.45ms, peakCookingPoll=0.00ms; sync=ArenaInitialize=50.38ms/15;ArenaBevel=37.01ms/175;ArenaMeshPicking=1.22ms/175;WallAwake=107.96ms/1;WallPieceVisuals=62.45ms/40;PlatformPoolAwake=11.84ms/1;PlatformRuntimeMeshes=1.52ms/12;PillarPoolAwake=24.85ms/1;PillarMeshLibrary=5.96ms/1;PillarColumns=18.86ms/1;DebrisPoolAwake=132.50ms/1;HeroFragmentPoolAwake=13.45ms/1.
Saving results to: C:\Users\nirrt\OneDrive\Документы\ChatGPT\El Ements\El-Emental\BuildReports\HardPolish\Native120-FireCaptureFollowup\results.xml
]]></output>
              </test-case>
            </test-suite>
          </test-suite>
        </test-suite>
      </test-suite>
    </test-suite>
  </test-suite>
</test-run>