<?xml version="1.0" encoding="utf-8"?>
<test-run id="2" testcasecount="1" result="Passed" total="1" passed="1" failed="0" inconclusive="0" skipped="0" asserts="0" engine-version="3.5.0.0" clr-version="4.0.30319.42000" start-time="2026-09-09 23:59:09Z" end-time="2026-09-09 23:59:32Z" duration="23.8470246">
  <test-suite type="TestSuite" id="1596" name="El-Emental" fullname="El-Emental" runstate="Runnable" testcasecount="442" result="Passed" start-time="2026-09-09 23:59:09Z" end-time="2026-09-09 23:59:32Z" duration="23.847025" total="1" passed="1" failed="0" inconclusive="0" skipped="0" asserts="0">
    <properties>
      <property name="platform" value="PlayMode" />
    </properties>
    <test-suite type="Assembly" id="1589" name="Elemental.Tests.PlayMode.dll" fullname="C:/Users/nirrt/OneDrive/Документы/ChatGPT/El Ements/El-Emental/Library/ScriptAssemblies/Elemental.Tests.PlayMode.dll" runstate="Runnable" testcasecount="436" result="Passed" start-time="2026-09-09 23:59:09Z" end-time="2026-09-09 23:59:32Z" duration="23.806813" total="1" passed="1" failed="0" inconclusive="0" skipped="0" asserts="0">
      <properties>
        <property name="_PID" value="33036" />
        <property name="_APPDOMAIN" value="Unity Child Domain" />
        <property name="platform" value="PlayMode" />
        <property name="EditorOnly" value="False" />
      </properties>
      <test-suite type="TestSuite" id="1590" name="Elemental" fullname="Elemental" runstate="Runnable" testcasecount="436" result="Passed" start-time="2026-09-09 23:59:09Z" end-time="2026-09-09 23:59:32Z" duration="23.747207" total="1" passed="1" failed="0" inconclusive="0" skipped="0" asserts="0">
        <properties />
        <test-suite type="TestSuite" id="1591" name="Tests" fullname="Elemental.Tests" runstate="Runnable" testcasecount="436" result="Passed" start-time="2026-09-09 23:59:09Z" end-time="2026-09-09 23:59:32Z" duration="23.718229" total="1" passed="1" failed="0" inconclusive="0" skipped="0" asserts="0">
          <properties />
          <test-suite type="TestSuite" id="1592" name="PlayMode" fullname="Elemental.Tests.PlayMode" runstate="Runnable" testcasecount="436" result="Passed" start-time="2026-09-09 23:59:09Z" end-time="2026-09-09 23:59:32Z" duration="23.706900" total="1" passed="1" failed="0" inconclusive="0" skipped="0" asserts="0">
            <properties />
            <test-suite type="TestFixture" id="1091" name="HardPolishFireStreamBindingRuntimeTests" fullname="Elemental.Tests.PlayMode.HardPolishFireStreamBindingRuntimeTests" classname="Elemental.Tests.PlayMode.HardPolishFireStreamBindingRuntimeTests" runstate="Runnable" testcasecount="33" result="Passed" start-time="2026-09-09 23:59:09Z" end-time="2026-09-09 23:59:32Z" duration="23.681034" total="1" passed="1" failed="0" inconclusive="0" skipped="0" asserts="0">
              <properties />
              <test-case id="1099" name="ActualFireballImpactFlashesThenLeavesCoolingSmoke" fullname="Elemental.Tests.PlayMode.HardPolishFireStreamBindingRuntimeTests.ActualFireballImpactFlashesThenLeavesCoolingSmoke" methodname="ActualFireballImpactFlashesThenLeavesCoolingSmoke" classname="Elemental.Tests.PlayMode.HardPolishFireStreamBindingRuntimeTests" runstate="Runnable" seed="477328109" result="Passed" start-time="2026-09-09 23:59:09Z" end-time="2026-09-09 23:59:32Z" duration="23.655759" asserts="0">
                <properties>
                  <property name="_JOINTYPE" value="UnityCombinatorial" />
                  <property name="Timeout" value="240000" />
                  <property name="retryIteration" value="0" />
                  <property name="repeatIteration" value="0" />
                </properties>
                <output><![CDATA[Planet rock scatter seed 20260904: large 24/24, medium 160/160, clusters 128/128 (1515 cosmetic stones); rejected slots 0, surface attempts 3, overlap attempts 40.
[StartupCache] Scene ready in 5282.15ms; ground=exact baked base, cacheLoad=17.56ms, bakedPlans=4589, planMisses=0, cookedMeshes=13518/13518, backgroundCooking=1329.50ms, peakCookingPoll=0.33ms; sync=ArenaInitialize=101.35ms/15;ArenaBevel=87.06ms/175;ArenaMeshPicking=1.80ms/175;WallAwake=88.99ms/1;WallPieceVisuals=49.92ms/40;PlatformPoolAwake=9.78ms/1;PlatformRuntimeMeshes=1.36ms/12;PillarPoolAwake=18.56ms/1;PillarMeshLibrary=4.10ms/1;PillarColumns=14.46ms/1;DebrisPoolAwake=175.78ms/1;HeroFragmentPoolAwake=13.16ms/1.
Saving results to: C:\Users\nirrt\OneDrive\Документы\ChatGPT\El Ements\El-Emental\BuildReports\HardPolish\Native070-ImpactFlash\results.xml
]]></output>
              </test-case>
            </test-suite>
          </test-suite>
        </test-suite>
      </test-suite>
    </test-suite>
  </test-suite>
</test-run>