<?xml version="1.0" encoding="utf-8"?>
<test-run id="2" testcasecount="4" result="Passed" total="4" passed="4" failed="0" inconclusive="0" skipped="0" asserts="0" engine-version="3.5.0.0" clr-version="4.0.30319.42000" start-time="2026-09-10 13:03:35Z" end-time="2026-09-10 13:04:46Z" duration="71.4040634">
  <test-suite type="TestSuite" id="1631" name="El-Emental" fullname="El-Emental" runstate="Runnable" testcasecount="475" result="Passed" start-time="2026-09-10 13:03:35Z" end-time="2026-09-10 13:04:46Z" duration="71.404063" total="4" passed="4" failed="0" inconclusive="0" skipped="0" asserts="0">
    <properties>
      <property name="platform" value="PlayMode" />
    </properties>
    <test-suite type="Assembly" id="1624" name="Elemental.Tests.PlayMode.dll" fullname="C:/Users/nirrt/OneDrive/Документы/ChatGPT/El Ements/El-Emental/Library/ScriptAssemblies/Elemental.Tests.PlayMode.dll" runstate="Runnable" testcasecount="469" result="Passed" start-time="2026-09-10 13:03:35Z" end-time="2026-09-10 13:04:46Z" duration="71.322220" total="4" passed="4" failed="0" inconclusive="0" skipped="0" asserts="0">
      <properties>
        <property name="_PID" value="34284" />
        <property name="_APPDOMAIN" value="Unity Child Domain" />
        <property name="platform" value="PlayMode" />
        <property name="EditorOnly" value="False" />
      </properties>
      <test-suite type="TestSuite" id="1625" name="Elemental" fullname="Elemental" runstate="Runnable" testcasecount="469" result="Passed" start-time="2026-09-10 13:03:35Z" end-time="2026-09-10 13:04:46Z" duration="71.311491" total="4" passed="4" failed="0" inconclusive="0" skipped="0" asserts="0">
        <properties />
        <test-suite type="TestSuite" id="1626" name="Tests" fullname="Elemental.Tests" runstate="Runnable" testcasecount="469" result="Passed" start-time="2026-09-10 13:03:35Z" end-time="2026-09-10 13:04:46Z" duration="71.300939" total="4" passed="4" failed="0" inconclusive="0" skipped="0" asserts="0">
          <properties />
          <test-suite type="TestSuite" id="1627" name="PlayMode" fullname="Elemental.Tests.PlayMode" runstate="Runnable" testcasecount="469" result="Passed" start-time="2026-09-10 13:03:35Z" end-time="2026-09-10 13:04:46Z" duration="71.290398" total="4" passed="4" failed="0" inconclusive="0" skipped="0" asserts="0">
            <properties />
            <test-suite type="TestFixture" id="1091" name="HardPolishFireStreamBindingRuntimeTests" fullname="Elemental.Tests.PlayMode.HardPolishFireStreamBindingRuntimeTests" classname="Elemental.Tests.PlayMode.HardPolishFireStreamBindingRuntimeTests" runstate="Runnable" testcasecount="62" result="Passed" start-time="2026-09-10 13:03:35Z" end-time="2026-09-10 13:04:46Z" duration="71.213562" total="4" passed="4" failed="0" inconclusive="0" skipped="0" asserts="0">
              <properties />
              <test-case id="1104" name="ActualFireDepthBokehKeepsFocusedFlameSharpAndSoftensDistantFlame" fullname="Elemental.Tests.PlayMode.HardPolishFireStreamBindingRuntimeTests.ActualFireDepthBokehKeepsFocusedFlameSharpAndSoftensDistantFlame" methodname="ActualFireDepthBokehKeepsFocusedFlameSharpAndSoftensDistantFlame" classname="Elemental.Tests.PlayMode.HardPolishFireStreamBindingRuntimeTests" runstate="Runnable" seed="130865947" result="Passed" start-time="2026-09-10 13:03:35Z" end-time="2026-09-10 13:03:56Z" duration="20.403664" asserts="0">
                <properties>
                  <property name="_JOINTYPE" value="UnityCombinatorial" />
                  <property name="Timeout" value="240000" />
                  <property name="retryIteration" value="0" />
                  <property name="repeatIteration" value="0" />
                </properties>
                <output><![CDATA[Planet rock scatter seed 20260904: large 24/24, medium 160/160, clusters 128/128 (1515 cosmetic stones); rejected slots 0, surface attempts 3, overlap attempts 40.
[StartupCache] Scene ready in 4660.69ms; ground=exact baked base, cacheLoad=15.69ms, bakedPlans=4589, planMisses=0, cookedMeshes=13518/13518, backgroundCooking=1081.10ms, peakCookingPoll=0.28ms; sync=ArenaInitialize=43.81ms/15;ArenaBevel=32.67ms/175;ArenaMeshPicking=1.04ms/175;WallAwake=78.55ms/1;WallPieceVisuals=45.87ms/40;PlatformPoolAwake=8.73ms/1;PlatformRuntimeMeshes=1.26ms/12;PillarPoolAwake=16.77ms/1;PillarMeshLibrary=3.94ms/1;PillarColumns=12.82ms/1;DebrisPoolAwake=138.67ms/1;HeroFragmentPoolAwake=11.66ms/1.
]]></output>
              </test-case>
              <test-case id="1122" name="ActualWheelMorphDrawFadeAndSphericalWaveReviewCorpus" fullname="Elemental.Tests.PlayMode.HardPolishFireStreamBindingRuntimeTests.ActualWheelMorphDrawFadeAndSphericalWaveReviewCorpus" methodname="ActualWheelMorphDrawFadeAndSphericalWaveReviewCorpus" classname="Elemental.Tests.PlayMode.HardPolishFireStreamBindingRuntimeTests" runstate="Runnable" seed="1305537543" result="Passed" start-time="2026-09-10 13:03:56Z" end-time="2026-09-10 13:04:21Z" duration="25.552156" asserts="0">
                <properties>
                  <property name="_JOINTYPE" value="UnityCombinatorial" />
                  <property name="Timeout" value="240000" />
                  <property name="retryIteration" value="0" />
                  <property name="repeatIteration" value="0" />
                </properties>
                <output><![CDATA[Planet rock scatter seed 20260904: large 24/24, medium 160/160, clusters 128/128 (1515 cosmetic stones); rejected slots 0, surface attempts 3, overlap attempts 40.
[StartupCache] Scene ready in 3444.64ms; ground=exact baked base, cacheLoad=10.30ms, bakedPlans=4589, planMisses=0, cookedMeshes=13518/13518, backgroundCooking=663.94ms, peakCookingPoll=0.01ms; sync=ArenaInitialize=43.81ms/15;ArenaBevel=32.67ms/175;ArenaMeshPicking=1.04ms/175;WallAwake=78.55ms/1;WallPieceVisuals=45.87ms/40;PlatformPoolAwake=8.73ms/1;PlatformRuntimeMeshes=1.26ms/12;PillarPoolAwake=16.77ms/1;PillarMeshLibrary=3.94ms/1;PillarColumns=12.82ms/1;DebrisPoolAwake=138.67ms/1;HeroFragmentPoolAwake=11.66ms/1.
]]></output>
              </test-case>
              <test-case id="1092" name="SavedAmbientMotesKeepTheirRealSizeAndFadeNearCameraWithBloomComparison" fullname="Elemental.Tests.PlayMode.HardPolishFireStreamBindingRuntimeTests.SavedAmbientMotesKeepTheirRealSizeAndFadeNearCameraWithBloomComparison" methodname="SavedAmbientMotesKeepTheirRealSizeAndFadeNearCameraWithBloomComparison" classname="Elemental.Tests.PlayMode.HardPolishFireStreamBindingRuntimeTests" runstate="Runnable" seed="43098112" result="Passed" start-time="2026-09-10 13:04:21Z" end-time="2026-09-10 13:04:34Z" duration="12.588949" asserts="0">
                <properties>
                  <property name="_JOINTYPE" value="UnityCombinatorial" />
                  <property name="Timeout" value="240000" />
                  <property name="retryIteration" value="0" />
                  <property name="repeatIteration" value="0" />
                </properties>
                <output><![CDATA[Planet rock scatter seed 20260904: large 24/24, medium 160/160, clusters 128/128 (1515 cosmetic stones); rejected slots 0, surface attempts 3, overlap attempts 40.
[StartupCache] Scene ready in 3961.77ms; ground=exact baked base, cacheLoad=10.41ms, bakedPlans=4589, planMisses=0, cookedMeshes=13518/13518, backgroundCooking=687.77ms, peakCookingPoll=0.01ms; sync=ArenaInitialize=43.81ms/15;ArenaBevel=32.67ms/175;ArenaMeshPicking=1.04ms/175;WallAwake=78.55ms/1;WallPieceVisuals=45.87ms/40;PlatformPoolAwake=8.73ms/1;PlatformRuntimeMeshes=1.26ms/12;PillarPoolAwake=16.77ms/1;PillarMeshLibrary=3.94ms/1;PillarColumns=12.82ms/1;DebrisPoolAwake=138.67ms/1;HeroFragmentPoolAwake=11.66ms/1.
]]></output>
              </test-case>
              <test-case id="1123" name="SavedArenaNightBurnLampsWarmOpaqueReceiversWithVisibleFlamesAndSmoke" fullname="Elemental.Tests.PlayMode.HardPolishFireStreamBindingRuntimeTests.SavedArenaNightBurnLampsWarmOpaqueReceiversWithVisibleFlamesAndSmoke" methodname="SavedArenaNightBurnLampsWarmOpaqueReceiversWithVisibleFlamesAndSmoke" classname="Elemental.Tests.PlayMode.HardPolishFireStreamBindingRuntimeTests" runstate="Runnable" seed="1708962206" result="Passed" start-time="2026-09-10 13:04:34Z" end-time="2026-09-10 13:04:46Z" duration="12.586215" asserts="0">
                <properties>
                  <property name="_JOINTYPE" value="UnityCombinatorial" />
                  <property name="Timeout" value="300000" />
                  <property name="retryIteration" value="0" />
                  <property name="repeatIteration" value="0" />
                </properties>
                <output><![CDATA[Planet rock scatter seed 20260904: large 24/24, medium 160/160, clusters 128/128 (1515 cosmetic stones); rejected slots 0, surface attempts 3, overlap attempts 40.
[StartupCache] Scene ready in 3260.20ms; ground=exact baked base, cacheLoad=10.33ms, bakedPlans=4589, planMisses=0, cookedMeshes=13518/13518, backgroundCooking=576.57ms, peakCookingPoll=0.00ms; sync=ArenaInitialize=43.81ms/15;ArenaBevel=32.67ms/175;ArenaMeshPicking=1.04ms/175;WallAwake=78.55ms/1;WallPieceVisuals=45.87ms/40;PlatformPoolAwake=8.73ms/1;PlatformRuntimeMeshes=1.26ms/12;PillarPoolAwake=16.77ms/1;PillarMeshLibrary=3.94ms/1;PillarColumns=12.82ms/1;DebrisPoolAwake=138.67ms/1;HeroFragmentPoolAwake=11.66ms/1.
Saving results to: C:\Users\nirrt\OneDrive\Документы\ChatGPT\El Ements\El-Emental\BuildReports\HardPolish\Native106-HdrDepthAndDraw\results.xml
]]></output>
              </test-case>
            </test-suite>
          </test-suite>
        </test-suite>
      </test-suite>
    </test-suite>
  </test-suite>
</test-run>