<?xml version="1.0" encoding="utf-8"?>
<test-run id="2" testcasecount="6" result="Failed(Child)" total="6" passed="5" failed="1" inconclusive="0" skipped="0" asserts="0" engine-version="3.5.0.0" clr-version="4.0.30319.42000" start-time="2026-09-09 20:15:54Z" end-time="2026-09-09 20:16:29Z" duration="34.869726">
  <test-suite type="TestSuite" id="1586" name="El-Emental" fullname="El-Emental" runstate="Runnable" testcasecount="432" result="Failed" site="Child" start-time="2026-09-09 20:15:54Z" end-time="2026-09-09 20:16:29Z" duration="34.869726" total="6" passed="5" failed="1" inconclusive="0" skipped="0" asserts="0">
    <properties>
      <property name="platform" value="PlayMode" />
    </properties>
    <failure>
      <message><![CDATA[One or more child tests had errors]]></message>
    </failure>
    <test-suite type="Assembly" id="1579" name="Elemental.Tests.PlayMode.dll" fullname="C:/Users/nirrt/OneDrive/Документы/ChatGPT/El Ements/El-Emental/Library/ScriptAssemblies/Elemental.Tests.PlayMode.dll" runstate="Runnable" testcasecount="426" result="Failed" site="Child" start-time="2026-09-09 20:15:55Z" end-time="2026-09-09 20:16:29Z" duration="34.696998" total="6" passed="5" failed="1" inconclusive="0" skipped="0" asserts="0">
      <properties>
        <property name="_PID" value="16264" />
        <property name="_APPDOMAIN" value="Unity Child Domain" />
        <property name="platform" value="PlayMode" />
        <property name="EditorOnly" value="False" />
      </properties>
      <failure>
        <message><![CDATA[One or more child tests had errors]]></message>
      </failure>
      <test-suite type="TestSuite" id="1580" name="Elemental" fullname="Elemental" runstate="Runnable" testcasecount="426" result="Failed" site="Child" start-time="2026-09-09 20:15:55Z" end-time="2026-09-09 20:16:29Z" duration="34.686728" total="6" passed="5" failed="1" inconclusive="0" skipped="0" asserts="0">
        <properties />
        <failure>
          <message><![CDATA[One or more child tests had errors]]></message>
        </failure>
        <test-suite type="TestSuite" id="1581" name="Tests" fullname="Elemental.Tests" runstate="Runnable" testcasecount="426" result="Failed" site="Child" start-time="2026-09-09 20:15:55Z" end-time="2026-09-09 20:16:29Z" duration="34.677927" total="6" passed="5" failed="1" inconclusive="0" skipped="0" asserts="0">
          <properties />
          <failure>
            <message><![CDATA[One or more child tests had errors]]></message>
          </failure>
          <test-suite type="TestSuite" id="1582" name="PlayMode" fullname="Elemental.Tests.PlayMode" runstate="Runnable" testcasecount="426" result="Failed" site="Child" start-time="2026-09-09 20:15:55Z" end-time="2026-09-09 20:16:29Z" duration="34.669499" total="6" passed="5" failed="1" inconclusive="0" skipped="0" asserts="0">
            <properties />
            <failure>
              <message><![CDATA[One or more child tests had errors]]></message>
            </failure>
            <test-suite type="TestFixture" id="1413" name="FireFlowShallowContactPlayTests" fullname="Elemental.Tests.PlayMode.FireFlowShallowContactPlayTests" classname="Elemental.Tests.PlayMode.FireFlowShallowContactPlayTests" runstate="Runnable" testcasecount="4" result="Failed" site="Child" start-time="2026-09-09 20:15:55Z" end-time="2026-09-09 20:15:55Z" duration="0.155642" total="4" passed="3" failed="1" inconclusive="0" skipped="0" asserts="0">
              <properties />
              <failure>
                <message><![CDATA[One or more child tests had errors]]></message>
              </failure>
              <test-case id="1415" name="BroadphaseSkinAllowsTangentAndAwayButStillCatchesInwardMotion" fullname="Elemental.Tests.PlayMode.FireFlowShallowContactPlayTests.BroadphaseSkinAllowsTangentAndAwayButStillCatchesInwardMotion" methodname="BroadphaseSkinAllowsTangentAndAwayButStillCatchesInwardMotion" classname="Elemental.Tests.PlayMode.FireFlowShallowContactPlayTests" runstate="Runnable" seed="1356036625" result="Passed" start-time="2026-09-09 20:15:55Z" end-time="2026-09-09 20:15:55Z" duration="0.057741" asserts="0">
                <properties>
                  <property name="_JOINTYPE" value="UnityCombinatorial" />
                  <property name="retryIteration" value="0" />
                  <property name="repeatIteration" value="0" />
                </properties>
              </test-case>
              <test-case id="1416" name="ResolvedInitialPenetrationContinuesAlongWallIntoRealCorner" fullname="Elemental.Tests.PlayMode.FireFlowShallowContactPlayTests.ResolvedInitialPenetrationContinuesAlongWallIntoRealCorner" methodname="ResolvedInitialPenetrationContinuesAlongWallIntoRealCorner" classname="Elemental.Tests.PlayMode.FireFlowShallowContactPlayTests" runstate="Runnable" seed="632682286" result="Passed" start-time="2026-09-09 20:15:55Z" end-time="2026-09-09 20:15:55Z" duration="0.016195" asserts="0">
                <properties>
                  <property name="_JOINTYPE" value="UnityCombinatorial" />
                  <property name="retryIteration" value="0" />
                  <property name="repeatIteration" value="0" />
                </properties>
              </test-case>
              <test-case id="1417" name="SubmillimetreGrowingSphereGrazesWallWithoutWorldOriginSentinel" fullname="Elemental.Tests.PlayMode.FireFlowShallowContactPlayTests.SubmillimetreGrowingSphereGrazesWallWithoutWorldOriginSentinel" methodname="SubmillimetreGrowingSphereGrazesWallWithoutWorldOriginSentinel" classname="Elemental.Tests.PlayMode.FireFlowShallowContactPlayTests" runstate="Runnable" seed="470772135" result="Passed" start-time="2026-09-09 20:15:55Z" end-time="2026-09-09 20:15:55Z" duration="0.012693" asserts="0">
                <properties>
                  <property name="_JOINTYPE" value="UnityCombinatorial" />
                  <property name="retryIteration" value="0" />
                  <property name="repeatIteration" value="0" />
                </properties>
              </test-case>
              <test-case id="1414" name="SurfaceBandKeepsDenseGasAboveNonconvexFloor" fullname="Elemental.Tests.PlayMode.FireFlowShallowContactPlayTests.SurfaceBandKeepsDenseGasAboveNonconvexFloor" methodname="SurfaceBandKeepsDenseGasAboveNonconvexFloor" classname="Elemental.Tests.PlayMode.FireFlowShallowContactPlayTests" runstate="Runnable" seed="237320124" result="Failed" start-time="2026-09-09 20:15:55Z" end-time="2026-09-09 20:15:55Z" duration="0.042608" asserts="0">
                <properties>
                  <property name="_JOINTYPE" value="UnityCombinatorial" />
                  <property name="retryIteration" value="0" />
                  <property name="repeatIteration" value="0" />
                </properties>
                <failure>
                  <message><![CDATA[  Expected: 0
  But was:  56
]]></message>
                  <stack-trace><![CDATA[at Elemental.Tests.PlayMode.FireFlowShallowContactPlayTests+<SurfaceBandKeepsDenseGasAboveNonconvexFloor>d__0.MoveNext () [0x0029f] in C:\Users\nirrt\OneDrive\Документы\ChatGPT\El Ements\El-Emental\Assets\Elemental\Tests\PlayMode\FireFlowShallowContactPlayTests.cs:33
at UnityEngine.TestTools.TestEnumerator+<Execute>d__7.MoveNext () [0x0003a] in .\Library\PackageCache\com.unity.test-framework@1405238725ab\UnityEngine.TestRunner\NUnitExtensions\Attributes\TestEnumerator.cs:44
]]></stack-trace>
                </failure>
              </test-case>
            </test-suite>
            <test-suite type="TestFixture" id="1091" name="HardPolishFireStreamBindingRuntimeTests" fullname="Elemental.Tests.PlayMode.HardPolishFireStreamBindingRuntimeTests" classname="Elemental.Tests.PlayMode.HardPolishFireStreamBindingRuntimeTests" runstate="Runnable" testcasecount="25" result="Passed" start-time="2026-09-09 20:15:55Z" end-time="2026-09-09 20:16:29Z" duration="34.452973" total="2" passed="2" failed="0" inconclusive="0" skipped="0" asserts="0">
              <properties />
              <test-case id="1096" name="SavedFighterHandAndFootProjectilesTravelAndCancellationClearsEffects" fullname="Elemental.Tests.PlayMode.HardPolishFireStreamBindingRuntimeTests.SavedFighterHandAndFootProjectilesTravelAndCancellationClearsEffects" methodname="SavedFighterHandAndFootProjectilesTravelAndCancellationClearsEffects" classname="Elemental.Tests.PlayMode.HardPolishFireStreamBindingRuntimeTests" runstate="Runnable" seed="409697944" result="Passed" start-time="2026-09-09 20:15:55Z" end-time="2026-09-09 20:16:18Z" duration="23.327111" asserts="0">
                <properties>
                  <property name="_JOINTYPE" value="UnityCombinatorial" />
                  <property name="Timeout" value="240000" />
                  <property name="retryIteration" value="0" />
                  <property name="repeatIteration" value="0" />
                </properties>
                <output><![CDATA[Planet rock scatter seed 20260904: large 24/24, medium 160/160, clusters 128/128 (1515 cosmetic stones); rejected slots 0, surface attempts 3, overlap attempts 40.
[StartupCache] Scene ready in 4657.86ms; ground=exact baked base, cacheLoad=15.74ms, bakedPlans=4589, planMisses=0, cookedMeshes=13518/13518, backgroundCooking=1435.28ms, peakCookingPoll=0.31ms; sync=ArenaInitialize=59.62ms/15;ArenaBevel=45.75ms/175;ArenaMeshPicking=1.47ms/175;WallAwake=117.25ms/1;WallPieceVisuals=74.24ms/40;PlatformPoolAwake=10.25ms/1;PlatformRuntimeMeshes=1.41ms/12;PillarPoolAwake=22.60ms/1;PillarMeshLibrary=4.34ms/1;PillarColumns=18.25ms/1;DebrisPoolAwake=178.85ms/1;HeroFragmentPoolAwake=14.16ms/1.
Physics.ClosestPoint can only be used with a BoxCollider, SphereCollider, CapsuleCollider and a convex MeshCollider.
Physics.ClosestPoint can only be used with a BoxCollider, SphereCollider, CapsuleCollider and a convex MeshCollider.
Physics.ClosestPoint can only be used with a BoxCollider, SphereCollider, CapsuleCollider and a convex MeshCollider.
Physics.ClosestPoint can only be used with a BoxCollider, SphereCollider, CapsuleCollider and a convex MeshCollider.
Physics.ClosestPoint can only be used with a BoxCollider, SphereCollider, CapsuleCollider and a convex MeshCollider.
Physics.ClosestPoint can only be used with a BoxCollider, SphereCollider, CapsuleCollider and a convex MeshCollider.
Physics.ClosestPoint can only be used with a BoxCollider, SphereCollider, CapsuleCollider and a convex MeshCollider.
Physics.ClosestPoint can only be used with a BoxCollider, SphereCollider, CapsuleCollider and a convex MeshCollider.
Physics.ClosestPoint can only be used with a BoxCollider, SphereCollider, CapsuleCollider and a convex MeshCollider.
Physics.ClosestPoint can only be used with a BoxCollider, SphereCollider, CapsuleCollider and a convex MeshCollider.
Physics.ClosestPoint can only be used with a BoxCollider, SphereCollider, CapsuleCollider and a convex MeshCollider.
Physics.ClosestPoint can only be used with a BoxCollider, SphereCollider, CapsuleCollider and a convex MeshCollider.
Physics.ClosestPoint can only be used with a BoxCollider, SphereCollider, CapsuleCollider and a convex MeshCollider.
Physics.ClosestPoint can only be used with a BoxCollider, SphereCollider, CapsuleCollider and a convex MeshCollider.
Physics.ClosestPoint can only be used with a BoxCollider, SphereCollider, CapsuleCollider and a convex MeshCollider.
Physics.ClosestPoint can only be used with a BoxCollider, SphereCollider, CapsuleCollider and a convex MeshCollider.
Physics.ClosestPoint can only be used with a BoxCollider, SphereCollider, CapsuleCollider and a convex MeshCollider.
Physics.ClosestPoint can only be used with a BoxCollider, SphereCollider, CapsuleCollider and a convex MeshCollider.
Physics.ClosestPoint can only be used with a BoxCollider, SphereCollider, CapsuleCollider and a convex MeshCollider.
Physics.ClosestPoint can only be used with a BoxCollider, SphereCollider, CapsuleCollider and a convex MeshCollider.
Physics.ClosestPoint can only be used with a BoxCollider, SphereCollider, CapsuleCollider and a convex MeshCollider.
Physics.ClosestPoint can only be used with a BoxCollider, SphereCollider, CapsuleCollider and a convex MeshCollider.
Physics.ClosestPoint can only be used with a BoxCollider, SphereCollider, CapsuleCollider and a convex MeshCollider.
Physics.ClosestPoint can only be used with a BoxCollider, SphereCollider, CapsuleCollider and a convex MeshCollider.
Physics.ClosestPoint can only be used with a BoxCollider, SphereCollider, CapsuleCollider and a convex MeshCollider.
Physics.ClosestPoint can only be used with a BoxCollider, SphereCollider, CapsuleCollider and a convex MeshCollider.
Physics.ClosestPoint can only be used with a BoxCollider, SphereCollider, CapsuleCollider and a convex MeshCollider.
Physics.ClosestPoint can only be used with a BoxCollider, SphereCollider, CapsuleCollider and a convex MeshCollider.
Physics.ClosestPoint can only be used with a BoxCollider, SphereCollider, CapsuleCollider and a convex MeshCollider.
Physics.ClosestPoint can only be used with a BoxCollider, SphereCollider, CapsuleCollider and a convex MeshCollider.
Physics.ClosestPoint can only be used with a BoxCollider, SphereCollider, CapsuleCollider and a convex MeshCollider.
Physics.ClosestPoint can only be used with a BoxCollider, SphereCollider, CapsuleCollider and a convex MeshCollider.
Physics.ClosestPoint can only be used with a BoxCollider, SphereCollider, CapsuleCollider and a convex MeshCollider.
Physics.ClosestPoint can only be used with a BoxCollider, SphereCollider, CapsuleCollider and a convex MeshCollider.
Physics.ClosestPoint can only be used with a BoxCollider, SphereCollider, CapsuleCollider and a convex MeshCollider.
Physics.ClosestPoint can only be used with a BoxCollider, SphereCollider, CapsuleCollider and a convex MeshCollider.
Physics.ClosestPoint can only be used with a BoxCollider, SphereCollider, CapsuleCollider and a convex MeshCollider.
Physics.ClosestPoint can only be used with a BoxCollider, SphereCollider, CapsuleCollider and a convex MeshCollider.
Physics.ClosestPoint can only be used with a BoxCollider, SphereCollider, CapsuleCollider and a convex MeshCollider.
Physics.ClosestPoint can only be used with a BoxCollider, SphereCollider, CapsuleCollider and a convex MeshCollider.
Physics.ClosestPoint can only be used with a BoxCollider, SphereCollider, CapsuleCollider and a convex MeshCollider.
Physics.ClosestPoint can only be used with a BoxCollider, SphereCollider, CapsuleCollider and a convex MeshCollider.
Physics.ClosestPoint can only be used with a BoxCollider, SphereCollider, CapsuleCollider and a convex MeshCollider.
Physics.ClosestPoint can only be used with a BoxCollider, SphereCollider, CapsuleCollider and a convex MeshCollider.
Physics.ClosestPoint can only be used with a BoxCollider, SphereCollider, CapsuleCollider and a convex MeshCollider.
Physics.ClosestPoint can only be used with a BoxCollider, SphereCollider, CapsuleCollider and a convex MeshCollider.
Physics.ClosestPoint can only be used with a BoxCollider, SphereCollider, CapsuleCollider and a convex MeshCollider.
Physics.ClosestPoint can only be used with a BoxCollider, SphereCollider, CapsuleCollider and a convex MeshCollider.
Physics.ClosestPoint can only be used with a BoxCollider, SphereCollider, CapsuleCollider and a convex MeshCollider.
Physics.ClosestPoint can only be used with a BoxCollider, SphereCollider, CapsuleCollider and a convex MeshCollider.
Physics.ClosestPoint can only be used with a BoxCollider, SphereCollider, CapsuleCollider and a convex MeshCollider.
Physics.ClosestPoint can only be used with a BoxCollider, SphereCollider, CapsuleCollider and a convex MeshCollider.
Physics.ClosestPoint can only be used with a BoxCollider, SphereCollider, CapsuleCollider and a convex MeshCollider.
Physics.ClosestPoint can only be used with a BoxCollider, SphereCollider, CapsuleCollider and a convex MeshCollider.
Physics.ClosestPoint can only be used with a BoxCollider, SphereCollider, CapsuleCollider and a convex MeshCollider.
Physics.ClosestPoint can only be used with a BoxCollider, SphereCollider, CapsuleCollider and a convex MeshCollider.
Physics.ClosestPoint can only be used with a BoxCollider, SphereCollider, CapsuleCollider and a convex MeshCollider.
Physics.ClosestPoint can only be used with a BoxCollider, SphereCollider, CapsuleCollider and a convex MeshCollider.
Physics.ClosestPoint can only be used with a BoxCollider, SphereCollider, CapsuleCollider and a convex MeshCollider.
Physics.ClosestPoint can only be used with a BoxCollider, SphereCollider, CapsuleCollider and a convex MeshCollider.
Physics.ClosestPoint can only be used with a BoxCollider, SphereCollider, CapsuleCollider and a convex MeshCollider.
Physics.ClosestPoint can only be used with a BoxCollider, SphereCollider, CapsuleCollider and a convex MeshCollider.
Physics.ClosestPoint can only be used with a BoxCollider, SphereCollider, CapsuleCollider and a convex MeshCollider.
Physics.ClosestPoint can only be used with a BoxCollider, SphereCollider, CapsuleCollider and a convex MeshCollider.
Physics.ClosestPoint can only be used with a BoxCollider, SphereCollider, CapsuleCollider and a convex MeshCollider.
Physics.ClosestPoint can only be used with a BoxCollider, SphereCollider, CapsuleCollider and a convex MeshCollider.
Physics.ClosestPoint can only be used with a BoxCollider, SphereCollider, CapsuleCollider and a convex MeshCollider.
Physics.ClosestPoint can only be used with a BoxCollider, SphereCollider, CapsuleCollider and a convex MeshCollider.
Physics.ClosestPoint can only be used with a BoxCollider, SphereCollider, CapsuleCollider and a convex MeshCollider.
Physics.ClosestPoint can only be used with a BoxCollider, SphereCollider, CapsuleCollider and a convex MeshCollider.
Physics.ClosestPoint can only be used with a BoxCollider, SphereCollider, CapsuleCollider and a convex MeshCollider.
Physics.ClosestPoint can only be used with a BoxCollider, SphereCollider, CapsuleCollider and a convex MeshCollider.
Physics.ClosestPoint can only be used with a BoxCollider, SphereCollider, CapsuleCollider and a convex MeshCollider.
Physics.ClosestPoint can only be used with a BoxCollider, SphereCollider, CapsuleCollider and a convex MeshCollider.
Physics.ClosestPoint can only be used with a BoxCollider, SphereCollider, CapsuleCollider and a convex MeshCollider.
Physics.ClosestPoint can only be used with a BoxCollider, SphereCollider, CapsuleCollider and a convex MeshCollider.
Physics.ClosestPoint can only be used with a BoxCollider, SphereCollider, CapsuleCollider and a convex MeshCollider.
Physics.ClosestPoint can only be used with a BoxCollider, SphereCollider, CapsuleCollider and a convex MeshCollider.
Physics.ClosestPoint can only be used with a BoxCollider, SphereCollider, CapsuleCollider and a convex MeshCollider.
Physics.ClosestPoint can only be used with a BoxCollider, SphereCollider, CapsuleCollider and a convex MeshCollider.
Physics.ClosestPoint can only be used with a BoxCollider, SphereCollider, CapsuleCollider and a convex MeshCollider.
Physics.ClosestPoint can only be used with a BoxCollider, SphereCollider, CapsuleCollider and a convex MeshCollider.
Physics.ClosestPoint can only be used with a BoxCollider, SphereCollider, CapsuleCollider and a convex MeshCollider.
Physics.ClosestPoint can only be used with a BoxCollider, SphereCollider, CapsuleCollider and a convex MeshCollider.
Physics.ClosestPoint can only be used with a BoxCollider, SphereCollider, CapsuleCollider and a convex MeshCollider.
Physics.ClosestPoint can only be used with a BoxCollider, SphereCollider, CapsuleCollider and a convex MeshCollider.
Physics.ClosestPoint can only be used with a BoxCollider, SphereCollider, CapsuleCollider and a convex MeshCollider.
Physics.ClosestPoint can only be used with a BoxCollider, SphereCollider, CapsuleCollider and a convex MeshCollider.
Physics.ClosestPoint can only be used with a BoxCollider, SphereCollider, CapsuleCollider and a convex MeshCollider.
Physics.ClosestPoint can only be used with a BoxCollider, SphereCollider, CapsuleCollider and a convex MeshCollider.
Physics.ClosestPoint can only be used with a BoxCollider, SphereCollider, CapsuleCollider and a convex MeshCollider.
Physics.ClosestPoint can only be used with a BoxCollider, SphereCollider, CapsuleCollider and a convex MeshCollider.
Physics.ClosestPoint can only be used with a BoxCollider, SphereCollider, CapsuleCollider and a convex MeshCollider.
Physics.ClosestPoint can only be used with a BoxCollider, SphereCollider, CapsuleCollider and a convex MeshCollider.
Physics.ClosestPoint can only be used with a BoxCollider, SphereCollider, CapsuleCollider and a convex MeshCollider.
Physics.ClosestPoint can only be used with a BoxCollider, SphereCollider, CapsuleCollider and a convex MeshCollider.
Physics.ClosestPoint can only be used with a BoxCollider, SphereCollider, CapsuleCollider and a convex MeshCollider.
Physics.ClosestPoint can only be used with a BoxCollider, SphereCollider, CapsuleCollider and a convex MeshCollider.
Physics.ClosestPoint can only be used with a BoxCollider, SphereCollider, CapsuleCollider and a convex MeshCollider.
Physics.ClosestPoint can only be used with a BoxCollider, SphereCollider, CapsuleCollider and a convex MeshCollider.
Physics.ClosestPoint can only be used with a BoxCollider, SphereCollider, CapsuleCollider and a convex MeshCollider.
Physics.ClosestPoint can only be used with a BoxCollider, SphereCollider, CapsuleCollider and a convex MeshCollider.
Physics.ClosestPoint can only be used with a BoxCollider, SphereCollider, CapsuleCollider and a convex MeshCollider.
Physics.ClosestPoint can only be used with a BoxCollider, SphereCollider, CapsuleCollider and a convex MeshCollider.
Physics.ClosestPoint can only be used with a BoxCollider, SphereCollider, CapsuleCollider and a convex MeshCollider.
Physics.ClosestPoint can only be used with a BoxCollider, SphereCollider, CapsuleCollider and a convex MeshCollider.
Physics.ClosestPoint can only be used with a BoxCollider, SphereCollider, CapsuleCollider and a convex MeshCollider.
Physics.ClosestPoint can only be used with a BoxCollider, SphereCollider, CapsuleCollider and a convex MeshCollider.
Physics.ClosestPoint can only be used with a BoxCollider, SphereCollider, CapsuleCollider and a convex MeshCollider.
Physics.ClosestPoint can only be used with a BoxCollider, SphereCollider, CapsuleCollider and a convex MeshCollider.
Physics.ClosestPoint can only be used with a BoxCollider, SphereCollider, CapsuleCollider and a convex MeshCollider.
Physics.ClosestPoint can only be used with a BoxCollider, SphereCollider, CapsuleCollider and a convex MeshCollider.
Physics.ClosestPoint can only be used with a BoxCollider, SphereCollider, CapsuleCollider and a convex MeshCollider.
Physics.ClosestPoint can only be used with a BoxCollider, SphereCollider, CapsuleCollider and a convex MeshCollider.
Physics.ClosestPoint can only be used with a BoxCollider, SphereCollider, CapsuleCollider and a convex MeshCollider.
Physics.ClosestPoint can only be used with a BoxCollider, SphereCollider, CapsuleCollider and a convex MeshCollider.
Physics.ClosestPoint can only be used with a BoxCollider, SphereCollider, CapsuleCollider and a convex MeshCollider.
Physics.ClosestPoint can only be used with a BoxCollider, SphereCollider, CapsuleCollider and a convex MeshCollider.
Physics.ClosestPoint can only be used with a BoxCollider, SphereCollider, CapsuleCollider and a convex MeshCollider.
Physics.ClosestPoint can only be used with a BoxCollider, SphereCollider, CapsuleCollider and a convex MeshCollider.
Physics.ClosestPoint can only be used with a BoxCollider, SphereCollider, CapsuleCollider and a convex MeshCollider.
Physics.ClosestPoint can only be used with a BoxCollider, SphereCollider, CapsuleCollider and a convex MeshCollider.
Physics.ClosestPoint can only be used with a BoxCollider, SphereCollider, CapsuleCollider and a convex MeshCollider.
Physics.ClosestPoint can only be used with a BoxCollider, SphereCollider, CapsuleCollider and a convex MeshCollider.
Physics.ClosestPoint can only be used with a BoxCollider, SphereCollider, CapsuleCollider and a convex MeshCollider.
Physics.ClosestPoint can only be used with a BoxCollider, SphereCollider, CapsuleCollider and a convex MeshCollider.
Physics.ClosestPoint can only be used with a BoxCollider, SphereCollider, CapsuleCollider and a convex MeshCollider.
Physics.ClosestPoint can only be used with a BoxCollider, SphereCollider, CapsuleCollider and a convex MeshCollider.
Physics.ClosestPoint can only be used with a BoxCollider, SphereCollider, CapsuleCollider and a convex MeshCollider.
Physics.ClosestPoint can only be used with a BoxCollider, SphereCollider, CapsuleCollider and a convex MeshCollider.
Physics.ClosestPoint can only be used with a BoxCollider, SphereCollider, CapsuleCollider and a convex MeshCollider.
Physics.ClosestPoint can only be used with a BoxCollider, SphereCollider, CapsuleCollider and a convex MeshCollider.
Physics.ClosestPoint can only be used with a BoxCollider, SphereCollider, CapsuleCollider and a convex MeshCollider.
Physics.ClosestPoint can only be used with a BoxCollider, SphereCollider, CapsuleCollider and a convex MeshCollider.
Physics.ClosestPoint can only be used with a BoxCollider, SphereCollider, CapsuleCollider and a convex MeshCollider.
Physics.ClosestPoint can only be used with a BoxCollider, SphereCollider, CapsuleCollider and a convex MeshCollider.
Physics.ClosestPoint can only be used with a BoxCollider, SphereCollider, CapsuleCollider and a convex MeshCollider.
Physics.ClosestPoint can only be used with a BoxCollider, SphereCollider, CapsuleCollider and a convex MeshCollider.
Physics.ClosestPoint can only be used with a BoxCollider, SphereCollider, CapsuleCollider and a convex MeshCollider.
Physics.ClosestPoint can only be used with a BoxCollider, SphereCollider, CapsuleCollider and a convex MeshCollider.
Physics.ClosestPoint can only be used with a BoxCollider, SphereCollider, CapsuleCollider and a convex MeshCollider.
Physics.ClosestPoint can only be used with a BoxCollider, SphereCollider, CapsuleCollider and a convex MeshCollider.
Physics.ClosestPoint can only be used with a BoxCollider, SphereCollider, CapsuleCollider and a convex MeshCollider.
Physics.ClosestPoint can only be used with a BoxCollider, SphereCollider, CapsuleCollider and a convex MeshCollider.
Physics.ClosestPoint can only be used with a BoxCollider, SphereCollider, CapsuleCollider and a convex MeshCollider.
Physics.ClosestPoint can only be used with a BoxCollider, SphereCollider, CapsuleCollider and a convex MeshCollider.
Physics.ClosestPoint can only be used with a BoxCollider, SphereCollider, CapsuleCollider and a convex MeshCollider.
Physics.ClosestPoint can only be used with a BoxCollider, SphereCollider, CapsuleCollider and a convex MeshCollider.
Physics.ClosestPoint can only be used with a BoxCollider, SphereCollider, CapsuleCollider and a convex MeshCollider.
Physics.ClosestPoint can only be used with a BoxCollider, SphereCollider, CapsuleCollider and a convex MeshCollider.
Physics.ClosestPoint can only be used with a BoxCollider, SphereCollider, CapsuleCollider and a convex MeshCollider.
Physics.ClosestPoint can only be used with a BoxCollider, SphereCollider, CapsuleCollider and a convex MeshCollider.
Physics.ClosestPoint can only be used with a BoxCollider, SphereCollider, CapsuleCollider and a convex MeshCollider.
Physics.ClosestPoint can only be used with a BoxCollider, SphereCollider, CapsuleCollider and a convex MeshCollider.
Physics.ClosestPoint can only be used with a BoxCollider, SphereCollider, CapsuleCollider and a convex MeshCollider.
Physics.ClosestPoint can only be used with a BoxCollider, SphereCollider, CapsuleCollider and a convex MeshCollider.
Physics.ClosestPoint can only be used with a BoxCollider, SphereCollider, CapsuleCollider and a convex MeshCollider.
Physics.ClosestPoint can only be used with a BoxCollider, SphereCollider, CapsuleCollider and a convex MeshCollider.
Physics.ClosestPoint can only be used with a BoxCollider, SphereCollider, CapsuleCollider and a convex MeshCollider.
Physics.ClosestPoint can only be used with a BoxCollider, SphereCollider, CapsuleCollider and a convex MeshCollider.
Physics.ClosestPoint can only be used with a BoxCollider, SphereCollider, CapsuleCollider and a convex MeshCollider.
Physics.ClosestPoint can only be used with a BoxCollider, SphereCollider, CapsuleCollider and a convex MeshCollider.
Physics.ClosestPoint can only be used with a BoxCollider, SphereCollider, CapsuleCollider and a convex MeshCollider.
Physics.ClosestPoint can only be used with a BoxCollider, SphereCollider, CapsuleCollider and a convex MeshCollider.
Physics.ClosestPoint can only be used with a BoxCollider, SphereCollider, CapsuleCollider and a convex MeshCollider.
Physics.ClosestPoint can only be used with a BoxCollider, SphereCollider, CapsuleCollider and a convex MeshCollider.
Physics.ClosestPoint can only be used with a BoxCollider, SphereCollider, CapsuleCollider and a convex MeshCollider.
Physics.ClosestPoint can only be used with a BoxCollider, SphereCollider, CapsuleCollider and a convex MeshCollider.
Physics.ClosestPoint can only be used with a BoxCollider, SphereCollider, CapsuleCollider and a convex MeshCollider.
Physics.ClosestPoint can only be used with a BoxCollider, SphereCollider, CapsuleCollider and a convex MeshCollider.
Physics.ClosestPoint can only be used with a BoxCollider, SphereCollider, CapsuleCollider and a convex MeshCollider.
Physics.ClosestPoint can only be used with a BoxCollider, SphereCollider, CapsuleCollider and a convex MeshCollider.
Physics.ClosestPoint can only be used with a BoxCollider, SphereCollider, CapsuleCollider and a convex MeshCollider.
Physics.ClosestPoint can only be used with a BoxCollider, SphereCollider, CapsuleCollider and a convex MeshCollider.
Physics.ClosestPoint can only be used with a BoxCollider, SphereCollider, CapsuleCollider and a convex MeshCollider.
Physics.ClosestPoint can only be used with a BoxCollider, SphereCollider, CapsuleCollider and a convex MeshCollider.
Physics.ClosestPoint can only be used with a BoxCollider, SphereCollider, CapsuleCollider and a convex MeshCollider.
Physics.ClosestPoint can only be used with a BoxCollider, SphereCollider, CapsuleCollider and a convex MeshCollider.
Physics.ClosestPoint can only be used with a BoxCollider, SphereCollider, CapsuleCollider and a convex MeshCollider.
Physics.ClosestPoint can only be used with a BoxCollider, SphereCollider, CapsuleCollider and a convex MeshCollider.
Physics.ClosestPoint can only be used with a BoxCollider, SphereCollider, CapsuleCollider and a convex MeshCollider.
Physics.ClosestPoint can only be used with a BoxCollider, SphereCollider, CapsuleCollider and a convex MeshCollider.
Physics.ClosestPoint can only be used with a BoxCollider, SphereCollider, CapsuleCollider and a convex MeshCollider.
Physics.ClosestPoint can only be used with a BoxCollider, SphereCollider, CapsuleCollider and a convex MeshCollider.
Physics.ClosestPoint can only be used with a BoxCollider, SphereCollider, CapsuleCollider and a convex MeshCollider.
Physics.ClosestPoint can only be used with a BoxCollider, SphereCollider, CapsuleCollider and a convex MeshCollider.
Physics.ClosestPoint can only be used with a BoxCollider, SphereCollider, CapsuleCollider and a convex MeshCollider.
Physics.ClosestPoint can only be used with a BoxCollider, SphereCollider, CapsuleCollider and a convex MeshCollider.
Physics.ClosestPoint can only be used with a BoxCollider, SphereCollider, CapsuleCollider and a convex MeshCollider.
Physics.ClosestPoint can only be used with a BoxCollider, SphereCollider, CapsuleCollider and a convex MeshCollider.
Physics.ClosestPoint can only be used with a BoxCollider, SphereCollider, CapsuleCollider and a convex MeshCollider.
Physics.ClosestPoint can only be used with a BoxCollider, SphereCollider, CapsuleCollider and a convex MeshCollider.
Physics.ClosestPoint can only be used with a BoxCollider, SphereCollider, CapsuleCollider and a convex MeshCollider.
Physics.ClosestPoint can only be used with a BoxCollider, SphereCollider, CapsuleCollider and a convex MeshCollider.
Physics.ClosestPoint can only be used with a BoxCollider, SphereCollider, CapsuleCollider and a convex MeshCollider.
Physics.ClosestPoint can only be used with a BoxCollider, SphereCollider, CapsuleCollider and a convex MeshCollider.
Physics.ClosestPoint can only be used with a BoxCollider, SphereCollider, CapsuleCollider and a convex MeshCollider.
Physics.ClosestPoint can only be used with a BoxCollider, SphereCollider, CapsuleCollider and a convex MeshCollider.
Physics.ClosestPoint can only be used with a BoxCollider, SphereCollider, CapsuleCollider and a convex MeshCollider.
Physics.ClosestPoint can only be used with a BoxCollider, SphereCollider, CapsuleCollider and a convex MeshCollider.
Physics.ClosestPoint can only be used with a BoxCollider, SphereCollider, CapsuleCollider and a convex MeshCollider.
Physics.ClosestPoint can only be used with a BoxCollider, SphereCollider, CapsuleCollider and a convex MeshCollider.
Physics.ClosestPoint can only be used with a BoxCollider, SphereCollider, CapsuleCollider and a convex MeshCollider.
Physics.ClosestPoint can only be used with a BoxCollider, SphereCollider, CapsuleCollider and a convex MeshCollider.
Physics.ClosestPoint can only be used with a BoxCollider, SphereCollider, CapsuleCollider and a convex MeshCollider.
Physics.ClosestPoint can only be used with a BoxCollider, SphereCollider, CapsuleCollider and a convex MeshCollider.
Physics.ClosestPoint can only be used with a BoxCollider, SphereCollider, CapsuleCollider and a convex MeshCollider.
Physics.ClosestPoint can only be used with a BoxCollider, SphereCollider, CapsuleCollider and a convex MeshCollider.
Physics.ClosestPoint can only be used with a BoxCollider, SphereCollider, CapsuleCollider and a convex MeshCollider.
Physics.ClosestPoint can only be used with a BoxCollider, SphereCollider, CapsuleCollider and a convex MeshCollider.
Physics.ClosestPoint can only be used with a BoxCollider, SphereCollider, CapsuleCollider and a convex MeshCollider.
Physics.ClosestPoint can only be used with a BoxCollider, SphereCollider, CapsuleCollider and a convex MeshCollider.
Physics.ClosestPoint can only be used with a BoxCollider, SphereCollider, CapsuleCollider and a convex MeshCollider.
Physics.ClosestPoint can only be used with a BoxCollider, SphereCollider, CapsuleCollider and a convex MeshCollider.
Physics.ClosestPoint can only be used with a BoxCollider, SphereCollider, CapsuleCollider and a convex MeshCollider.
Physics.ClosestPoint can only be used with a BoxCollider, SphereCollider, CapsuleCollider and a convex MeshCollider.
Physics.ClosestPoint can only be used with a BoxCollider, SphereCollider, CapsuleCollider and a convex MeshCollider.
Physics.ClosestPoint can only be used with a BoxCollider, SphereCollider, CapsuleCollider and a convex MeshCollider.
Physics.ClosestPoint can only be used with a BoxCollider, SphereCollider, CapsuleCollider and a convex MeshCollider.
Physics.ClosestPoint can only be used with a BoxCollider, SphereCollider, CapsuleCollider and a convex MeshCollider.
Physics.ClosestPoint can only be used with a BoxCollider, SphereCollider, CapsuleCollider and a convex MeshCollider.
Physics.ClosestPoint can only be used with a BoxCollider, SphereCollider, CapsuleCollider and a convex MeshCollider.
Physics.ClosestPoint can only be used with a BoxCollider, SphereCollider, CapsuleCollider and a convex MeshCollider.
Physics.ClosestPoint can only be used with a BoxCollider, SphereCollider, CapsuleCollider and a convex MeshCollider.
Physics.ClosestPoint can only be used with a BoxCollider, SphereCollider, CapsuleCollider and a convex MeshCollider.
Physics.ClosestPoint can only be used with a BoxCollider, SphereCollider, CapsuleCollider and a convex MeshCollider.
Physics.ClosestPoint can only be used with a BoxCollider, SphereCollider, CapsuleCollider and a convex MeshCollider.
Physics.ClosestPoint can only be used with a BoxCollider, SphereCollider, CapsuleCollider and a convex MeshCollider.
Physics.ClosestPoint can only be used with a BoxCollider, SphereCollider, CapsuleCollider and a convex MeshCollider.
Physics.ClosestPoint can only be used with a BoxCollider, SphereCollider, CapsuleCollider and a convex MeshCollider.
Physics.ClosestPoint can only be used with a BoxCollider, SphereCollider, CapsuleCollider and a convex MeshCollider.
Physics.ClosestPoint can only be used with a BoxCollider, SphereCollider, CapsuleCollider and a convex MeshCollider.
Physics.ClosestPoint can only be used with a BoxCollider, SphereCollider, CapsuleCollider and a convex MeshCollider.
Physics.ClosestPoint can only be used with a BoxCollider, SphereCollider, CapsuleCollider and a convex MeshCollider.
Physics.ClosestPoint can only be used with a BoxCollider, SphereCollider, CapsuleCollider and a convex MeshCollider.
Physics.ClosestPoint can only be used with a BoxCollider, SphereCollider, CapsuleCollider and a convex MeshCollider.
Physics.ClosestPoint can only be used with a BoxCollider, SphereCollider, CapsuleCollider and a convex MeshCollider.
Physics.ClosestPoint can only be used with a BoxCollider, SphereCollider, CapsuleCollider and a convex MeshCollider.
Physics.ClosestPoint can only be used with a BoxCollider, SphereCollider, CapsuleCollider and a convex MeshCollider.
Physics.ClosestPoint can only be used with a BoxCollider, SphereCollider, CapsuleCollider and a convex MeshCollider.
Physics.ClosestPoint can only be used with a BoxCollider, SphereCollider, CapsuleCollider and a convex MeshCollider.
Physics.ClosestPoint can only be used with a BoxCollider, SphereCollider, CapsuleCollider and a convex MeshCollider.
Physics.ClosestPoint can only be used with a BoxCollider, SphereCollider, CapsuleCollider and a convex MeshCollider.
Physics.ClosestPoint can only be used with a BoxCollider, SphereCollider, CapsuleCollider and a convex MeshCollider.
Physics.ClosestPoint can only be used with a BoxCollider, SphereCollider, CapsuleCollider and a convex MeshCollider.
Physics.ClosestPoint can only be used with a BoxCollider, SphereCollider, CapsuleCollider and a convex MeshCollider.
Physics.ClosestPoint can only be used with a BoxCollider, SphereCollider, CapsuleCollider and a convex MeshCollider.
Physics.ClosestPoint can only be used with a BoxCollider, SphereCollider, CapsuleCollider and a convex MeshCollider.
Physics.ClosestPoint can only be used with a BoxCollider, SphereCollider, CapsuleCollider and a convex MeshCollider.
Physics.ClosestPoint can only be used with a BoxCollider, SphereCollider, CapsuleCollider and a convex MeshCollider.
Physics.ClosestPoint can only be used with a BoxCollider, SphereCollider, CapsuleCollider and a convex MeshCollider.
Physics.ClosestPoint can only be used with a BoxCollider, SphereCollider, CapsuleCollider and a convex MeshCollider.
Physics.ClosestPoint can only be used with a BoxCollider, SphereCollider, CapsuleCollider and a convex MeshCollider.
Physics.ClosestPoint can only be used with a BoxCollider, SphereCollider, CapsuleCollider and a convex MeshCollider.
Physics.ClosestPoint can only be used with a BoxCollider, SphereCollider, CapsuleCollider and a convex MeshCollider.
Physics.ClosestPoint can only be used with a BoxCollider, SphereCollider, CapsuleCollider and a convex MeshCollider.
Physics.ClosestPoint can only be used with a BoxCollider, SphereCollider, CapsuleCollider and a convex MeshCollider.
Physics.ClosestPoint can only be used with a BoxCollider, SphereCollider, CapsuleCollider and a convex MeshCollider.
Physics.ClosestPoint can only be used with a BoxCollider, SphereCollider, CapsuleCollider and a convex MeshCollider.
Physics.ClosestPoint can only be used with a BoxCollider, SphereCollider, CapsuleCollider and a convex MeshCollider.
Physics.ClosestPoint can only be used with a BoxCollider, SphereCollider, CapsuleCollider and a convex MeshCollider.
Physics.ClosestPoint can only be used with a BoxCollider, SphereCollider, CapsuleCollider and a convex MeshCollider.
Physics.ClosestPoint can only be used with a BoxCollider, SphereCollider, CapsuleCollider and a convex MeshCollider.
Physics.ClosestPoint can only be used with a BoxCollider, SphereCollider, CapsuleCollider and a convex MeshCollider.
Physics.ClosestPoint can only be used with a BoxCollider, SphereCollider, CapsuleCollider and a convex MeshCollider.
Physics.ClosestPoint can only be used with a BoxCollider, SphereCollider, CapsuleCollider and a convex MeshCollider.
Physics.ClosestPoint can only be used with a BoxCollider, SphereCollider, CapsuleCollider and a convex MeshCollider.
Physics.ClosestPoint can only be used with a BoxCollider, SphereCollider, CapsuleCollider and a convex MeshCollider.
Physics.ClosestPoint can only be used with a BoxCollider, SphereCollider, CapsuleCollider and a convex MeshCollider.
Physics.ClosestPoint can only be used with a BoxCollider, SphereCollider, CapsuleCollider and a convex MeshCollider.
Physics.ClosestPoint can only be used with a BoxCollider, SphereCollider, CapsuleCollider and a convex MeshCollider.
Physics.ClosestPoint can only be used with a BoxCollider, SphereCollider, CapsuleCollider and a convex MeshCollider.
Physics.ClosestPoint can only be used with a BoxCollider, SphereCollider, CapsuleCollider and a convex MeshCollider.
Physics.ClosestPoint can only be used with a BoxCollider, SphereCollider, CapsuleCollider and a convex MeshCollider.
Physics.ClosestPoint can only be used with a BoxCollider, SphereCollider, CapsuleCollider and a convex MeshCollider.
Physics.ClosestPoint can only be used with a BoxCollider, SphereCollider, CapsuleCollider and a convex MeshCollider.
Physics.ClosestPoint can only be used with a BoxCollider, SphereCollider, CapsuleCollider and a convex MeshCollider.
Physics.ClosestPoint can only be used with a BoxCollider, SphereCollider, CapsuleCollider and a convex MeshCollider.
Physics.ClosestPoint can only be used with a BoxCollider, SphereCollider, CapsuleCollider and a convex MeshCollider.
Physics.ClosestPoint can only be used with a BoxCollider, SphereCollider, CapsuleCollider and a convex MeshCollider.
Physics.ClosestPoint can only be used with a BoxCollider, SphereCollider, CapsuleCollider and a convex MeshCollider.
Physics.ClosestPoint can only be used with a BoxCollider, SphereCollider, CapsuleCollider and a convex MeshCollider.
Physics.ClosestPoint can only be used with a BoxCollider, SphereCollider, CapsuleCollider and a convex MeshCollider.
Physics.ClosestPoint can only be used with a BoxCollider, SphereCollider, CapsuleCollider and a convex MeshCollider.
Physics.ClosestPoint can only be used with a BoxCollider, SphereCollider, CapsuleCollider and a convex MeshCollider.
Physics.ClosestPoint can only be used with a BoxCollider, SphereCollider, CapsuleCollider and a convex MeshCollider.
Physics.ClosestPoint can only be used with a BoxCollider, SphereCollider, CapsuleCollider and a convex MeshCollider.
Physics.ClosestPoint can only be used with a BoxCollider, SphereCollider, CapsuleCollider and a convex MeshCollider.
Physics.ClosestPoint can only be used with a BoxCollider, SphereCollider, CapsuleCollider and a convex MeshCollider.
Physics.ClosestPoint can only be used with a BoxCollider, SphereCollider, CapsuleCollider and a convex MeshCollider.
Physics.ClosestPoint can only be used with a BoxCollider, SphereCollider, CapsuleCollider and a convex MeshCollider.
Physics.ClosestPoint can only be used with a BoxCollider, SphereCollider, CapsuleCollider and a convex MeshCollider.
Physics.ClosestPoint can only be used with a BoxCollider, SphereCollider, CapsuleCollider and a convex MeshCollider.
Physics.ClosestPoint can only be used with a BoxCollider, SphereCollider, CapsuleCollider and a convex MeshCollider.
Physics.ClosestPoint can only be used with a BoxCollider, SphereCollider, CapsuleCollider and a convex MeshCollider.
Physics.ClosestPoint can only be used with a BoxCollider, SphereCollider, CapsuleCollider and a convex MeshCollider.
Physics.ClosestPoint can only be used with a BoxCollider, SphereCollider, CapsuleCollider and a convex MeshCollider.
Physics.ClosestPoint can only be used with a BoxCollider, SphereCollider, CapsuleCollider and a convex MeshCollider.
Physics.ClosestPoint can only be used with a BoxCollider, SphereCollider, CapsuleCollider and a convex MeshCollider.
Physics.ClosestPoint can only be used with a BoxCollider, SphereCollider, CapsuleCollider and a convex MeshCollider.
Physics.ClosestPoint can only be used with a BoxCollider, SphereCollider, CapsuleCollider and a convex MeshCollider.
Physics.ClosestPoint can only be used with a BoxCollider, SphereCollider, CapsuleCollider and a convex MeshCollider.
Physics.ClosestPoint can only be used with a BoxCollider, SphereCollider, CapsuleCollider and a convex MeshCollider.
Physics.ClosestPoint can only be used with a BoxCollider, SphereCollider, CapsuleCollider and a convex MeshCollider.
Physics.ClosestPoint can only be used with a BoxCollider, SphereCollider, CapsuleCollider and a convex MeshCollider.
Physics.ClosestPoint can only be used with a BoxCollider, SphereCollider, CapsuleCollider and a convex MeshCollider.
Physics.ClosestPoint can only be used with a BoxCollider, SphereCollider, CapsuleCollider and a convex MeshCollider.
Physics.ClosestPoint can only be used with a BoxCollider, SphereCollider, CapsuleCollider and a convex MeshCollider.
Physics.ClosestPoint can only be used with a BoxCollider, SphereCollider, CapsuleCollider and a convex MeshCollider.
Physics.ClosestPoint can only be used with a BoxCollider, SphereCollider, CapsuleCollider and a convex MeshCollider.
Physics.ClosestPoint can only be used with a BoxCollider, SphereCollider, CapsuleCollider and a convex MeshCollider.
Physics.ClosestPoint can only be used with a BoxCollider, SphereCollider, CapsuleCollider and a convex MeshCollider.
Physics.ClosestPoint can only be used with a BoxCollider, SphereCollider, CapsuleCollider and a convex MeshCollider.
Physics.ClosestPoint can only be used with a BoxCollider, SphereCollider, CapsuleCollider and a convex MeshCollider.
Physics.ClosestPoint can only be used with a BoxCollider, SphereCollider, CapsuleCollider and a convex MeshCollider.
Physics.ClosestPoint can only be used with a BoxCollider, SphereCollider, CapsuleCollider and a convex MeshCollider.
Physics.ClosestPoint can only be used with a BoxCollider, SphereCollider, CapsuleCollider and a convex MeshCollider.
Physics.ClosestPoint can only be used with a BoxCollider, SphereCollider, CapsuleCollider and a convex MeshCollider.
Physics.ClosestPoint can only be used with a BoxCollider, SphereCollider, CapsuleCollider and a convex MeshCollider.
Physics.ClosestPoint can only be used with a BoxCollider, SphereCollider, CapsuleCollider and a convex MeshCollider.
Physics.ClosestPoint can only be used with a BoxCollider, SphereCollider, CapsuleCollider and a convex MeshCollider.
Physics.ClosestPoint can only be used with a BoxCollider, SphereCollider, CapsuleCollider and a convex MeshCollider.
Physics.ClosestPoint can only be used with a BoxCollider, SphereCollider, CapsuleCollider and a convex MeshCollider.
Physics.ClosestPoint can only be used with a BoxCollider, SphereCollider, CapsuleCollider and a convex MeshCollider.
Physics.ClosestPoint can only be used with a BoxCollider, SphereCollider, CapsuleCollider and a convex MeshCollider.
Physics.ClosestPoint can only be used with a BoxCollider, SphereCollider, CapsuleCollider and a convex MeshCollider.
Physics.ClosestPoint can only be used with a BoxCollider, SphereCollider, CapsuleCollider and a convex MeshCollider.
Physics.ClosestPoint can only be used with a BoxCollider, SphereCollider, CapsuleCollider and a convex MeshCollider.
Physics.ClosestPoint can only be used with a BoxCollider, SphereCollider, CapsuleCollider and a convex MeshCollider.
Physics.ClosestPoint can only be used with a BoxCollider, SphereCollider, CapsuleCollider and a convex MeshCollider.
Physics.ClosestPoint can only be used with a BoxCollider, SphereCollider, CapsuleCollider and a convex MeshCollider.
Physics.ClosestPoint can only be used with a BoxCollider, SphereCollider, CapsuleCollider and a convex MeshCollider.
Physics.ClosestPoint can only be used with a BoxCollider, SphereCollider, CapsuleCollider and a convex MeshCollider.
Physics.ClosestPoint can only be used with a BoxCollider, SphereCollider, CapsuleCollider and a convex MeshCollider.
Physics.ClosestPoint can only be used with a BoxCollider, SphereCollider, CapsuleCollider and a convex MeshCollider.
Physics.ClosestPoint can only be used with a BoxCollider, SphereCollider, CapsuleCollider and a convex MeshCollider.
Physics.ClosestPoint can only be used with a BoxCollider, SphereCollider, CapsuleCollider and a convex MeshCollider.
Physics.ClosestPoint can only be used with a BoxCollider, SphereCollider, CapsuleCollider and a convex MeshCollider.
Physics.ClosestPoint can only be used with a BoxCollider, SphereCollider, CapsuleCollider and a convex MeshCollider.
Physics.ClosestPoint can only be used with a BoxCollider, SphereCollider, CapsuleCollider and a convex MeshCollider.
Physics.ClosestPoint can only be used with a BoxCollider, SphereCollider, CapsuleCollider and a convex MeshCollider.
Physics.ClosestPoint can only be used with a BoxCollider, SphereCollider, CapsuleCollider and a convex MeshCollider.
Physics.ClosestPoint can only be used with a BoxCollider, SphereCollider, CapsuleCollider and a convex MeshCollider.
Physics.ClosestPoint can only be used with a BoxCollider, SphereCollider, CapsuleCollider and a convex MeshCollider.
Physics.ClosestPoint can only be used with a BoxCollider, SphereCollider, CapsuleCollider and a convex MeshCollider.
Physics.ClosestPoint can only be used with a BoxCollider, SphereCollider, CapsuleCollider and a convex MeshCollider.
Physics.ClosestPoint can only be used with a BoxCollider, SphereCollider, CapsuleCollider and a convex MeshCollider.
Physics.ClosestPoint can only be used with a BoxCollider, SphereCollider, CapsuleCollider and a convex MeshCollider.
Physics.ClosestPoint can only be used with a BoxCollider, SphereCollider, CapsuleCollider and a convex MeshCollider.
Physics.ClosestPoint can only be used with a BoxCollider, SphereCollider, CapsuleCollider and a convex MeshCollider.
Physics.ClosestPoint can only be used with a BoxCollider, SphereCollider, CapsuleCollider and a convex MeshCollider.
Physics.ClosestPoint can only be used with a BoxCollider, SphereCollider, CapsuleCollider and a convex MeshCollider.
Physics.ClosestPoint can only be used with a BoxCollider, SphereCollider, CapsuleCollider and a convex MeshCollider.
Physics.ClosestPoint can only be used with a BoxCollider, SphereCollider, CapsuleCollider and a convex MeshCollider.
Physics.ClosestPoint can only be used with a BoxCollider, SphereCollider, CapsuleCollider and a convex MeshCollider.
Physics.ClosestPoint can only be used with a BoxCollider, SphereCollider, CapsuleCollider and a convex MeshCollider.
Physics.ClosestPoint can only be used with a BoxCollider, SphereCollider, CapsuleCollider and a convex MeshCollider.
Physics.ClosestPoint can only be used with a BoxCollider, SphereCollider, CapsuleCollider and a convex MeshCollider.
Physics.ClosestPoint can only be used with a BoxCollider, SphereCollider, CapsuleCollider and a convex MeshCollider.
Physics.ClosestPoint can only be used with a BoxCollider, SphereCollider, CapsuleCollider and a convex MeshCollider.
Physics.ClosestPoint can only be used with a BoxCollider, SphereCollider, CapsuleCollider and a convex MeshCollider.
Physics.ClosestPoint can only be used with a BoxCollider, SphereCollider, CapsuleCollider and a convex MeshCollider.
Physics.ClosestPoint can only be used with a BoxCollider, SphereCollider, CapsuleCollider and a convex MeshCollider.
Physics.ClosestPoint can only be used with a BoxCollider, SphereCollider, CapsuleCollider and a convex MeshCollider.
Physics.ClosestPoint can only be used with a BoxCollider, SphereCollider, CapsuleCollider and a convex MeshCollider.
Physics.ClosestPoint can only be used with a BoxCollider, SphereCollider, CapsuleCollider and a convex MeshCollider.
Physics.ClosestPoint can only be used with a BoxCollider, SphereCollider, CapsuleCollider and a convex MeshCollider.
Physics.ClosestPoint can only be used with a BoxCollider, SphereCollider, CapsuleCollider and a convex MeshCollider.
Physics.ClosestPoint can only be used with a BoxCollider, SphereCollider, CapsuleCollider and a convex MeshCollider.
Physics.ClosestPoint can only be used with a BoxCollider, SphereCollider, CapsuleCollider and a convex MeshCollider.
Physics.ClosestPoint can only be used with a BoxCollider, SphereCollider, CapsuleCollider and a convex MeshCollider.
Physics.ClosestPoint can only be used with a BoxCollider, SphereCollider, CapsuleCollider and a convex MeshCollider.
Physics.ClosestPoint can only be used with a BoxCollider, SphereCollider, CapsuleCollider and a convex MeshCollider.
Physics.ClosestPoint can only be used with a BoxCollider, SphereCollider, CapsuleCollider and a convex MeshCollider.
Physics.ClosestPoint can only be used with a BoxCollider, SphereCollider, CapsuleCollider and a convex MeshCollider.
Physics.ClosestPoint can only be used with a BoxCollider, SphereCollider, CapsuleCollider and a convex MeshCollider.
Physics.ClosestPoint can only be used with a BoxCollider, SphereCollider, CapsuleCollider and a convex MeshCollider.
Physics.ClosestPoint can only be used with a BoxCollider, SphereCollider, CapsuleCollider and a convex MeshCollider.
Physics.ClosestPoint can only be used with a BoxCollider, SphereCollider, CapsuleCollider and a convex MeshCollider.
Physics.ClosestPoint can only be used with a BoxCollider, SphereCollider, CapsuleCollider and a convex MeshCollider.
Physics.ClosestPoint can only be used with a BoxCollider, SphereCollider, CapsuleCollider and a convex MeshCollider.
Physics.ClosestPoint can only be used with a BoxCollider, SphereCollider, CapsuleCollider and a convex MeshCollider.
Physics.ClosestPoint can only be used with a BoxCollider, SphereCollider, CapsuleCollider and a convex MeshCollider.
Physics.ClosestPoint can only be used with a BoxCollider, SphereCollider, CapsuleCollider and a convex MeshCollider.
Physics.ClosestPoint can only be used with a BoxCollider, SphereCollider, CapsuleCollider and a convex MeshCollider.
Physics.ClosestPoint can only be used with a BoxCollider, SphereCollider, CapsuleCollider and a convex MeshCollider.
Physics.ClosestPoint can only be used with a BoxCollider, SphereCollider, CapsuleCollider and a convex MeshCollider.
Physics.ClosestPoint can only be used with a BoxCollider, SphereCollider, CapsuleCollider and a convex MeshCollider.
Physics.ClosestPoint can only be used with a BoxCollider, SphereCollider, CapsuleCollider and a convex MeshCollider.
Physics.ClosestPoint can only be used with a BoxCollider, SphereCollider, CapsuleCollider and a convex MeshCollider.
Physics.ClosestPoint can only be used with a BoxCollider, SphereCollider, CapsuleCollider and a convex MeshCollider.
Physics.ClosestPoint can only be used with a BoxCollider, SphereCollider, CapsuleCollider and a convex MeshCollider.
Physics.ClosestPoint can only be used with a BoxCollider, SphereCollider, CapsuleCollider and a convex MeshCollider.
]]></output>
              </test-case>
              <test-case id="1099" name="SavedRingChargesBeforeReleasingAndCancelsWithoutPhantomBlast" fullname="Elemental.Tests.PlayMode.HardPolishFireStreamBindingRuntimeTests.SavedRingChargesBeforeReleasingAndCancelsWithoutPhantomBlast" methodname="SavedRingChargesBeforeReleasingAndCancelsWithoutPhantomBlast" classname="Elemental.Tests.PlayMode.HardPolishFireStreamBindingRuntimeTests" runstate="Runnable" seed="1098224954" result="Passed" start-time="2026-09-09 20:16:18Z" end-time="2026-09-09 20:16:29Z" duration="11.095329" asserts="0">
                <properties>
                  <property name="_JOINTYPE" value="UnityCombinatorial" />
                  <property name="Timeout" value="240000" />
                  <property name="retryIteration" value="0" />
                  <property name="repeatIteration" value="0" />
                </properties>
                <output><![CDATA[Planet rock scatter seed 20260904: large 24/24, medium 160/160, clusters 128/128 (1515 cosmetic stones); rejected slots 0, surface attempts 3, overlap attempts 40.
[StartupCache] Scene ready in 2998.93ms; ground=exact baked base, cacheLoad=12.92ms, bakedPlans=4589, planMisses=0, cookedMeshes=13518/13518, backgroundCooking=630.39ms, peakCookingPoll=0.01ms; sync=ArenaInitialize=59.62ms/15;ArenaBevel=45.75ms/175;ArenaMeshPicking=1.47ms/175;WallAwake=117.25ms/1;WallPieceVisuals=74.24ms/40;PlatformPoolAwake=10.25ms/1;PlatformRuntimeMeshes=1.41ms/12;PillarPoolAwake=22.60ms/1;PillarMeshLibrary=4.34ms/1;PillarColumns=18.25ms/1;DebrisPoolAwake=178.85ms/1;HeroFragmentPoolAwake=14.16ms/1.
Physics.ClosestPoint can only be used with a BoxCollider, SphereCollider, CapsuleCollider and a convex MeshCollider.
Physics.ClosestPoint can only be used with a BoxCollider, SphereCollider, CapsuleCollider and a convex MeshCollider.
Physics.ClosestPoint can only be used with a BoxCollider, SphereCollider, CapsuleCollider and a convex MeshCollider.
Physics.ClosestPoint can only be used with a BoxCollider, SphereCollider, CapsuleCollider and a convex MeshCollider.
Physics.ClosestPoint can only be used with a BoxCollider, SphereCollider, CapsuleCollider and a convex MeshCollider.
Physics.ClosestPoint can only be used with a BoxCollider, SphereCollider, CapsuleCollider and a convex MeshCollider.
Physics.ClosestPoint can only be used with a BoxCollider, SphereCollider, CapsuleCollider and a convex MeshCollider.
Physics.ClosestPoint can only be used with a BoxCollider, SphereCollider, CapsuleCollider and a convex MeshCollider.
Physics.ClosestPoint can only be used with a BoxCollider, SphereCollider, CapsuleCollider and a convex MeshCollider.
Physics.ClosestPoint can only be used with a BoxCollider, SphereCollider, CapsuleCollider and a convex MeshCollider.
Physics.ClosestPoint can only be used with a BoxCollider, SphereCollider, CapsuleCollider and a convex MeshCollider.
Physics.ClosestPoint can only be used with a BoxCollider, SphereCollider, CapsuleCollider and a convex MeshCollider.
Physics.ClosestPoint can only be used with a BoxCollider, SphereCollider, CapsuleCollider and a convex MeshCollider.
Physics.ClosestPoint can only be used with a BoxCollider, SphereCollider, CapsuleCollider and a convex MeshCollider.
Physics.ClosestPoint can only be used with a BoxCollider, SphereCollider, CapsuleCollider and a convex MeshCollider.
Physics.ClosestPoint can only be used with a BoxCollider, SphereCollider, CapsuleCollider and a convex MeshCollider.
Physics.ClosestPoint can only be used with a BoxCollider, SphereCollider, CapsuleCollider and a convex MeshCollider.
Physics.ClosestPoint can only be used with a BoxCollider, SphereCollider, CapsuleCollider and a convex MeshCollider.
Physics.ClosestPoint can only be used with a BoxCollider, SphereCollider, CapsuleCollider and a convex MeshCollider.
Physics.ClosestPoint can only be used with a BoxCollider, SphereCollider, CapsuleCollider and a convex MeshCollider.
Physics.ClosestPoint can only be used with a BoxCollider, SphereCollider, CapsuleCollider and a convex MeshCollider.
Physics.ClosestPoint can only be used with a BoxCollider, SphereCollider, CapsuleCollider and a convex MeshCollider.
Physics.ClosestPoint can only be used with a BoxCollider, SphereCollider, CapsuleCollider and a convex MeshCollider.
Physics.ClosestPoint can only be used with a BoxCollider, SphereCollider, CapsuleCollider and a convex MeshCollider.
Physics.ClosestPoint can only be used with a BoxCollider, SphereCollider, CapsuleCollider and a convex MeshCollider.
Physics.ClosestPoint can only be used with a BoxCollider, SphereCollider, CapsuleCollider and a convex MeshCollider.
Physics.ClosestPoint can only be used with a BoxCollider, SphereCollider, CapsuleCollider and a convex MeshCollider.
Physics.ClosestPoint can only be used with a BoxCollider, SphereCollider, CapsuleCollider and a convex MeshCollider.
Physics.ClosestPoint can only be used with a BoxCollider, SphereCollider, CapsuleCollider and a convex MeshCollider.
Physics.ClosestPoint can only be used with a BoxCollider, SphereCollider, CapsuleCollider and a convex MeshCollider.
Physics.ClosestPoint can only be used with a BoxCollider, SphereCollider, CapsuleCollider and a convex MeshCollider.
Physics.ClosestPoint can only be used with a BoxCollider, SphereCollider, CapsuleCollider and a convex MeshCollider.
Physics.ClosestPoint can only be used with a BoxCollider, SphereCollider, CapsuleCollider and a convex MeshCollider.
Physics.ClosestPoint can only be used with a BoxCollider, SphereCollider, CapsuleCollider and a convex MeshCollider.
Physics.ClosestPoint can only be used with a BoxCollider, SphereCollider, CapsuleCollider and a convex MeshCollider.
Physics.ClosestPoint can only be used with a BoxCollider, SphereCollider, CapsuleCollider and a convex MeshCollider.
Physics.ClosestPoint can only be used with a BoxCollider, SphereCollider, CapsuleCollider and a convex MeshCollider.
Physics.ClosestPoint can only be used with a BoxCollider, SphereCollider, CapsuleCollider and a convex MeshCollider.
Physics.ClosestPoint can only be used with a BoxCollider, SphereCollider, CapsuleCollider and a convex MeshCollider.
Physics.ClosestPoint can only be used with a BoxCollider, SphereCollider, CapsuleCollider and a convex MeshCollider.
Physics.ClosestPoint can only be used with a BoxCollider, SphereCollider, CapsuleCollider and a convex MeshCollider.
Physics.ClosestPoint can only be used with a BoxCollider, SphereCollider, CapsuleCollider and a convex MeshCollider.
Physics.ClosestPoint can only be used with a BoxCollider, SphereCollider, CapsuleCollider and a convex MeshCollider.
Physics.ClosestPoint can only be used with a BoxCollider, SphereCollider, CapsuleCollider and a convex MeshCollider.
Physics.ClosestPoint can only be used with a BoxCollider, SphereCollider, CapsuleCollider and a convex MeshCollider.
Physics.ClosestPoint can only be used with a BoxCollider, SphereCollider, CapsuleCollider and a convex MeshCollider.
Physics.ClosestPoint can only be used with a BoxCollider, SphereCollider, CapsuleCollider and a convex MeshCollider.
Physics.ClosestPoint can only be used with a BoxCollider, SphereCollider, CapsuleCollider and a convex MeshCollider.
Physics.ClosestPoint can only be used with a BoxCollider, SphereCollider, CapsuleCollider and a convex MeshCollider.
Physics.ClosestPoint can only be used with a BoxCollider, SphereCollider, CapsuleCollider and a convex MeshCollider.
Physics.ClosestPoint can only be used with a BoxCollider, SphereCollider, CapsuleCollider and a convex MeshCollider.
Physics.ClosestPoint can only be used with a BoxCollider, SphereCollider, CapsuleCollider and a convex MeshCollider.
Physics.ClosestPoint can only be used with a BoxCollider, SphereCollider, CapsuleCollider and a convex MeshCollider.
Physics.ClosestPoint can only be used with a BoxCollider, SphereCollider, CapsuleCollider and a convex MeshCollider.
Physics.ClosestPoint can only be used with a BoxCollider, SphereCollider, CapsuleCollider and a convex MeshCollider.
Physics.ClosestPoint can only be used with a BoxCollider, SphereCollider, CapsuleCollider and a convex MeshCollider.
Physics.ClosestPoint can only be used with a BoxCollider, SphereCollider, CapsuleCollider and a convex MeshCollider.
Physics.ClosestPoint can only be used with a BoxCollider, SphereCollider, CapsuleCollider and a convex MeshCollider.
Physics.ClosestPoint can only be used with a BoxCollider, SphereCollider, CapsuleCollider and a convex MeshCollider.
Physics.ClosestPoint can only be used with a BoxCollider, SphereCollider, CapsuleCollider and a convex MeshCollider.
Physics.ClosestPoint can only be used with a BoxCollider, SphereCollider, CapsuleCollider and a convex MeshCollider.
Physics.ClosestPoint can only be used with a BoxCollider, SphereCollider, CapsuleCollider and a convex MeshCollider.
Physics.ClosestPoint can only be used with a BoxCollider, SphereCollider, CapsuleCollider and a convex MeshCollider.
Physics.ClosestPoint can only be used with a BoxCollider, SphereCollider, CapsuleCollider and a convex MeshCollider.
Physics.ClosestPoint can only be used with a BoxCollider, SphereCollider, CapsuleCollider and a convex MeshCollider.
Physics.ClosestPoint can only be used with a BoxCollider, SphereCollider, CapsuleCollider and a convex MeshCollider.
Physics.ClosestPoint can only be used with a BoxCollider, SphereCollider, CapsuleCollider and a convex MeshCollider.
Physics.ClosestPoint can only be used with a BoxCollider, SphereCollider, CapsuleCollider and a convex MeshCollider.
Physics.ClosestPoint can only be used with a BoxCollider, SphereCollider, CapsuleCollider and a convex MeshCollider.
Physics.ClosestPoint can only be used with a BoxCollider, SphereCollider, CapsuleCollider and a convex MeshCollider.
Physics.ClosestPoint can only be used with a BoxCollider, SphereCollider, CapsuleCollider and a convex MeshCollider.
Physics.ClosestPoint can only be used with a BoxCollider, SphereCollider, CapsuleCollider and a convex MeshCollider.
Physics.ClosestPoint can only be used with a BoxCollider, SphereCollider, CapsuleCollider and a convex MeshCollider.
Physics.ClosestPoint can only be used with a BoxCollider, SphereCollider, CapsuleCollider and a convex MeshCollider.
Physics.ClosestPoint can only be used with a BoxCollider, SphereCollider, CapsuleCollider and a convex MeshCollider.
Physics.ClosestPoint can only be used with a BoxCollider, SphereCollider, CapsuleCollider and a convex MeshCollider.
Physics.ClosestPoint can only be used with a BoxCollider, SphereCollider, CapsuleCollider and a convex MeshCollider.
Physics.ClosestPoint can only be used with a BoxCollider, SphereCollider, CapsuleCollider and a convex MeshCollider.
Physics.ClosestPoint can only be used with a BoxCollider, SphereCollider, CapsuleCollider and a convex MeshCollider.
Physics.ClosestPoint can only be used with a BoxCollider, SphereCollider, CapsuleCollider and a convex MeshCollider.
Physics.ClosestPoint can only be used with a BoxCollider, SphereCollider, CapsuleCollider and a convex MeshCollider.
Physics.ClosestPoint can only be used with a BoxCollider, SphereCollider, CapsuleCollider and a convex MeshCollider.
Physics.ClosestPoint can only be used with a BoxCollider, SphereCollider, CapsuleCollider and a convex MeshCollider.
Physics.ClosestPoint can only be used with a BoxCollider, SphereCollider, CapsuleCollider and a convex MeshCollider.
Physics.ClosestPoint can only be used with a BoxCollider, SphereCollider, CapsuleCollider and a convex MeshCollider.
Physics.ClosestPoint can only be used with a BoxCollider, SphereCollider, CapsuleCollider and a convex MeshCollider.
Physics.ClosestPoint can only be used with a BoxCollider, SphereCollider, CapsuleCollider and a convex MeshCollider.
Physics.ClosestPoint can only be used with a BoxCollider, SphereCollider, CapsuleCollider and a convex MeshCollider.
Physics.ClosestPoint can only be used with a BoxCollider, SphereCollider, CapsuleCollider and a convex MeshCollider.
Physics.ClosestPoint can only be used with a BoxCollider, SphereCollider, CapsuleCollider and a convex MeshCollider.
Physics.ClosestPoint can only be used with a BoxCollider, SphereCollider, CapsuleCollider and a convex MeshCollider.
Physics.ClosestPoint can only be used with a BoxCollider, SphereCollider, CapsuleCollider and a convex MeshCollider.
Physics.ClosestPoint can only be used with a BoxCollider, SphereCollider, CapsuleCollider and a convex MeshCollider.
Physics.ClosestPoint can only be used with a BoxCollider, SphereCollider, CapsuleCollider and a convex MeshCollider.
Physics.ClosestPoint can only be used with a BoxCollider, SphereCollider, CapsuleCollider and a convex MeshCollider.
Physics.ClosestPoint can only be used with a BoxCollider, SphereCollider, CapsuleCollider and a convex MeshCollider.
Physics.ClosestPoint can only be used with a BoxCollider, SphereCollider, CapsuleCollider and a convex MeshCollider.
Physics.ClosestPoint can only be used with a BoxCollider, SphereCollider, CapsuleCollider and a convex MeshCollider.
Physics.ClosestPoint can only be used with a BoxCollider, SphereCollider, CapsuleCollider and a convex MeshCollider.
Physics.ClosestPoint can only be used with a BoxCollider, SphereCollider, CapsuleCollider and a convex MeshCollider.
Physics.ClosestPoint can only be used with a BoxCollider, SphereCollider, CapsuleCollider and a convex MeshCollider.
Physics.ClosestPoint can only be used with a BoxCollider, SphereCollider, CapsuleCollider and a convex MeshCollider.
Physics.ClosestPoint can only be used with a BoxCollider, SphereCollider, CapsuleCollider and a convex MeshCollider.
Physics.ClosestPoint can only be used with a BoxCollider, SphereCollider, CapsuleCollider and a convex MeshCollider.
Physics.ClosestPoint can only be used with a BoxCollider, SphereCollider, CapsuleCollider and a convex MeshCollider.
Physics.ClosestPoint can only be used with a BoxCollider, SphereCollider, CapsuleCollider and a convex MeshCollider.
Physics.ClosestPoint can only be used with a BoxCollider, SphereCollider, CapsuleCollider and a convex MeshCollider.
Physics.ClosestPoint can only be used with a BoxCollider, SphereCollider, CapsuleCollider and a convex MeshCollider.
Physics.ClosestPoint can only be used with a BoxCollider, SphereCollider, CapsuleCollider and a convex MeshCollider.
Physics.ClosestPoint can only be used with a BoxCollider, SphereCollider, CapsuleCollider and a convex MeshCollider.
Physics.ClosestPoint can only be used with a BoxCollider, SphereCollider, CapsuleCollider and a convex MeshCollider.
Physics.ClosestPoint can only be used with a BoxCollider, SphereCollider, CapsuleCollider and a convex MeshCollider.
Physics.ClosestPoint can only be used with a BoxCollider, SphereCollider, CapsuleCollider and a convex MeshCollider.
Physics.ClosestPoint can only be used with a BoxCollider, SphereCollider, CapsuleCollider and a convex MeshCollider.
Physics.ClosestPoint can only be used with a BoxCollider, SphereCollider, CapsuleCollider and a convex MeshCollider.
Physics.ClosestPoint can only be used with a BoxCollider, SphereCollider, CapsuleCollider and a convex MeshCollider.
Physics.ClosestPoint can only be used with a BoxCollider, SphereCollider, CapsuleCollider and a convex MeshCollider.
Physics.ClosestPoint can only be used with a BoxCollider, SphereCollider, CapsuleCollider and a convex MeshCollider.
Physics.ClosestPoint can only be used with a BoxCollider, SphereCollider, CapsuleCollider and a convex MeshCollider.
Physics.ClosestPoint can only be used with a BoxCollider, SphereCollider, CapsuleCollider and a convex MeshCollider.
Physics.ClosestPoint can only be used with a BoxCollider, SphereCollider, CapsuleCollider and a convex MeshCollider.
Physics.ClosestPoint can only be used with a BoxCollider, SphereCollider, CapsuleCollider and a convex MeshCollider.
Physics.ClosestPoint can only be used with a BoxCollider, SphereCollider, CapsuleCollider and a convex MeshCollider.
Physics.ClosestPoint can only be used with a BoxCollider, SphereCollider, CapsuleCollider and a convex MeshCollider.
Physics.ClosestPoint can only be used with a BoxCollider, SphereCollider, CapsuleCollider and a convex MeshCollider.
Physics.ClosestPoint can only be used with a BoxCollider, SphereCollider, CapsuleCollider and a convex MeshCollider.
Physics.ClosestPoint can only be used with a BoxCollider, SphereCollider, CapsuleCollider and a convex MeshCollider.
Physics.ClosestPoint can only be used with a BoxCollider, SphereCollider, CapsuleCollider and a convex MeshCollider.
Physics.ClosestPoint can only be used with a BoxCollider, SphereCollider, CapsuleCollider and a convex MeshCollider.
Physics.ClosestPoint can only be used with a BoxCollider, SphereCollider, CapsuleCollider and a convex MeshCollider.
Physics.ClosestPoint can only be used with a BoxCollider, SphereCollider, CapsuleCollider and a convex MeshCollider.
Physics.ClosestPoint can only be used with a BoxCollider, SphereCollider, CapsuleCollider and a convex MeshCollider.
Physics.ClosestPoint can only be used with a BoxCollider, SphereCollider, CapsuleCollider and a convex MeshCollider.
Physics.ClosestPoint can only be used with a BoxCollider, SphereCollider, CapsuleCollider and a convex MeshCollider.
Physics.ClosestPoint can only be used with a BoxCollider, SphereCollider, CapsuleCollider and a convex MeshCollider.
Physics.ClosestPoint can only be used with a BoxCollider, SphereCollider, CapsuleCollider and a convex MeshCollider.
Physics.ClosestPoint can only be used with a BoxCollider, SphereCollider, CapsuleCollider and a convex MeshCollider.
Physics.ClosestPoint can only be used with a BoxCollider, SphereCollider, CapsuleCollider and a convex MeshCollider.
Physics.ClosestPoint can only be used with a BoxCollider, SphereCollider, CapsuleCollider and a convex MeshCollider.
Physics.ClosestPoint can only be used with a BoxCollider, SphereCollider, CapsuleCollider and a convex MeshCollider.
Physics.ClosestPoint can only be used with a BoxCollider, SphereCollider, CapsuleCollider and a convex MeshCollider.
Physics.ClosestPoint can only be used with a BoxCollider, SphereCollider, CapsuleCollider and a convex MeshCollider.
Physics.ClosestPoint can only be used with a BoxCollider, SphereCollider, CapsuleCollider and a convex MeshCollider.
Physics.ClosestPoint can only be used with a BoxCollider, SphereCollider, CapsuleCollider and a convex MeshCollider.
Physics.ClosestPoint can only be used with a BoxCollider, SphereCollider, CapsuleCollider and a convex MeshCollider.
Physics.ClosestPoint can only be used with a BoxCollider, SphereCollider, CapsuleCollider and a convex MeshCollider.
Physics.ClosestPoint can only be used with a BoxCollider, SphereCollider, CapsuleCollider and a convex MeshCollider.
Physics.ClosestPoint can only be used with a BoxCollider, SphereCollider, CapsuleCollider and a convex MeshCollider.
Physics.ClosestPoint can only be used with a BoxCollider, SphereCollider, CapsuleCollider and a convex MeshCollider.
Physics.ClosestPoint can only be used with a BoxCollider, SphereCollider, CapsuleCollider and a convex MeshCollider.
Physics.ClosestPoint can only be used with a BoxCollider, SphereCollider, CapsuleCollider and a convex MeshCollider.
Physics.ClosestPoint can only be used with a BoxCollider, SphereCollider, CapsuleCollider and a convex MeshCollider.
Physics.ClosestPoint can only be used with a BoxCollider, SphereCollider, CapsuleCollider and a convex MeshCollider.
Physics.ClosestPoint can only be used with a BoxCollider, SphereCollider, CapsuleCollider and a convex MeshCollider.
Physics.ClosestPoint can only be used with a BoxCollider, SphereCollider, CapsuleCollider and a convex MeshCollider.
Physics.ClosestPoint can only be used with a BoxCollider, SphereCollider, CapsuleCollider and a convex MeshCollider.
Physics.ClosestPoint can only be used with a BoxCollider, SphereCollider, CapsuleCollider and a convex MeshCollider.
Physics.ClosestPoint can only be used with a BoxCollider, SphereCollider, CapsuleCollider and a convex MeshCollider.
Physics.ClosestPoint can only be used with a BoxCollider, SphereCollider, CapsuleCollider and a convex MeshCollider.
Physics.ClosestPoint can only be used with a BoxCollider, SphereCollider, CapsuleCollider and a convex MeshCollider.
Physics.ClosestPoint can only be used with a BoxCollider, SphereCollider, CapsuleCollider and a convex MeshCollider.
Physics.ClosestPoint can only be used with a BoxCollider, SphereCollider, CapsuleCollider and a convex MeshCollider.
Physics.ClosestPoint can only be used with a BoxCollider, SphereCollider, CapsuleCollider and a convex MeshCollider.
Physics.ClosestPoint can only be used with a BoxCollider, SphereCollider, CapsuleCollider and a convex MeshCollider.
Physics.ClosestPoint can only be used with a BoxCollider, SphereCollider, CapsuleCollider and a convex MeshCollider.
Physics.ClosestPoint can only be used with a BoxCollider, SphereCollider, CapsuleCollider and a convex MeshCollider.
Physics.ClosestPoint can only be used with a BoxCollider, SphereCollider, CapsuleCollider and a convex MeshCollider.
Physics.ClosestPoint can only be used with a BoxCollider, SphereCollider, CapsuleCollider and a convex MeshCollider.
Physics.ClosestPoint can only be used with a BoxCollider, SphereCollider, CapsuleCollider and a convex MeshCollider.
Saving results to: C:\Users\nirrt\OneDrive\Документы\ChatGPT\El Ements\El-Emental\BuildReports\HardPolish\Native050-SurfaceFlameDensity\results.xml
]]></output>
              </test-case>
            </test-suite>
          </test-suite>
        </test-suite>
      </test-suite>
    </test-suite>
  </test-suite>
</test-run>